<?xml version="1.0" encoding="UTF-8"?>
<TestRun id="ba185cff-7551-4e12-b998-70dd89c8f4a7" name="Steven@2TAFFY 2012-02-04 17:03:12" runUser="2taffy\Steven" xmlns="http://microsoft.com/schemas/VisualStudio/TeamTest/2010">
  <TestSettings name="Default Test Settings" id="bef0cba8-03f0-4319-9ba2-419085e960e0">
    <Deployment runDeploymentRoot="Steven_2TAFFY 2012-02-04 17_03_12">
      <DeploymentItem filename="C:\Users\Steven\Documents\Visual Studio 2010\Projects\Solarsplash Dataviewer\Solarsplash Dataviewer\bin\Solarsplash Dataviewer.dll" />
      <DeploymentItem filename="C:\Users\Steven\Documents\Visual Studio 2010\Projects\Solarsplash Dataviewer\Solarsplash Dataviewer.Tests\bin\Debug\EntityFramework.dll" />
    </Deployment>
    <Execution>
      <TestTypeSpecific />
      <AgentRule name="Execution Agents">
      </AgentRule>
    </Execution>
  </TestSettings>
  <Times creation="2012-02-04T17:03:12.9091796-05:00" queuing="2012-02-04T17:03:16.4267578-05:00" start="2012-02-04T17:03:16.8955078-05:00" finish="2012-02-04T17:03:35.0517578-05:00" />
  <ResultSummary outcome="Error">
    <Counters total="3" executed="1" error="0" failed="0" timeout="0" aborted="1" inconclusive="0" passedButRunAborted="0" notRunnable="0" notExecuted="2" disconnected="0" warning="0" passed="0" completed="0" inProgress="0" pending="0" />
    <RunInfos>
      <RunInfo computerName="2TAFFY" outcome="Error" timestamp="2012-02-04T17:03:35.0517578-05:00">
        <Text>Test host process exited unexpectedly.</Text>
      </RunInfo>
    </RunInfos>
  </ResultSummary>
  <TestDefinitions>
    <UnitTest name="About" storage="c:\users\steven\documents\visual studio 2010\projects\solarsplash dataviewer\solarsplash dataviewer.tests\bin\debug\solarsplash dataviewer.tests.dll" id="742ecd9b-4223-8fd5-5396-765d0ac32906">
      <Execution id="5919faba-3bbf-4dd8-a99a-7d725e503693" />
      <TestMethod codeBase="C:/Users/Steven/Documents/Visual Studio 2010/Projects/Solarsplash Dataviewer/Solarsplash Dataviewer.Tests/bin/Debug/Solarsplash Dataviewer.Tests.DLL" adapterTypeName="Microsoft.VisualStudio.TestTools.TestTypes.Unit.UnitTestAdapter, Microsoft.VisualStudio.QualityTools.Tips.UnitTest.Adapter, Version=10.0.0.0, Culture=neutral, PublicKeyToken=b03f5f7f11d50a3a" className="Solarsplash_Dataviewer.Tests.Controllers.HomeControllerTest, Solarsplash Dataviewer.Tests, Version=1.0.0.0, Culture=neutral, PublicKeyToken=null" name="About" />
    </UnitTest>
    <UnitTest name="Index" storage="c:\users\steven\documents\visual studio 2010\projects\solarsplash dataviewer\solarsplash dataviewer.tests\bin\debug\solarsplash dataviewer.tests.dll" id="af1388b0-4847-1118-ee40-47d21b95fceb">
      <Execution id="07b3c10f-b4f3-4651-a616-cefe33c2951e" />
      <TestMethod codeBase="C:/Users/Steven/Documents/Visual Studio 2010/Projects/Solarsplash Dataviewer/Solarsplash Dataviewer.Tests/bin/Debug/Solarsplash Dataviewer.Tests.DLL" adapterTypeName="Microsoft.VisualStudio.TestTools.TestTypes.Unit.UnitTestAdapter, Microsoft.VisualStudio.QualityTools.Tips.UnitTest.Adapter, Version=10.0.0.0, Culture=neutral, PublicKeyToken=b03f5f7f11d50a3a" className="Solarsplash_Dataviewer.Tests.Controllers.HomeControllerTest, Solarsplash Dataviewer.Tests, Version=1.0.0.0, Culture=neutral, PublicKeyToken=null" name="Index" />
    </UnitTest>
    <UnitTest name="readFileToDBTest" storage="c:\users\steven\documents\visual studio 2010\projects\solarsplash dataviewer\solarsplash dataviewer.tests\bin\debug\solarsplash dataviewer.tests.dll" id="499fc7d8-6886-2aa1-b049-7d3c4821a351">
      <DeploymentItems>
        <DeploymentItem filename="Solarsplash Dataviewer.dll" />
      </DeploymentItems>
      <Execution id="c7283509-7074-4f03-ad1b-db37c64c9f95" />
      <TestMethod codeBase="C:/Users/Steven/Documents/Visual Studio 2010/Projects/Solarsplash Dataviewer/Solarsplash Dataviewer.Tests/bin/Debug/Solarsplash Dataviewer.Tests.DLL" adapterTypeName="Microsoft.VisualStudio.TestTools.TestTypes.Unit.UnitTestAdapter, Microsoft.VisualStudio.QualityTools.Tips.UnitTest.Adapter, Version=10.0.0.0, Culture=neutral, PublicKeyToken=b03f5f7f11d50a3a" className="Solarsplash_Dataviewer.Tests.CVSToDatabaseTest, Solarsplash Dataviewer.Tests, Version=1.0.0.0, Culture=neutral, PublicKeyToken=null" name="readFileToDBTest" />
    </UnitTest>
  </TestDefinitions>
  <TestLists>
    <TestList name="Results Not in a List" id="8c84fa94-04c1-424b-9868-57a2d4851a1d" />
    <TestList name="All Loaded Results" id="19431567-8539-422a-85d7-44ee4e166bda" />
  </TestLists>
  <TestEntries>
    <TestEntry testId="499fc7d8-6886-2aa1-b049-7d3c4821a351" executionId="c7283509-7074-4f03-ad1b-db37c64c9f95" testListId="8c84fa94-04c1-424b-9868-57a2d4851a1d" />
    <TestEntry testId="742ecd9b-4223-8fd5-5396-765d0ac32906" executionId="5919faba-3bbf-4dd8-a99a-7d725e503693" testListId="8c84fa94-04c1-424b-9868-57a2d4851a1d" />
    <TestEntry testId="af1388b0-4847-1118-ee40-47d21b95fceb" executionId="07b3c10f-b4f3-4651-a616-cefe33c2951e" testListId="8c84fa94-04c1-424b-9868-57a2d4851a1d" />
  </TestEntries>
  <Results>
    <UnitTestResult executionId="c7283509-7074-4f03-ad1b-db37c64c9f95" testId="499fc7d8-6886-2aa1-b049-7d3c4821a351" testName="readFileToDBTest" computerName="2TAFFY" duration="00:00:17.4687500" startTime="2012-02-04T17:03:17.5830078-05:00" endTime="2012-02-04T17:03:35.0517578-05:00" testType="13cdc9d9-ddb5-4fa4-a97d-d965ccfc6d4b" outcome="Aborted" testListId="8c84fa94-04c1-424b-9868-57a2d4851a1d" relativeResultsDirectory="c7283509-7074-4f03-ad1b-db37c64c9f95">
    </UnitTestResult>
    <UnitTestResult executionId="5919faba-3bbf-4dd8-a99a-7d725e503693" testId="742ecd9b-4223-8fd5-5396-765d0ac32906" testName="About" computerName="2TAFFY" testType="13cdc9d9-ddb5-4fa4-a97d-d965ccfc6d4b" outcome="NotExecuted" testListId="8c84fa94-04c1-424b-9868-57a2d4851a1d" relativeResultsDirectory="5919faba-3bbf-4dd8-a99a-7d725e503693">
    </UnitTestResult>
    <UnitTestResult executionId="07b3c10f-b4f3-4651-a616-cefe33c2951e" testId="af1388b0-4847-1118-ee40-47d21b95fceb" testName="Index" computerName="2TAFFY" testType="13cdc9d9-ddb5-4fa4-a97d-d965ccfc6d4b" outcome="NotExecuted" testListId="8c84fa94-04c1-424b-9868-57a2d4851a1d" relativeResultsDirectory="07b3c10f-b4f3-4651-a616-cefe33c2951e">
    </UnitTestResult>
  </Results>
</TestRun>