<?xml version="1.0" encoding="UTF-8"?>
<TestRun id="45fbe988-6765-4d73-adef-53ee8db056f8" name="Steven@2TAFFY 2012-03-20 23:28:47" runUser="2taffy\Steven" xmlns="http://microsoft.com/schemas/VisualStudio/TeamTest/2010">
  <TestSettings name="Default Test Settings" id="e75d0606-f95f-48fb-bf3f-fe6f33cc6016">
    <Deployment runDeploymentRoot="Steven_2TAFFY 2012-03-20 23_28_47">
      <DeploymentItem filename="C:\Users\Steven\Documents\Visual Studio 2010\Projects\Solarsplash Dataviewer\Solarsplash Dataviewer\bin\Solarsplash Dataviewer.dll" />
      <DeploymentItem filename="C:\Users\Steven\Documents\Visual Studio 2010\Projects\Solarsplash Dataviewer\Solarsplash Dataviewer.Tests\bin\Debug\EntityFramework.dll" />
    </Deployment>
    <Execution>
      <TestTypeSpecific />
      <AgentRule name="Execution Agents">
      </AgentRule>
    </Execution>
  </TestSettings>
  <Times creation="2012-03-20T23:28:47.8342031-04:00" queuing="2012-03-20T23:28:48.2404531-04:00" start="2012-03-20T23:28:48.2717031-04:00" finish="2012-03-20T23:28:48.8967031-04:00" />
  <ResultSummary outcome="Failed">
    <Counters total="1" executed="1" error="0" failed="1" timeout="0" aborted="0" inconclusive="0" passedButRunAborted="0" notRunnable="0" notExecuted="0" disconnected="0" warning="0" passed="0" completed="0" inProgress="0" pending="0" />
  </ResultSummary>
  <TestDefinitions>
    <UnitTest name="buildTest_build_objects_into_RunData_object" storage="c:\users\steven\documents\visual studio 2010\projects\solarsplash dataviewer\solarsplash dataviewer.tests\bin\debug\solarsplash dataviewer.tests.dll" id="8a84cd02-6de2-b184-86b5-d8217a1a4d75">
      <Execution id="b668ba3d-44d1-45ee-b7c3-5d163aafa982" />
      <TestMethod codeBase="C:/Users/Steven/Documents/Visual Studio 2010/Projects/Solarsplash Dataviewer/Solarsplash Dataviewer.Tests/bin/Debug/Solarsplash Dataviewer.Tests.DLL" adapterTypeName="Microsoft.VisualStudio.TestTools.TestTypes.Unit.UnitTestAdapter, Microsoft.VisualStudio.QualityTools.Tips.UnitTest.Adapter, Version=10.0.0.0, Culture=neutral, PublicKeyToken=b03f5f7f11d50a3a" className="Solarsplash_Dataviewer.Tests.build_analyzersTest, Solarsplash Dataviewer.Tests, Version=1.0.0.0, Culture=neutral, PublicKeyToken=null" name="buildTest_build_objects_into_RunData_object" />
    </UnitTest>
  </TestDefinitions>
  <TestLists>
    <TestList name="Results Not in a List" id="8c84fa94-04c1-424b-9868-57a2d4851a1d" />
    <TestList name="All Loaded Results" id="19431567-8539-422a-85d7-44ee4e166bda" />
  </TestLists>
  <TestEntries>
    <TestEntry testId="8a84cd02-6de2-b184-86b5-d8217a1a4d75" executionId="b668ba3d-44d1-45ee-b7c3-5d163aafa982" testListId="8c84fa94-04c1-424b-9868-57a2d4851a1d" />
  </TestEntries>
  <Results>
    <UnitTestResult executionId="b668ba3d-44d1-45ee-b7c3-5d163aafa982" testId="8a84cd02-6de2-b184-86b5-d8217a1a4d75" testName="buildTest_build_objects_into_RunData_object" computerName="2TAFFY" duration="00:00:00.0726920" startTime="2012-03-20T23:28:48.3029531-04:00" endTime="2012-03-20T23:28:48.8342031-04:00" testType="13cdc9d9-ddb5-4fa4-a97d-d965ccfc6d4b" outcome="Failed" testListId="8c84fa94-04c1-424b-9868-57a2d4851a1d" relativeResultsDirectory="b668ba3d-44d1-45ee-b7c3-5d163aafa982">
      <Output>
        <ErrorInfo>
          <Message>Test method Solarsplash_Dataviewer.Tests.build_analyzersTest.buildTest_build_objects_into_RunData_object threw exception: 
System.NullReferenceException: Object reference not set to an instance of an object.</Message>
          <StackTrace>    at Solarsplash_Dataviewer.Tests.build_analyzersTest.buildTest_build_objects_into_RunData_object() in C:\Users\Steven\Documents\Visual Studio 2010\Projects\Solarsplash Dataviewer\Solarsplash Dataviewer.Tests\build_analyzersTest.cs:line 89
</StackTrace>
        </ErrorInfo>
      </Output>
    </UnitTestResult>
  </Results>
</TestRun>