<?xml version="1.0" encoding="UTF-8"?>
<TestRun id="671eaf6d-4454-492c-a4e4-0610b70dbf23" name="Steven@2TAFFY 2012-02-25 22:00:45" runUser="2taffy\Steven" xmlns="http://microsoft.com/schemas/VisualStudio/TeamTest/2010">
  <TestSettings name="Default Test Settings" id="319ec3cd-6604-4c29-b7b8-e05b344f9b4d">
    <Deployment runDeploymentRoot="Steven_2TAFFY 2012-02-25 22_00_45">
      <DeploymentItem filename="C:\Users\Steven\Documents\Visual Studio 2010\Projects\Solarsplash Dataviewer\Solarsplash Dataviewer\bin\Solarsplash Dataviewer.dll" />
      <DeploymentItem filename="C:\Users\Steven\Documents\Visual Studio 2010\Projects\Solarsplash Dataviewer\Solarsplash Dataviewer.Tests\bin\Debug\EntityFramework.dll" />
    </Deployment>
    <Execution>
      <TestTypeSpecific />
      <AgentRule name="Execution Agents">
      </AgentRule>
    </Execution>
  </TestSettings>
  <Times creation="2012-02-25T22:00:45.2373046-05:00" queuing="2012-02-25T22:00:48.3271484-05:00" start="2012-02-25T22:00:48.6718750-05:00" finish="2012-02-25T22:01:10.5253906-05:00" />
  <ResultSummary outcome="Error">
    <Counters total="1" executed="1" error="0" failed="0" timeout="0" aborted="1" inconclusive="0" passedButRunAborted="0" notRunnable="0" notExecuted="0" disconnected="0" warning="0" passed="0" completed="0" inProgress="0" pending="0" />
    <RunInfos>
      <RunInfo computerName="2TAFFY" outcome="Error" timestamp="2012-02-25T22:01:10.5253906-05:00">
        <Text>Test host process exited unexpectedly.</Text>
      </RunInfo>
    </RunInfos>
  </ResultSummary>
  <TestDefinitions>
    <UnitTest name="Add_data_element_from_get" storage="c:\users\steven\documents\visual studio 2010\projects\solarsplash dataviewer\solarsplash dataviewer.tests\bin\debug\solarsplash dataviewer.tests.dll" id="15c31b55-effd-73ab-1e7e-1684cb858faf">
      <Execution id="bfa08c8d-178f-4992-9e53-c2018ae36b20" />
      <TestMethod codeBase="C:/Users/Steven/Documents/Visual Studio 2010/Projects/Solarsplash Dataviewer/Solarsplash Dataviewer.Tests/bin/Debug/Solarsplash Dataviewer.Tests.DLL" adapterTypeName="Microsoft.VisualStudio.TestTools.TestTypes.Unit.UnitTestAdapter, Microsoft.VisualStudio.QualityTools.Tips.UnitTest.Adapter, Version=10.0.0.0, Culture=neutral, PublicKeyToken=b03f5f7f11d50a3a" className="Solarsplash_Dataviewer.Tests.POST_DataControllerTest, Solarsplash Dataviewer.Tests, Version=1.0.0.0, Culture=neutral, PublicKeyToken=null" name="Add_data_element_from_get" />
    </UnitTest>
  </TestDefinitions>
  <TestLists>
    <TestList name="Results Not in a List" id="8c84fa94-04c1-424b-9868-57a2d4851a1d" />
    <TestList name="All Loaded Results" id="19431567-8539-422a-85d7-44ee4e166bda" />
  </TestLists>
  <TestEntries>
    <TestEntry testId="15c31b55-effd-73ab-1e7e-1684cb858faf" executionId="bfa08c8d-178f-4992-9e53-c2018ae36b20" testListId="8c84fa94-04c1-424b-9868-57a2d4851a1d" />
  </TestEntries>
  <Results>
    <UnitTestResult executionId="bfa08c8d-178f-4992-9e53-c2018ae36b20" testId="15c31b55-effd-73ab-1e7e-1684cb858faf" testName="Add_data_element_from_get" computerName="2TAFFY" duration="00:00:21.5449219" startTime="2012-02-25T22:00:48.9804687-05:00" endTime="2012-02-25T22:01:10.5253906-05:00" testType="13cdc9d9-ddb5-4fa4-a97d-d965ccfc6d4b" outcome="Aborted" testListId="8c84fa94-04c1-424b-9868-57a2d4851a1d" relativeResultsDirectory="bfa08c8d-178f-4992-9e53-c2018ae36b20">
    </UnitTestResult>
  </Results>
</TestRun>