<?xml version="1.0" encoding="UTF-8"?>
<TestRun id="9e58e5df-7be1-478f-a486-01cf5b63f839" name="Steven@2TAFFY 2012-03-31 22:30:32" runUser="2taffy\Steven" xmlns="http://microsoft.com/schemas/VisualStudio/TeamTest/2010">
  <TestSettings name="Default Test Settings" id="73de18cd-e1e1-4f6a-a248-b30298e678a8">
    <Deployment runDeploymentRoot="Steven_2TAFFY 2012-03-31 22_30_32">
      <DeploymentItem filename="C:\Users\Steven\Documents\Visual Studio 2010\Projects\Solarsplash Dataviewer\Solarsplash Dataviewer\bin\Solarsplash Dataviewer.dll" />
      <DeploymentItem filename="C:\Users\Steven\Documents\Visual Studio 2010\Projects\Solarsplash Dataviewer\Solarsplash Dataviewer.Tests\bin\Debug\EntityFramework.dll" />
    </Deployment>
    <Execution>
      <TestTypeSpecific />
      <AgentRule name="Execution Agents">
      </AgentRule>
    </Execution>
  </TestSettings>
  <Times creation="2012-03-31T22:30:32.2763671-04:00" queuing="2012-03-31T22:30:33.0263671-04:00" start="2012-03-31T22:30:33.0576171-04:00" finish="2012-03-31T22:30:37.1826171-04:00" />
  <ResultSummary outcome="Completed">
    <Counters total="1" executed="1" passed="1" error="0" failed="0" timeout="0" aborted="0" inconclusive="0" passedButRunAborted="0" notRunnable="0" notExecuted="0" disconnected="0" warning="0" completed="0" inProgress="0" pending="0" />
  </ResultSummary>
  <TestDefinitions>
    <UnitTest name="Test_deletion_of_DataLabels_when_RunData_is_deleted" storage="c:\users\steven\documents\visual studio 2010\projects\solarsplash dataviewer\solarsplash dataviewer.tests\bin\debug\solarsplash dataviewer.tests.dll" id="fcc1cf6f-7aa7-aba7-85b7-6188ff53d476">
      <DeploymentItems>
        <DeploymentItem filename="Solarsplash Dataviewer.dll" />
      </DeploymentItems>
      <Execution id="bf2abe74-9f7b-4152-a7ef-a2e096d667ce" />
      <TestMethod codeBase="C:/Users/Steven/Documents/Visual Studio 2010/Projects/Solarsplash Dataviewer/Solarsplash Dataviewer.Tests/bin/Debug/Solarsplash Dataviewer.Tests.DLL" adapterTypeName="Microsoft.VisualStudio.TestTools.TestTypes.Unit.UnitTestAdapter, Microsoft.VisualStudio.QualityTools.Tips.UnitTest.Adapter, Version=10.0.0.0, Culture=neutral, PublicKeyToken=b03f5f7f11d50a3a" className="Solarsplash_Dataviewer.Tests.SolarsplashEntitiesTest, Solarsplash Dataviewer.Tests, Version=1.0.0.0, Culture=neutral, PublicKeyToken=null" name="Test_deletion_of_DataLabels_when_RunData_is_deleted" />
    </UnitTest>
  </TestDefinitions>
  <TestLists>
    <TestList name="Results Not in a List" id="8c84fa94-04c1-424b-9868-57a2d4851a1d" />
    <TestList name="All Loaded Results" id="19431567-8539-422a-85d7-44ee4e166bda" />
  </TestLists>
  <TestEntries>
    <TestEntry testId="fcc1cf6f-7aa7-aba7-85b7-6188ff53d476" executionId="bf2abe74-9f7b-4152-a7ef-a2e096d667ce" testListId="8c84fa94-04c1-424b-9868-57a2d4851a1d" />
  </TestEntries>
  <Results>
    <UnitTestResult executionId="bf2abe74-9f7b-4152-a7ef-a2e096d667ce" testId="fcc1cf6f-7aa7-aba7-85b7-6188ff53d476" testName="Test_deletion_of_DataLabels_when_RunData_is_deleted" computerName="2TAFFY" duration="00:00:03.5930480" startTime="2012-03-31T22:30:33.0888671-04:00" endTime="2012-03-31T22:30:37.1357421-04:00" testType="13cdc9d9-ddb5-4fa4-a97d-d965ccfc6d4b" outcome="Passed" testListId="8c84fa94-04c1-424b-9868-57a2d4851a1d" relativeResultsDirectory="bf2abe74-9f7b-4152-a7ef-a2e096d667ce">
    </UnitTestResult>
  </Results>
</TestRun>