<?xml version="1.0" encoding="UTF-8"?>
<TestRun id="0989a6c8-caa8-4e6b-b1e8-f24a504aeca9" name="Steven@2TAFFY 2012-02-25 22:35:19" runUser="2taffy\Steven" xmlns="http://microsoft.com/schemas/VisualStudio/TeamTest/2010">
  <TestSettings name="Default Test Settings" id="40afbe75-27b9-4e4c-bafe-dfcf40e86be0">
    <Deployment runDeploymentRoot="Steven_2TAFFY 2012-02-25 22_35_19">
      <DeploymentItem filename="C:\Users\Steven\Documents\Visual Studio 2010\Projects\Solarsplash Dataviewer\Solarsplash Dataviewer\bin\Solarsplash Dataviewer.dll" />
      <DeploymentItem filename="C:\Users\Steven\Documents\Visual Studio 2010\Projects\Solarsplash Dataviewer\Solarsplash Dataviewer.Tests\bin\Debug\EntityFramework.dll" />
    </Deployment>
    <Execution>
      <TestTypeSpecific />
      <AgentRule name="Execution Agents">
      </AgentRule>
    </Execution>
  </TestSettings>
  <Times creation="2012-02-25T22:35:19.4921875-05:00" queuing="2012-02-25T22:35:21.5859375-05:00" start="2012-02-25T22:35:21.9296875-05:00" finish="2012-02-25T22:35:24.8203125-05:00" />
  <ResultSummary outcome="Completed">
    <Counters total="1" executed="1" passed="1" error="0" failed="0" timeout="0" aborted="0" inconclusive="0" passedButRunAborted="0" notRunnable="0" notExecuted="0" disconnected="0" warning="0" completed="0" inProgress="0" pending="0" />
  </ResultSummary>
  <TestDefinitions>
    <UnitTest name="AddRun_test_add_new_run_to_database" storage="c:\users\steven\documents\visual studio 2010\projects\solarsplash dataviewer\solarsplash dataviewer.tests\bin\debug\solarsplash dataviewer.tests.dll" id="d2f3a139-e786-e653-a40d-974ae24e7b5d">
      <Execution id="cf6ed9ba-852f-438a-b5ab-6b80b5c12b7a" />
      <TestMethod codeBase="C:/Users/Steven/Documents/Visual Studio 2010/Projects/Solarsplash Dataviewer/Solarsplash Dataviewer.Tests/bin/Debug/Solarsplash Dataviewer.Tests.DLL" adapterTypeName="Microsoft.VisualStudio.TestTools.TestTypes.Unit.UnitTestAdapter, Microsoft.VisualStudio.QualityTools.Tips.UnitTest.Adapter, Version=10.0.0.0, Culture=neutral, PublicKeyToken=b03f5f7f11d50a3a" className="Solarsplash_Dataviewer.Tests.POST_DataControllerTest, Solarsplash Dataviewer.Tests, Version=1.0.0.0, Culture=neutral, PublicKeyToken=null" name="AddRun_test_add_new_run_to_database" />
    </UnitTest>
  </TestDefinitions>
  <TestLists>
    <TestList name="Results Not in a List" id="8c84fa94-04c1-424b-9868-57a2d4851a1d" />
    <TestList name="All Loaded Results" id="19431567-8539-422a-85d7-44ee4e166bda" />
  </TestLists>
  <TestEntries>
    <TestEntry testId="d2f3a139-e786-e653-a40d-974ae24e7b5d" executionId="cf6ed9ba-852f-438a-b5ab-6b80b5c12b7a" testListId="8c84fa94-04c1-424b-9868-57a2d4851a1d" />
  </TestEntries>
  <Results>
    <UnitTestResult executionId="cf6ed9ba-852f-438a-b5ab-6b80b5c12b7a" testId="d2f3a139-e786-e653-a40d-974ae24e7b5d" testName="AddRun_test_add_new_run_to_database" computerName="2TAFFY" duration="00:00:00.4420521" startTime="2012-02-25T22:35:22.3515625-05:00" endTime="2012-02-25T22:35:24.6796875-05:00" testType="13cdc9d9-ddb5-4fa4-a97d-d965ccfc6d4b" outcome="Passed" testListId="8c84fa94-04c1-424b-9868-57a2d4851a1d" relativeResultsDirectory="cf6ed9ba-852f-438a-b5ab-6b80b5c12b7a">
    </UnitTestResult>
  </Results>
</TestRun>