<?xml version="1.0" encoding="UTF-8"?>
<TestRun id="0fb34968-5122-4367-b255-a3660448652b" name="Steven@2TAFFY 2012-02-11 22:26:36" runUser="2taffy\Steven" xmlns="http://microsoft.com/schemas/VisualStudio/TeamTest/2010">
  <TestSettings name="Default Test Settings" id="33d94e92-11f0-4d6f-8568-0c98f5296895">
    <Deployment runDeploymentRoot="Steven_2TAFFY 2012-02-11 22_26_36">
      <DeploymentItem filename="C:\Users\Steven\Documents\Visual Studio 2010\Projects\Solarsplash Dataviewer\Solarsplash Dataviewer\bin\Solarsplash Dataviewer.dll" />
      <DeploymentItem filename="C:\Users\Steven\Documents\Visual Studio 2010\Projects\Solarsplash Dataviewer\Solarsplash Dataviewer.Tests\bin\Debug\EntityFramework.dll" />
    </Deployment>
    <Execution>
      <TestTypeSpecific />
      <AgentRule name="Execution Agents">
      </AgentRule>
    </Execution>
  </TestSettings>
  <Times creation="2012-02-11T22:26:36.4042969-05:00" queuing="2012-02-11T22:26:38.7246094-05:00" start="2012-02-11T22:26:39.2246094-05:00" finish="2012-02-11T22:26:47.0810547-05:00" />
  <ResultSummary outcome="Error">
    <Counters total="5" executed="4" passed="3" error="0" failed="0" timeout="0" aborted="1" inconclusive="0" passedButRunAborted="0" notRunnable="0" notExecuted="1" disconnected="0" warning="0" completed="0" inProgress="0" pending="0" />
    <RunInfos>
      <RunInfo computerName="2TAFFY" outcome="Error" timestamp="2012-02-11T22:26:47.0791016-05:00">
        <Text>Test host process exited unexpectedly.</Text>
      </RunInfo>
    </RunInfos>
  </ResultSummary>
  <TestDefinitions>
    <UnitTest name="About" storage="c:\users\steven\documents\visual studio 2010\projects\solarsplash dataviewer\solarsplash dataviewer.tests\bin\debug\solarsplash dataviewer.tests.dll" id="742ecd9b-4223-8fd5-5396-765d0ac32906">
      <Execution id="869098bf-c6cc-46cb-bcb2-ee7bfe6337f1" />
      <TestMethod codeBase="C:/Users/Steven/Documents/Visual Studio 2010/Projects/Solarsplash Dataviewer/Solarsplash Dataviewer.Tests/bin/Debug/Solarsplash Dataviewer.Tests.DLL" adapterTypeName="Microsoft.VisualStudio.TestTools.TestTypes.Unit.UnitTestAdapter, Microsoft.VisualStudio.QualityTools.Tips.UnitTest.Adapter, Version=10.0.0.0, Culture=neutral, PublicKeyToken=b03f5f7f11d50a3a" className="Solarsplash_Dataviewer.Tests.Controllers.HomeControllerTest, Solarsplash Dataviewer.Tests, Version=1.0.0.0, Culture=neutral, PublicKeyToken=null" name="About" />
    </UnitTest>
    <UnitTest name="readDataLabelsTest" storage="c:\users\steven\documents\visual studio 2010\projects\solarsplash dataviewer\solarsplash dataviewer.tests\bin\debug\solarsplash dataviewer.tests.dll" id="d15e0780-8a76-d04b-eb0b-27de33671791">
      <DeploymentItems>
        <DeploymentItem filename="Solarsplash Dataviewer.dll" />
      </DeploymentItems>
      <Execution id="0e859eea-3fc7-4970-a772-40483872cfbb" />
      <TestMethod codeBase="C:/Users/Steven/Documents/Visual Studio 2010/Projects/Solarsplash Dataviewer/Solarsplash Dataviewer.Tests/bin/Debug/Solarsplash Dataviewer.Tests.DLL" adapterTypeName="Microsoft.VisualStudio.TestTools.TestTypes.Unit.UnitTestAdapter, Microsoft.VisualStudio.QualityTools.Tips.UnitTest.Adapter, Version=10.0.0.0, Culture=neutral, PublicKeyToken=b03f5f7f11d50a3a" className="Solarsplash_Dataviewer.Tests.CSVToDataTest, Solarsplash Dataviewer.Tests, Version=1.0.0.0, Culture=neutral, PublicKeyToken=null" name="readDataLabelsTest" />
    </UnitTest>
    <UnitTest name="readFileToDBTest" storage="c:\users\steven\documents\visual studio 2010\projects\solarsplash dataviewer\solarsplash dataviewer.tests\bin\debug\solarsplash dataviewer.tests.dll" id="6ec59e4e-aa64-d0f7-090f-993fb9f02a5c">
      <DeploymentItems>
        <DeploymentItem filename="Solarsplash Dataviewer.dll" />
      </DeploymentItems>
      <Execution id="a6fb0dd1-0a89-499a-b772-e64b1032c784" />
      <TestMethod codeBase="C:/Users/Steven/Documents/Visual Studio 2010/Projects/Solarsplash Dataviewer/Solarsplash Dataviewer.Tests/bin/Debug/Solarsplash Dataviewer.Tests.DLL" adapterTypeName="Microsoft.VisualStudio.TestTools.TestTypes.Unit.UnitTestAdapter, Microsoft.VisualStudio.QualityTools.Tips.UnitTest.Adapter, Version=10.0.0.0, Culture=neutral, PublicKeyToken=b03f5f7f11d50a3a" className="Solarsplash_Dataviewer.Tests.CSVToDataTest, Solarsplash Dataviewer.Tests, Version=1.0.0.0, Culture=neutral, PublicKeyToken=null" name="readFileToDBTest" />
    </UnitTest>
    <UnitTest name="getDataPositionTest" storage="c:\users\steven\documents\visual studio 2010\projects\solarsplash dataviewer\solarsplash dataviewer.tests\bin\debug\solarsplash dataviewer.tests.dll" id="bee072be-3f56-a9b8-5151-13ee8ebe0672">
      <DeploymentItems>
        <DeploymentItem filename="Solarsplash Dataviewer.dll" />
      </DeploymentItems>
      <Execution id="88529bfe-f59b-446b-85b5-679b2ffc5325" />
      <TestMethod codeBase="C:/Users/Steven/Documents/Visual Studio 2010/Projects/Solarsplash Dataviewer/Solarsplash Dataviewer.Tests/bin/Debug/Solarsplash Dataviewer.Tests.DLL" adapterTypeName="Microsoft.VisualStudio.TestTools.TestTypes.Unit.UnitTestAdapter, Microsoft.VisualStudio.QualityTools.Tips.UnitTest.Adapter, Version=10.0.0.0, Culture=neutral, PublicKeyToken=b03f5f7f11d50a3a" className="Solarsplash_Dataviewer.Tests.AveragerTest, Solarsplash Dataviewer.Tests, Version=1.0.0.0, Culture=neutral, PublicKeyToken=null" name="getDataPositionTest" />
    </UnitTest>
    <UnitTest name="Index" storage="c:\users\steven\documents\visual studio 2010\projects\solarsplash dataviewer\solarsplash dataviewer.tests\bin\debug\solarsplash dataviewer.tests.dll" id="af1388b0-4847-1118-ee40-47d21b95fceb">
      <Execution id="2de85b7b-cd8c-485a-8c93-4be40f4e77af" />
      <TestMethod codeBase="C:/Users/Steven/Documents/Visual Studio 2010/Projects/Solarsplash Dataviewer/Solarsplash Dataviewer.Tests/bin/Debug/Solarsplash Dataviewer.Tests.DLL" adapterTypeName="Microsoft.VisualStudio.TestTools.TestTypes.Unit.UnitTestAdapter, Microsoft.VisualStudio.QualityTools.Tips.UnitTest.Adapter, Version=10.0.0.0, Culture=neutral, PublicKeyToken=b03f5f7f11d50a3a" className="Solarsplash_Dataviewer.Tests.Controllers.HomeControllerTest, Solarsplash Dataviewer.Tests, Version=1.0.0.0, Culture=neutral, PublicKeyToken=null" name="Index" />
    </UnitTest>
  </TestDefinitions>
  <TestLists>
    <TestList name="Results Not in a List" id="8c84fa94-04c1-424b-9868-57a2d4851a1d" />
    <TestList name="All Loaded Results" id="19431567-8539-422a-85d7-44ee4e166bda" />
  </TestLists>
  <TestEntries>
    <TestEntry testId="6ec59e4e-aa64-d0f7-090f-993fb9f02a5c" executionId="a6fb0dd1-0a89-499a-b772-e64b1032c784" testListId="8c84fa94-04c1-424b-9868-57a2d4851a1d" />
    <TestEntry testId="742ecd9b-4223-8fd5-5396-765d0ac32906" executionId="869098bf-c6cc-46cb-bcb2-ee7bfe6337f1" testListId="8c84fa94-04c1-424b-9868-57a2d4851a1d" />
    <TestEntry testId="af1388b0-4847-1118-ee40-47d21b95fceb" executionId="2de85b7b-cd8c-485a-8c93-4be40f4e77af" testListId="8c84fa94-04c1-424b-9868-57a2d4851a1d" />
    <TestEntry testId="bee072be-3f56-a9b8-5151-13ee8ebe0672" executionId="88529bfe-f59b-446b-85b5-679b2ffc5325" testListId="8c84fa94-04c1-424b-9868-57a2d4851a1d" />
    <TestEntry testId="d15e0780-8a76-d04b-eb0b-27de33671791" executionId="0e859eea-3fc7-4970-a772-40483872cfbb" testListId="8c84fa94-04c1-424b-9868-57a2d4851a1d" />
  </TestEntries>
  <Results>
    <UnitTestResult executionId="a6fb0dd1-0a89-499a-b772-e64b1032c784" testId="6ec59e4e-aa64-d0f7-090f-993fb9f02a5c" testName="readFileToDBTest" computerName="2TAFFY" duration="00:00:00.1273607" startTime="2012-02-11T22:26:39.4589844-05:00" endTime="2012-02-11T22:26:40.8496094-05:00" testType="13cdc9d9-ddb5-4fa4-a97d-d965ccfc6d4b" outcome="Passed" testListId="8c84fa94-04c1-424b-9868-57a2d4851a1d" relativeResultsDirectory="a6fb0dd1-0a89-499a-b772-e64b1032c784">
    </UnitTestResult>
    <UnitTestResult executionId="869098bf-c6cc-46cb-bcb2-ee7bfe6337f1" testId="742ecd9b-4223-8fd5-5396-765d0ac32906" testName="About" computerName="2TAFFY" duration="00:00:00.1218274" startTime="2012-02-11T22:26:41.0996094-05:00" endTime="2012-02-11T22:26:41.2714844-05:00" testType="13cdc9d9-ddb5-4fa4-a97d-d965ccfc6d4b" outcome="Passed" testListId="8c84fa94-04c1-424b-9868-57a2d4851a1d" relativeResultsDirectory="869098bf-c6cc-46cb-bcb2-ee7bfe6337f1">
    </UnitTestResult>
    <UnitTestResult executionId="2de85b7b-cd8c-485a-8c93-4be40f4e77af" testId="af1388b0-4847-1118-ee40-47d21b95fceb" testName="Index" computerName="2TAFFY" duration="00:00:00.3724372" startTime="2012-02-11T22:26:41.4121094-05:00" endTime="2012-02-11T22:26:41.8359375-05:00" testType="13cdc9d9-ddb5-4fa4-a97d-d965ccfc6d4b" outcome="Passed" testListId="8c84fa94-04c1-424b-9868-57a2d4851a1d" relativeResultsDirectory="2de85b7b-cd8c-485a-8c93-4be40f4e77af">
    </UnitTestResult>
    <UnitTestResult executionId="88529bfe-f59b-446b-85b5-679b2ffc5325" testId="bee072be-3f56-a9b8-5151-13ee8ebe0672" testName="getDataPositionTest" computerName="2TAFFY" duration="00:00:05.1308593" startTime="2012-02-11T22:26:41.9501954-05:00" endTime="2012-02-11T22:26:47.0810547-05:00" testType="13cdc9d9-ddb5-4fa4-a97d-d965ccfc6d4b" outcome="Aborted" testListId="8c84fa94-04c1-424b-9868-57a2d4851a1d" relativeResultsDirectory="88529bfe-f59b-446b-85b5-679b2ffc5325">
    </UnitTestResult>
    <UnitTestResult executionId="0e859eea-3fc7-4970-a772-40483872cfbb" testId="d15e0780-8a76-d04b-eb0b-27de33671791" testName="readDataLabelsTest" computerName="2TAFFY" testType="13cdc9d9-ddb5-4fa4-a97d-d965ccfc6d4b" outcome="NotExecuted" testListId="8c84fa94-04c1-424b-9868-57a2d4851a1d" relativeResultsDirectory="0e859eea-3fc7-4970-a772-40483872cfbb">
    </UnitTestResult>
  </Results>
</TestRun>