<?xml version="1.0" encoding="UTF-8"?>
<TestRun id="90a1dee4-d805-4fa2-93d2-d686a028da58" name="Steven@2TAFFY 2012-03-31 22:25:17" runUser="2taffy\Steven" xmlns="http://microsoft.com/schemas/VisualStudio/TeamTest/2010">
  <TestSettings name="Default Test Settings" id="00b7d624-f8dc-4be7-bd1d-b6550e9a8a8f">
    <Deployment runDeploymentRoot="Steven_2TAFFY 2012-03-31 22_25_17">
      <DeploymentItem filename="C:\Users\Steven\Documents\Visual Studio 2010\Projects\Solarsplash Dataviewer\Solarsplash Dataviewer\bin\Solarsplash Dataviewer.dll" />
      <DeploymentItem filename="C:\Users\Steven\Documents\Visual Studio 2010\Projects\Solarsplash Dataviewer\Solarsplash Dataviewer.Tests\bin\Debug\EntityFramework.dll" />
    </Deployment>
    <Execution>
      <TestTypeSpecific />
      <AgentRule name="Execution Agents">
      </AgentRule>
    </Execution>
  </TestSettings>
  <Times creation="2012-03-31T22:25:17.8281250-04:00" queuing="2012-03-31T22:25:18.6406250-04:00" start="2012-03-31T22:25:18.7500000-04:00" finish="2012-03-31T22:25:23.8437500-04:00" />
  <ResultSummary outcome="Completed">
    <Counters total="1" executed="1" passed="1" error="0" failed="0" timeout="0" aborted="0" inconclusive="0" passedButRunAborted="0" notRunnable="0" notExecuted="0" disconnected="0" warning="0" completed="0" inProgress="0" pending="0" />
  </ResultSummary>
  <TestDefinitions>
    <UnitTest name="Test_deletion_of_RunElement_when_RunData_is_deleted" storage="c:\users\steven\documents\visual studio 2010\projects\solarsplash dataviewer\solarsplash dataviewer.tests\bin\debug\solarsplash dataviewer.tests.dll" id="470481d1-7f4c-07cb-6104-120f6544fa52">
      <DeploymentItems>
        <DeploymentItem filename="Solarsplash Dataviewer.dll" />
      </DeploymentItems>
      <Execution id="ba762c2a-140d-4ba0-9753-9678f2570f70" />
      <TestMethod codeBase="C:/Users/Steven/Documents/Visual Studio 2010/Projects/Solarsplash Dataviewer/Solarsplash Dataviewer.Tests/bin/Debug/Solarsplash Dataviewer.Tests.DLL" adapterTypeName="Microsoft.VisualStudio.TestTools.TestTypes.Unit.UnitTestAdapter, Microsoft.VisualStudio.QualityTools.Tips.UnitTest.Adapter, Version=10.0.0.0, Culture=neutral, PublicKeyToken=b03f5f7f11d50a3a" className="Solarsplash_Dataviewer.Tests.SolarsplashEntitiesTest, Solarsplash Dataviewer.Tests, Version=1.0.0.0, Culture=neutral, PublicKeyToken=null" name="Test_deletion_of_RunElement_when_RunData_is_deleted" />
    </UnitTest>
  </TestDefinitions>
  <TestLists>
    <TestList name="Results Not in a List" id="8c84fa94-04c1-424b-9868-57a2d4851a1d" />
    <TestList name="All Loaded Results" id="19431567-8539-422a-85d7-44ee4e166bda" />
  </TestLists>
  <TestEntries>
    <TestEntry testId="470481d1-7f4c-07cb-6104-120f6544fa52" executionId="ba762c2a-140d-4ba0-9753-9678f2570f70" testListId="8c84fa94-04c1-424b-9868-57a2d4851a1d" />
  </TestEntries>
  <Results>
    <UnitTestResult executionId="ba762c2a-140d-4ba0-9753-9678f2570f70" testId="470481d1-7f4c-07cb-6104-120f6544fa52" testName="Test_deletion_of_RunElement_when_RunData_is_deleted" computerName="2TAFFY" duration="00:00:04.2678964" startTime="2012-03-31T22:25:18.7968750-04:00" endTime="2012-03-31T22:25:23.7343750-04:00" testType="13cdc9d9-ddb5-4fa4-a97d-d965ccfc6d4b" outcome="Passed" testListId="8c84fa94-04c1-424b-9868-57a2d4851a1d" relativeResultsDirectory="ba762c2a-140d-4ba0-9753-9678f2570f70">
    </UnitTestResult>
  </Results>
</TestRun>