<?xml version="1.0" encoding="UTF-8"?>
<TestRun id="5cddc9f0-4229-45b1-bc4a-278d2cfde8c5" name="Steven@2TAFFY 2012-03-31 22:47:33" runUser="2taffy\Steven" xmlns="http://microsoft.com/schemas/VisualStudio/TeamTest/2010">
  <TestSettings name="Default Test Settings" id="90bc3999-1595-485a-ac24-f561099b05a1">
    <Deployment runDeploymentRoot="Steven_2TAFFY 2012-03-31 22_47_33">
      <DeploymentItem filename="C:\Users\Steven\Documents\Visual Studio 2010\Projects\Solarsplash Dataviewer\Solarsplash Dataviewer\bin\Solarsplash Dataviewer.dll" />
      <DeploymentItem filename="C:\Users\Steven\Documents\Visual Studio 2010\Projects\Solarsplash Dataviewer\Solarsplash Dataviewer.Tests\bin\Debug\EntityFramework.dll" />
    </Deployment>
    <Execution>
      <TestTypeSpecific />
      <AgentRule name="Execution Agents">
      </AgentRule>
    </Execution>
  </TestSettings>
  <Times creation="2012-03-31T22:47:33.2656250-04:00" queuing="2012-03-31T22:47:35.1835937-04:00" start="2012-03-31T22:47:35.3320312-04:00" finish="2012-03-31T22:48:04.1611328-04:00" />
  <ResultSummary outcome="Error">
    <Counters total="1" executed="1" error="0" failed="0" timeout="0" aborted="1" inconclusive="0" passedButRunAborted="0" notRunnable="0" notExecuted="0" disconnected="0" warning="0" passed="0" completed="0" inProgress="0" pending="0" />
    <RunInfos>
      <RunInfo computerName="2TAFFY" outcome="Error" timestamp="2012-03-31T22:48:04.1298828-04:00">
        <Text>Test host process exited unexpectedly.</Text>
      </RunInfo>
    </RunInfos>
  </ResultSummary>
  <TestDefinitions>
    <UnitTest name="Add_New_RunTest" storage="c:\users\steven\documents\visual studio 2010\projects\solarsplash dataviewer\solarsplash dataviewer.tests\bin\debug\solarsplash dataviewer.tests.dll" id="cfadff06-d396-3a95-0cd0-354e21c39ae2">
      <Execution id="081f6b2d-2957-4a10-ab0c-6fa7ee77c54d" />
      <TestMethod codeBase="C:/Users/Steven/Documents/Visual Studio 2010/Projects/Solarsplash Dataviewer/Solarsplash Dataviewer.Tests/bin/Debug/Solarsplash Dataviewer.Tests.DLL" adapterTypeName="Microsoft.VisualStudio.TestTools.TestTypes.Unit.UnitTestAdapter, Microsoft.VisualStudio.QualityTools.Tips.UnitTest.Adapter, Version=10.0.0.0, Culture=neutral, PublicKeyToken=b03f5f7f11d50a3a" className="Solarsplash_Dataviewer.Tests.EF_RunDataRepositoryTest, Solarsplash Dataviewer.Tests, Version=1.0.0.0, Culture=neutral, PublicKeyToken=null" name="Add_New_RunTest" />
    </UnitTest>
  </TestDefinitions>
  <TestLists>
    <TestList name="Results Not in a List" id="8c84fa94-04c1-424b-9868-57a2d4851a1d" />
    <TestList name="All Loaded Results" id="19431567-8539-422a-85d7-44ee4e166bda" />
  </TestLists>
  <TestEntries>
    <TestEntry testId="cfadff06-d396-3a95-0cd0-354e21c39ae2" executionId="081f6b2d-2957-4a10-ab0c-6fa7ee77c54d" testListId="8c84fa94-04c1-424b-9868-57a2d4851a1d" />
  </TestEntries>
  <Results>
    <UnitTestResult executionId="081f6b2d-2957-4a10-ab0c-6fa7ee77c54d" testId="cfadff06-d396-3a95-0cd0-354e21c39ae2" testName="Add_New_RunTest" computerName="2TAFFY" duration="00:00:28.7197266" startTime="2012-03-31T22:47:35.4257812-04:00" endTime="2012-03-31T22:48:04.1455078-04:00" testType="13cdc9d9-ddb5-4fa4-a97d-d965ccfc6d4b" outcome="Aborted" testListId="8c84fa94-04c1-424b-9868-57a2d4851a1d" relativeResultsDirectory="081f6b2d-2957-4a10-ab0c-6fa7ee77c54d">
    </UnitTestResult>
  </Results>
</TestRun>