<?xml version="1.0" encoding="UTF-8"?>
<TestRun id="6d2653ff-dcc2-411f-ba0a-d3b767f1646c" name="Steven@2TAFFY 2012-02-11 22:46:40" runUser="2taffy\Steven" xmlns="http://microsoft.com/schemas/VisualStudio/TeamTest/2010">
  <TestSettings name="Default Test Settings" id="689e482c-a973-49fc-8321-3659cee19ebd">
    <Deployment runDeploymentRoot="Steven_2TAFFY 2012-02-11 22_46_40">
      <DeploymentItem filename="C:\Users\Steven\Documents\Visual Studio 2010\Projects\Solarsplash Dataviewer\Solarsplash Dataviewer\bin\Solarsplash Dataviewer.dll" />
      <DeploymentItem filename="C:\Users\Steven\Documents\Visual Studio 2010\Projects\Solarsplash Dataviewer\Solarsplash Dataviewer.Tests\bin\Debug\EntityFramework.dll" />
    </Deployment>
    <Execution>
      <TestTypeSpecific />
      <AgentRule name="Execution Agents">
      </AgentRule>
    </Execution>
  </TestSettings>
  <Times creation="2012-02-11T22:46:40.4599610-05:00" queuing="2012-02-11T22:46:42.8349610-05:00" start="2012-02-11T22:46:43.2724610-05:00" finish="2012-02-11T22:46:58.8515625-05:00" />
  <ResultSummary outcome="Error">
    <Counters total="6" executed="3" passed="2" error="0" failed="0" timeout="0" aborted="1" inconclusive="0" passedButRunAborted="0" notRunnable="0" notExecuted="3" disconnected="0" warning="0" completed="0" inProgress="0" pending="0" />
    <RunInfos>
      <RunInfo computerName="2TAFFY" outcome="Error" timestamp="2012-02-11T22:46:58.8359375-05:00">
        <Text>Test host process exited unexpectedly.</Text>
      </RunInfo>
    </RunInfos>
  </ResultSummary>
  <TestDefinitions>
    <UnitTest name="Index" storage="c:\users\steven\documents\visual studio 2010\projects\solarsplash dataviewer\solarsplash dataviewer.tests\bin\debug\solarsplash dataviewer.tests.dll" id="af1388b0-4847-1118-ee40-47d21b95fceb">
      <Execution id="ecba3624-3ad9-4ebb-a5e4-3675a2c81c57" />
      <TestMethod codeBase="C:/Users/Steven/Documents/Visual Studio 2010/Projects/Solarsplash Dataviewer/Solarsplash Dataviewer.Tests/bin/Debug/Solarsplash Dataviewer.Tests.DLL" adapterTypeName="Microsoft.VisualStudio.TestTools.TestTypes.Unit.UnitTestAdapter, Microsoft.VisualStudio.QualityTools.Tips.UnitTest.Adapter, Version=10.0.0.0, Culture=neutral, PublicKeyToken=b03f5f7f11d50a3a" className="Solarsplash_Dataviewer.Tests.Controllers.HomeControllerTest, Solarsplash Dataviewer.Tests, Version=1.0.0.0, Culture=neutral, PublicKeyToken=null" name="Index" />
    </UnitTest>
    <UnitTest name="About" storage="c:\users\steven\documents\visual studio 2010\projects\solarsplash dataviewer\solarsplash dataviewer.tests\bin\debug\solarsplash dataviewer.tests.dll" id="742ecd9b-4223-8fd5-5396-765d0ac32906">
      <Execution id="cf96468c-5ad6-43b4-87e2-21f495042fcc" />
      <TestMethod codeBase="C:/Users/Steven/Documents/Visual Studio 2010/Projects/Solarsplash Dataviewer/Solarsplash Dataviewer.Tests/bin/Debug/Solarsplash Dataviewer.Tests.DLL" adapterTypeName="Microsoft.VisualStudio.TestTools.TestTypes.Unit.UnitTestAdapter, Microsoft.VisualStudio.QualityTools.Tips.UnitTest.Adapter, Version=10.0.0.0, Culture=neutral, PublicKeyToken=b03f5f7f11d50a3a" className="Solarsplash_Dataviewer.Tests.Controllers.HomeControllerTest, Solarsplash Dataviewer.Tests, Version=1.0.0.0, Culture=neutral, PublicKeyToken=null" name="About" />
    </UnitTest>
    <UnitTest name="readDataLabelsTest" storage="c:\users\steven\documents\visual studio 2010\projects\solarsplash dataviewer\solarsplash dataviewer.tests\bin\debug\solarsplash dataviewer.tests.dll" id="d15e0780-8a76-d04b-eb0b-27de33671791">
      <DeploymentItems>
        <DeploymentItem filename="Solarsplash Dataviewer.dll" />
      </DeploymentItems>
      <Execution id="5dade096-da90-4a4d-a691-cff1e86cbf2f" />
      <TestMethod codeBase="C:/Users/Steven/Documents/Visual Studio 2010/Projects/Solarsplash Dataviewer/Solarsplash Dataviewer.Tests/bin/Debug/Solarsplash Dataviewer.Tests.DLL" adapterTypeName="Microsoft.VisualStudio.TestTools.TestTypes.Unit.UnitTestAdapter, Microsoft.VisualStudio.QualityTools.Tips.UnitTest.Adapter, Version=10.0.0.0, Culture=neutral, PublicKeyToken=b03f5f7f11d50a3a" className="Solarsplash_Dataviewer.Tests.CSVToDataTest, Solarsplash Dataviewer.Tests, Version=1.0.0.0, Culture=neutral, PublicKeyToken=null" name="readDataLabelsTest" />
    </UnitTest>
    <UnitTest name="getDataPositionTest" storage="c:\users\steven\documents\visual studio 2010\projects\solarsplash dataviewer\solarsplash dataviewer.tests\bin\debug\solarsplash dataviewer.tests.dll" id="bee072be-3f56-a9b8-5151-13ee8ebe0672">
      <DeploymentItems>
        <DeploymentItem filename="Solarsplash Dataviewer.dll" />
      </DeploymentItems>
      <Execution id="e08a8896-cdac-435e-bbe3-21a83c910644" />
      <TestMethod codeBase="C:/Users/Steven/Documents/Visual Studio 2010/Projects/Solarsplash Dataviewer/Solarsplash Dataviewer.Tests/bin/Debug/Solarsplash Dataviewer.Tests.DLL" adapterTypeName="Microsoft.VisualStudio.TestTools.TestTypes.Unit.UnitTestAdapter, Microsoft.VisualStudio.QualityTools.Tips.UnitTest.Adapter, Version=10.0.0.0, Culture=neutral, PublicKeyToken=b03f5f7f11d50a3a" className="Solarsplash_Dataviewer.Tests.AveragerTest, Solarsplash Dataviewer.Tests, Version=1.0.0.0, Culture=neutral, PublicKeyToken=null" name="getDataPositionTest" />
    </UnitTest>
    <UnitTest name="extractDataTest" storage="c:\users\steven\documents\visual studio 2010\projects\solarsplash dataviewer\solarsplash dataviewer.tests\bin\debug\solarsplash dataviewer.tests.dll" id="76a40dc6-529c-14f5-1979-b7a3e5a8157b">
      <DeploymentItems>
        <DeploymentItem filename="Solarsplash Dataviewer.dll" />
      </DeploymentItems>
      <Execution id="35d8b32e-f2de-4dd6-8022-d5ae0368fbe4" />
      <TestMethod codeBase="C:/Users/Steven/Documents/Visual Studio 2010/Projects/Solarsplash Dataviewer/Solarsplash Dataviewer.Tests/bin/Debug/Solarsplash Dataviewer.Tests.DLL" adapterTypeName="Microsoft.VisualStudio.TestTools.TestTypes.Unit.UnitTestAdapter, Microsoft.VisualStudio.QualityTools.Tips.UnitTest.Adapter, Version=10.0.0.0, Culture=neutral, PublicKeyToken=b03f5f7f11d50a3a" className="Solarsplash_Dataviewer.Tests.AveragerTest, Solarsplash Dataviewer.Tests, Version=1.0.0.0, Culture=neutral, PublicKeyToken=null" name="extractDataTest" />
    </UnitTest>
    <UnitTest name="readFileToDBTest" storage="c:\users\steven\documents\visual studio 2010\projects\solarsplash dataviewer\solarsplash dataviewer.tests\bin\debug\solarsplash dataviewer.tests.dll" id="6ec59e4e-aa64-d0f7-090f-993fb9f02a5c">
      <DeploymentItems>
        <DeploymentItem filename="Solarsplash Dataviewer.dll" />
      </DeploymentItems>
      <Execution id="3d3e7eee-3f1b-4dd4-ba66-e8f6cc12029b" />
      <TestMethod codeBase="C:/Users/Steven/Documents/Visual Studio 2010/Projects/Solarsplash Dataviewer/Solarsplash Dataviewer.Tests/bin/Debug/Solarsplash Dataviewer.Tests.DLL" adapterTypeName="Microsoft.VisualStudio.TestTools.TestTypes.Unit.UnitTestAdapter, Microsoft.VisualStudio.QualityTools.Tips.UnitTest.Adapter, Version=10.0.0.0, Culture=neutral, PublicKeyToken=b03f5f7f11d50a3a" className="Solarsplash_Dataviewer.Tests.CSVToDataTest, Solarsplash Dataviewer.Tests, Version=1.0.0.0, Culture=neutral, PublicKeyToken=null" name="readFileToDBTest" />
    </UnitTest>
  </TestDefinitions>
  <TestLists>
    <TestList name="Results Not in a List" id="8c84fa94-04c1-424b-9868-57a2d4851a1d" />
    <TestList name="All Loaded Results" id="19431567-8539-422a-85d7-44ee4e166bda" />
  </TestLists>
  <TestEntries>
    <TestEntry testId="6ec59e4e-aa64-d0f7-090f-993fb9f02a5c" executionId="3d3e7eee-3f1b-4dd4-ba66-e8f6cc12029b" testListId="8c84fa94-04c1-424b-9868-57a2d4851a1d" />
    <TestEntry testId="742ecd9b-4223-8fd5-5396-765d0ac32906" executionId="cf96468c-5ad6-43b4-87e2-21f495042fcc" testListId="8c84fa94-04c1-424b-9868-57a2d4851a1d" />
    <TestEntry testId="76a40dc6-529c-14f5-1979-b7a3e5a8157b" executionId="35d8b32e-f2de-4dd6-8022-d5ae0368fbe4" testListId="8c84fa94-04c1-424b-9868-57a2d4851a1d" />
    <TestEntry testId="af1388b0-4847-1118-ee40-47d21b95fceb" executionId="ecba3624-3ad9-4ebb-a5e4-3675a2c81c57" testListId="8c84fa94-04c1-424b-9868-57a2d4851a1d" />
    <TestEntry testId="bee072be-3f56-a9b8-5151-13ee8ebe0672" executionId="e08a8896-cdac-435e-bbe3-21a83c910644" testListId="8c84fa94-04c1-424b-9868-57a2d4851a1d" />
    <TestEntry testId="d15e0780-8a76-d04b-eb0b-27de33671791" executionId="5dade096-da90-4a4d-a691-cff1e86cbf2f" testListId="8c84fa94-04c1-424b-9868-57a2d4851a1d" />
  </TestEntries>
  <Results>
    <UnitTestResult executionId="3d3e7eee-3f1b-4dd4-ba66-e8f6cc12029b" testId="6ec59e4e-aa64-d0f7-090f-993fb9f02a5c" testName="readFileToDBTest" computerName="2TAFFY" duration="00:00:00.1657813" startTime="2012-02-11T22:46:43.7724610-05:00" endTime="2012-02-11T22:46:45.5224610-05:00" testType="13cdc9d9-ddb5-4fa4-a97d-d965ccfc6d4b" outcome="Passed" testListId="8c84fa94-04c1-424b-9868-57a2d4851a1d" relativeResultsDirectory="3d3e7eee-3f1b-4dd4-ba66-e8f6cc12029b">
    </UnitTestResult>
    <UnitTestResult executionId="cf96468c-5ad6-43b4-87e2-21f495042fcc" testId="742ecd9b-4223-8fd5-5396-765d0ac32906" testName="About" computerName="2TAFFY" duration="00:00:00.2022566" startTime="2012-02-11T22:46:45.5849610-05:00" endTime="2012-02-11T22:46:45.8818360-05:00" testType="13cdc9d9-ddb5-4fa4-a97d-d965ccfc6d4b" outcome="Passed" testListId="8c84fa94-04c1-424b-9868-57a2d4851a1d" relativeResultsDirectory="cf96468c-5ad6-43b4-87e2-21f495042fcc">
    </UnitTestResult>
    <UnitTestResult executionId="35d8b32e-f2de-4dd6-8022-d5ae0368fbe4" testId="76a40dc6-529c-14f5-1979-b7a3e5a8157b" testName="extractDataTest" computerName="2TAFFY" duration="00:00:12.9072265" startTime="2012-02-11T22:46:45.9443360-05:00" endTime="2012-02-11T22:46:58.8515625-05:00" testType="13cdc9d9-ddb5-4fa4-a97d-d965ccfc6d4b" outcome="Aborted" testListId="8c84fa94-04c1-424b-9868-57a2d4851a1d" relativeResultsDirectory="35d8b32e-f2de-4dd6-8022-d5ae0368fbe4">
    </UnitTestResult>
    <UnitTestResult executionId="ecba3624-3ad9-4ebb-a5e4-3675a2c81c57" testId="af1388b0-4847-1118-ee40-47d21b95fceb" testName="Index" computerName="2TAFFY" testType="13cdc9d9-ddb5-4fa4-a97d-d965ccfc6d4b" outcome="NotExecuted" testListId="8c84fa94-04c1-424b-9868-57a2d4851a1d" relativeResultsDirectory="ecba3624-3ad9-4ebb-a5e4-3675a2c81c57">
    </UnitTestResult>
    <UnitTestResult executionId="e08a8896-cdac-435e-bbe3-21a83c910644" testId="bee072be-3f56-a9b8-5151-13ee8ebe0672" testName="getDataPositionTest" computerName="2TAFFY" testType="13cdc9d9-ddb5-4fa4-a97d-d965ccfc6d4b" outcome="NotExecuted" testListId="8c84fa94-04c1-424b-9868-57a2d4851a1d" relativeResultsDirectory="e08a8896-cdac-435e-bbe3-21a83c910644">
    </UnitTestResult>
    <UnitTestResult executionId="5dade096-da90-4a4d-a691-cff1e86cbf2f" testId="d15e0780-8a76-d04b-eb0b-27de33671791" testName="readDataLabelsTest" computerName="2TAFFY" testType="13cdc9d9-ddb5-4fa4-a97d-d965ccfc6d4b" outcome="NotExecuted" testListId="8c84fa94-04c1-424b-9868-57a2d4851a1d" relativeResultsDirectory="5dade096-da90-4a4d-a691-cff1e86cbf2f">
    </UnitTestResult>
  </Results>
</TestRun>