<?xml version="1.0" encoding="UTF-8"?>
<TestRun id="a1e10e9b-8683-4381-b728-9d4d66b116bc" name="Steven@2TAFFY 2012-02-25 22:47:26" runUser="2taffy\Steven" xmlns="http://microsoft.com/schemas/VisualStudio/TeamTest/2010">
  <TestSettings name="Default Test Settings" id="aeda8311-476a-428c-8869-12cfdc43236e">
    <Deployment runDeploymentRoot="Steven_2TAFFY 2012-02-25 22_47_26">
      <DeploymentItem filename="C:\Users\Steven\Documents\Visual Studio 2010\Projects\Solarsplash Dataviewer\Solarsplash Dataviewer\bin\Solarsplash Dataviewer.dll" />
      <DeploymentItem filename="C:\Users\Steven\Documents\Visual Studio 2010\Projects\Solarsplash Dataviewer\Solarsplash Dataviewer.Tests\bin\Debug\EntityFramework.dll" />
    </Deployment>
    <Execution>
      <TestTypeSpecific />
      <AgentRule name="Execution Agents">
      </AgentRule>
    </Execution>
  </TestSettings>
  <Times creation="2012-02-25T22:47:26.4648437-05:00" queuing="2012-02-25T22:47:27.3476562-05:00" start="2012-02-25T22:47:27.3759765-05:00" finish="2012-02-25T22:47:30.5234375-05:00" />
  <ResultSummary outcome="Failed">
    <Counters total="17" executed="17" passed="12" error="0" failed="3" timeout="0" aborted="0" inconclusive="2" passedButRunAborted="0" notRunnable="0" notExecuted="0" disconnected="0" warning="0" completed="0" inProgress="0" pending="0" />
  </ResultSummary>
  <TestDefinitions>
    <UnitTest name="Get_RunData_base_objectTest" storage="c:\users\steven\documents\visual studio 2010\projects\solarsplash dataviewer\solarsplash dataviewer.tests\bin\debug\solarsplash dataviewer.tests.dll" id="2da12302-e1dc-024c-2562-d02987442de2">
      <Execution id="b6f6bd1d-017b-4ece-8320-5357f456ccac" />
      <TestMethod codeBase="C:/Users/Steven/Documents/Visual Studio 2010/Projects/Solarsplash Dataviewer/Solarsplash Dataviewer.Tests/bin/Debug/Solarsplash Dataviewer.Tests.DLL" adapterTypeName="Microsoft.VisualStudio.TestTools.TestTypes.Unit.UnitTestAdapter, Microsoft.VisualStudio.QualityTools.Tips.UnitTest.Adapter, Version=10.0.0.0, Culture=neutral, PublicKeyToken=b03f5f7f11d50a3a" className="Solarsplash_Dataviewer.Tests.EF_RunDataRepositoryTest, Solarsplash Dataviewer.Tests, Version=1.0.0.0, Culture=neutral, PublicKeyToken=null" name="Get_RunData_base_objectTest" />
    </UnitTest>
    <UnitTest name="Delete_RunData_objectTest" storage="c:\users\steven\documents\visual studio 2010\projects\solarsplash dataviewer\solarsplash dataviewer.tests\bin\debug\solarsplash dataviewer.tests.dll" id="322069c0-a6eb-ca33-5cdf-3e619cefb3fe">
      <Execution id="53a3f28e-cd0d-4183-9cc2-886c0e6f53f0" />
      <TestMethod codeBase="C:/Users/Steven/Documents/Visual Studio 2010/Projects/Solarsplash Dataviewer/Solarsplash Dataviewer.Tests/bin/Debug/Solarsplash Dataviewer.Tests.DLL" adapterTypeName="Microsoft.VisualStudio.TestTools.TestTypes.Unit.UnitTestAdapter, Microsoft.VisualStudio.QualityTools.Tips.UnitTest.Adapter, Version=10.0.0.0, Culture=neutral, PublicKeyToken=b03f5f7f11d50a3a" className="Solarsplash_Dataviewer.Tests.EF_RunDataRepositoryTest, Solarsplash Dataviewer.Tests, Version=1.0.0.0, Culture=neutral, PublicKeyToken=null" name="Delete_RunData_objectTest" />
    </UnitTest>
    <UnitTest name="getAverageTest" storage="c:\users\steven\documents\visual studio 2010\projects\solarsplash dataviewer\solarsplash dataviewer.tests\bin\debug\solarsplash dataviewer.tests.dll" id="8e3668e6-5ca4-f0c4-0089-5268b49c90f0">
      <DeploymentItems>
        <DeploymentItem filename="Solarsplash Dataviewer.dll" />
      </DeploymentItems>
      <Execution id="ba8d583e-bed2-4941-be1d-971b79b90c81" />
      <TestMethod codeBase="C:/Users/Steven/Documents/Visual Studio 2010/Projects/Solarsplash Dataviewer/Solarsplash Dataviewer.Tests/bin/Debug/Solarsplash Dataviewer.Tests.DLL" adapterTypeName="Microsoft.VisualStudio.TestTools.TestTypes.Unit.UnitTestAdapter, Microsoft.VisualStudio.QualityTools.Tips.UnitTest.Adapter, Version=10.0.0.0, Culture=neutral, PublicKeyToken=b03f5f7f11d50a3a" className="Solarsplash_Dataviewer.Tests.AveragerTest, Solarsplash Dataviewer.Tests, Version=1.0.0.0, Culture=neutral, PublicKeyToken=null" name="getAverageTest" />
    </UnitTest>
    <UnitTest name="getDataPositionTest" storage="c:\users\steven\documents\visual studio 2010\projects\solarsplash dataviewer\solarsplash dataviewer.tests\bin\debug\solarsplash dataviewer.tests.dll" id="d486ce53-faf2-493c-fb8a-50cdb8b7dfd0">
      <DeploymentItems>
        <DeploymentItem filename="Solarsplash Dataviewer.dll" />
      </DeploymentItems>
      <Execution id="0f742395-d549-4945-b7c5-c8215f12c753" />
      <TestMethod codeBase="C:/Users/Steven/Documents/Visual Studio 2010/Projects/Solarsplash Dataviewer/Solarsplash Dataviewer.Tests/bin/Debug/Solarsplash Dataviewer.Tests.DLL" adapterTypeName="Microsoft.VisualStudio.TestTools.TestTypes.Unit.UnitTestAdapter, Microsoft.VisualStudio.QualityTools.Tips.UnitTest.Adapter, Version=10.0.0.0, Culture=neutral, PublicKeyToken=b03f5f7f11d50a3a" className="Solarsplash_Dataviewer.Tests.DataExtractorTest, Solarsplash Dataviewer.Tests, Version=1.0.0.0, Culture=neutral, PublicKeyToken=null" name="getDataPositionTest" />
    </UnitTest>
    <UnitTest name="getLastFewAverageTest" storage="c:\users\steven\documents\visual studio 2010\projects\solarsplash dataviewer\solarsplash dataviewer.tests\bin\debug\solarsplash dataviewer.tests.dll" id="e2da6808-d8cf-0981-42b8-768f80e3a44a">
      <Execution id="4e73978e-69ee-4a7a-8517-f9c5cb8b3307" />
      <TestMethod codeBase="C:/Users/Steven/Documents/Visual Studio 2010/Projects/Solarsplash Dataviewer/Solarsplash Dataviewer.Tests/bin/Debug/Solarsplash Dataviewer.Tests.DLL" adapterTypeName="Microsoft.VisualStudio.TestTools.TestTypes.Unit.UnitTestAdapter, Microsoft.VisualStudio.QualityTools.Tips.UnitTest.Adapter, Version=10.0.0.0, Culture=neutral, PublicKeyToken=b03f5f7f11d50a3a" className="Solarsplash_Dataviewer.Tests.AveragerTest, Solarsplash Dataviewer.Tests, Version=1.0.0.0, Culture=neutral, PublicKeyToken=null" name="getLastFewAverageTest" />
    </UnitTest>
    <UnitTest name="Get_RunData_objectTest" storage="c:\users\steven\documents\visual studio 2010\projects\solarsplash dataviewer\solarsplash dataviewer.tests\bin\debug\solarsplash dataviewer.tests.dll" id="2eb25e41-ea7c-d330-4dbe-fa22ff3d1479">
      <Execution id="07d01038-0d40-4a6d-81b3-a755df9e58b8" />
      <TestMethod codeBase="C:/Users/Steven/Documents/Visual Studio 2010/Projects/Solarsplash Dataviewer/Solarsplash Dataviewer.Tests/bin/Debug/Solarsplash Dataviewer.Tests.DLL" adapterTypeName="Microsoft.VisualStudio.TestTools.TestTypes.Unit.UnitTestAdapter, Microsoft.VisualStudio.QualityTools.Tips.UnitTest.Adapter, Version=10.0.0.0, Culture=neutral, PublicKeyToken=b03f5f7f11d50a3a" className="Solarsplash_Dataviewer.Tests.EF_RunDataRepositoryTest, Solarsplash Dataviewer.Tests, Version=1.0.0.0, Culture=neutral, PublicKeyToken=null" name="Get_RunData_objectTest" />
    </UnitTest>
    <UnitTest name="GetMd5HashTest" storage="c:\users\steven\documents\visual studio 2010\projects\solarsplash dataviewer\solarsplash dataviewer.tests\bin\debug\solarsplash dataviewer.tests.dll" id="2b658189-2c37-2dd3-6c27-c85537b42d2e">
      <DeploymentItems>
        <DeploymentItem filename="Solarsplash Dataviewer.dll" />
      </DeploymentItems>
      <Execution id="931d61d5-a39d-49c6-864f-dad3a363b8a9" />
      <TestMethod codeBase="C:/Users/Steven/Documents/Visual Studio 2010/Projects/Solarsplash Dataviewer/Solarsplash Dataviewer.Tests/bin/Debug/Solarsplash Dataviewer.Tests.DLL" adapterTypeName="Microsoft.VisualStudio.TestTools.TestTypes.Unit.UnitTestAdapter, Microsoft.VisualStudio.QualityTools.Tips.UnitTest.Adapter, Version=10.0.0.0, Culture=neutral, PublicKeyToken=b03f5f7f11d50a3a" className="Solarsplash_Dataviewer.Tests.POST_DataControllerTest, Solarsplash Dataviewer.Tests, Version=1.0.0.0, Culture=neutral, PublicKeyToken=null" name="GetMd5HashTest" />
    </UnitTest>
    <UnitTest name="Add_New_RunTest" storage="c:\users\steven\documents\visual studio 2010\projects\solarsplash dataviewer\solarsplash dataviewer.tests\bin\debug\solarsplash dataviewer.tests.dll" id="cfadff06-d396-3a95-0cd0-354e21c39ae2">
      <Execution id="d8e7ea4e-9335-4507-8fa7-31c3e73f7503" />
      <TestMethod codeBase="C:/Users/Steven/Documents/Visual Studio 2010/Projects/Solarsplash Dataviewer/Solarsplash Dataviewer.Tests/bin/Debug/Solarsplash Dataviewer.Tests.DLL" adapterTypeName="Microsoft.VisualStudio.TestTools.TestTypes.Unit.UnitTestAdapter, Microsoft.VisualStudio.QualityTools.Tips.UnitTest.Adapter, Version=10.0.0.0, Culture=neutral, PublicKeyToken=b03f5f7f11d50a3a" className="Solarsplash_Dataviewer.Tests.EF_RunDataRepositoryTest, Solarsplash Dataviewer.Tests, Version=1.0.0.0, Culture=neutral, PublicKeyToken=null" name="Add_New_RunTest" />
    </UnitTest>
    <UnitTest name="Index" storage="c:\users\steven\documents\visual studio 2010\projects\solarsplash dataviewer\solarsplash dataviewer.tests\bin\debug\solarsplash dataviewer.tests.dll" id="af1388b0-4847-1118-ee40-47d21b95fceb">
      <Execution id="67183637-0c35-42fc-984f-c0d5a56c433b" />
      <TestMethod codeBase="C:/Users/Steven/Documents/Visual Studio 2010/Projects/Solarsplash Dataviewer/Solarsplash Dataviewer.Tests/bin/Debug/Solarsplash Dataviewer.Tests.DLL" adapterTypeName="Microsoft.VisualStudio.TestTools.TestTypes.Unit.UnitTestAdapter, Microsoft.VisualStudio.QualityTools.Tips.UnitTest.Adapter, Version=10.0.0.0, Culture=neutral, PublicKeyToken=b03f5f7f11d50a3a" className="Solarsplash_Dataviewer.Tests.Controllers.HomeControllerTest, Solarsplash Dataviewer.Tests, Version=1.0.0.0, Culture=neutral, PublicKeyToken=null" name="Index" />
    </UnitTest>
    <UnitTest name="AddRun_test_add_new_run_to_database" storage="c:\users\steven\documents\visual studio 2010\projects\solarsplash dataviewer\solarsplash dataviewer.tests\bin\debug\solarsplash dataviewer.tests.dll" id="d2f3a139-e786-e653-a40d-974ae24e7b5d">
      <Execution id="a6d24f02-8743-4d40-bd15-9d67f5718976" />
      <TestMethod codeBase="C:/Users/Steven/Documents/Visual Studio 2010/Projects/Solarsplash Dataviewer/Solarsplash Dataviewer.Tests/bin/Debug/Solarsplash Dataviewer.Tests.DLL" adapterTypeName="Microsoft.VisualStudio.TestTools.TestTypes.Unit.UnitTestAdapter, Microsoft.VisualStudio.QualityTools.Tips.UnitTest.Adapter, Version=10.0.0.0, Culture=neutral, PublicKeyToken=b03f5f7f11d50a3a" className="Solarsplash_Dataviewer.Tests.POST_DataControllerTest, Solarsplash Dataviewer.Tests, Version=1.0.0.0, Culture=neutral, PublicKeyToken=null" name="AddRun_test_add_new_run_to_database" />
    </UnitTest>
    <UnitTest name="extractDataTest" storage="c:\users\steven\documents\visual studio 2010\projects\solarsplash dataviewer\solarsplash dataviewer.tests\bin\debug\solarsplash dataviewer.tests.dll" id="4e1a03c8-37bf-ba18-77c0-c8ebe424550d">
      <DeploymentItems>
        <DeploymentItem filename="Solarsplash Dataviewer.dll" />
      </DeploymentItems>
      <Execution id="ac550ddd-127e-4781-9e85-877e8f0fc76c" />
      <TestMethod codeBase="C:/Users/Steven/Documents/Visual Studio 2010/Projects/Solarsplash Dataviewer/Solarsplash Dataviewer.Tests/bin/Debug/Solarsplash Dataviewer.Tests.DLL" adapterTypeName="Microsoft.VisualStudio.TestTools.TestTypes.Unit.UnitTestAdapter, Microsoft.VisualStudio.QualityTools.Tips.UnitTest.Adapter, Version=10.0.0.0, Culture=neutral, PublicKeyToken=b03f5f7f11d50a3a" className="Solarsplash_Dataviewer.Tests.DataExtractorTest, Solarsplash Dataviewer.Tests, Version=1.0.0.0, Culture=neutral, PublicKeyToken=null" name="extractDataTest" />
    </UnitTest>
    <UnitTest name="readDataLabelsTest" storage="c:\users\steven\documents\visual studio 2010\projects\solarsplash dataviewer\solarsplash dataviewer.tests\bin\debug\solarsplash dataviewer.tests.dll" id="d15e0780-8a76-d04b-eb0b-27de33671791">
      <DeploymentItems>
        <DeploymentItem filename="Solarsplash Dataviewer.dll" />
      </DeploymentItems>
      <Execution id="95f60f0e-e1d1-4583-923b-f4ce3915d542" />
      <TestMethod codeBase="C:/Users/Steven/Documents/Visual Studio 2010/Projects/Solarsplash Dataviewer/Solarsplash Dataviewer.Tests/bin/Debug/Solarsplash Dataviewer.Tests.DLL" adapterTypeName="Microsoft.VisualStudio.TestTools.TestTypes.Unit.UnitTestAdapter, Microsoft.VisualStudio.QualityTools.Tips.UnitTest.Adapter, Version=10.0.0.0, Culture=neutral, PublicKeyToken=b03f5f7f11d50a3a" className="Solarsplash_Dataviewer.Tests.CSVToDataTest, Solarsplash Dataviewer.Tests, Version=1.0.0.0, Culture=neutral, PublicKeyToken=null" name="readDataLabelsTest" />
    </UnitTest>
    <UnitTest name="getTotalAverageTest" storage="c:\users\steven\documents\visual studio 2010\projects\solarsplash dataviewer\solarsplash dataviewer.tests\bin\debug\solarsplash dataviewer.tests.dll" id="ad583741-8555-8ff8-3f5b-a1bb3cbeeaad">
      <Execution id="9ff9834d-6588-4bba-a6d6-3dc46ae31b4a" />
      <TestMethod codeBase="C:/Users/Steven/Documents/Visual Studio 2010/Projects/Solarsplash Dataviewer/Solarsplash Dataviewer.Tests/bin/Debug/Solarsplash Dataviewer.Tests.DLL" adapterTypeName="Microsoft.VisualStudio.TestTools.TestTypes.Unit.UnitTestAdapter, Microsoft.VisualStudio.QualityTools.Tips.UnitTest.Adapter, Version=10.0.0.0, Culture=neutral, PublicKeyToken=b03f5f7f11d50a3a" className="Solarsplash_Dataviewer.Tests.AveragerTest, Solarsplash Dataviewer.Tests, Version=1.0.0.0, Culture=neutral, PublicKeyToken=null" name="getTotalAverageTest" />
    </UnitTest>
    <UnitTest name="Add_RunElement_to_RunDataTest" storage="c:\users\steven\documents\visual studio 2010\projects\solarsplash dataviewer\solarsplash dataviewer.tests\bin\debug\solarsplash dataviewer.tests.dll" id="72a78b78-7a94-a6d5-bd36-5ad4b0561f4e">
      <Execution id="18e11b49-8e48-4843-acc5-c2ab17db74e2" />
      <TestMethod codeBase="C:/Users/Steven/Documents/Visual Studio 2010/Projects/Solarsplash Dataviewer/Solarsplash Dataviewer.Tests/bin/Debug/Solarsplash Dataviewer.Tests.DLL" adapterTypeName="Microsoft.VisualStudio.TestTools.TestTypes.Unit.UnitTestAdapter, Microsoft.VisualStudio.QualityTools.Tips.UnitTest.Adapter, Version=10.0.0.0, Culture=neutral, PublicKeyToken=b03f5f7f11d50a3a" className="Solarsplash_Dataviewer.Tests.EF_RunDataRepositoryTest, Solarsplash Dataviewer.Tests, Version=1.0.0.0, Culture=neutral, PublicKeyToken=null" name="Add_RunElement_to_RunDataTest" />
    </UnitTest>
    <UnitTest name="readFileToDBTest" storage="c:\users\steven\documents\visual studio 2010\projects\solarsplash dataviewer\solarsplash dataviewer.tests\bin\debug\solarsplash dataviewer.tests.dll" id="6ec59e4e-aa64-d0f7-090f-993fb9f02a5c">
      <DeploymentItems>
        <DeploymentItem filename="Solarsplash Dataviewer.dll" />
      </DeploymentItems>
      <Execution id="e498fc8f-88b1-4172-94bd-0f9f9bae3464" />
      <TestMethod codeBase="C:/Users/Steven/Documents/Visual Studio 2010/Projects/Solarsplash Dataviewer/Solarsplash Dataviewer.Tests/bin/Debug/Solarsplash Dataviewer.Tests.DLL" adapterTypeName="Microsoft.VisualStudio.TestTools.TestTypes.Unit.UnitTestAdapter, Microsoft.VisualStudio.QualityTools.Tips.UnitTest.Adapter, Version=10.0.0.0, Culture=neutral, PublicKeyToken=b03f5f7f11d50a3a" className="Solarsplash_Dataviewer.Tests.CSVToDataTest, Solarsplash Dataviewer.Tests, Version=1.0.0.0, Culture=neutral, PublicKeyToken=null" name="readFileToDBTest" />
    </UnitTest>
    <UnitTest name="About" storage="c:\users\steven\documents\visual studio 2010\projects\solarsplash dataviewer\solarsplash dataviewer.tests\bin\debug\solarsplash dataviewer.tests.dll" id="742ecd9b-4223-8fd5-5396-765d0ac32906">
      <Execution id="5fe53b2b-e740-4ddb-a47b-6c9c93b16771" />
      <TestMethod codeBase="C:/Users/Steven/Documents/Visual Studio 2010/Projects/Solarsplash Dataviewer/Solarsplash Dataviewer.Tests/bin/Debug/Solarsplash Dataviewer.Tests.DLL" adapterTypeName="Microsoft.VisualStudio.TestTools.TestTypes.Unit.UnitTestAdapter, Microsoft.VisualStudio.QualityTools.Tips.UnitTest.Adapter, Version=10.0.0.0, Culture=neutral, PublicKeyToken=b03f5f7f11d50a3a" className="Solarsplash_Dataviewer.Tests.Controllers.HomeControllerTest, Solarsplash Dataviewer.Tests, Version=1.0.0.0, Culture=neutral, PublicKeyToken=null" name="About" />
    </UnitTest>
    <UnitTest name="Add_data_element_from_get" storage="c:\users\steven\documents\visual studio 2010\projects\solarsplash dataviewer\solarsplash dataviewer.tests\bin\debug\solarsplash dataviewer.tests.dll" id="15c31b55-effd-73ab-1e7e-1684cb858faf">
      <Execution id="391d5985-1939-4190-b89f-8457de8b2350" />
      <TestMethod codeBase="C:/Users/Steven/Documents/Visual Studio 2010/Projects/Solarsplash Dataviewer/Solarsplash Dataviewer.Tests/bin/Debug/Solarsplash Dataviewer.Tests.DLL" adapterTypeName="Microsoft.VisualStudio.TestTools.TestTypes.Unit.UnitTestAdapter, Microsoft.VisualStudio.QualityTools.Tips.UnitTest.Adapter, Version=10.0.0.0, Culture=neutral, PublicKeyToken=b03f5f7f11d50a3a" className="Solarsplash_Dataviewer.Tests.POST_DataControllerTest, Solarsplash Dataviewer.Tests, Version=1.0.0.0, Culture=neutral, PublicKeyToken=null" name="Add_data_element_from_get" />
    </UnitTest>
  </TestDefinitions>
  <TestLists>
    <TestList name="Results Not in a List" id="8c84fa94-04c1-424b-9868-57a2d4851a1d" />
    <TestList name="All Loaded Results" id="19431567-8539-422a-85d7-44ee4e166bda" />
  </TestLists>
  <TestEntries>
    <TestEntry testId="15c31b55-effd-73ab-1e7e-1684cb858faf" executionId="391d5985-1939-4190-b89f-8457de8b2350" testListId="8c84fa94-04c1-424b-9868-57a2d4851a1d" />
    <TestEntry testId="2b658189-2c37-2dd3-6c27-c85537b42d2e" executionId="931d61d5-a39d-49c6-864f-dad3a363b8a9" testListId="8c84fa94-04c1-424b-9868-57a2d4851a1d" />
    <TestEntry testId="2da12302-e1dc-024c-2562-d02987442de2" executionId="b6f6bd1d-017b-4ece-8320-5357f456ccac" testListId="8c84fa94-04c1-424b-9868-57a2d4851a1d" />
    <TestEntry testId="2eb25e41-ea7c-d330-4dbe-fa22ff3d1479" executionId="07d01038-0d40-4a6d-81b3-a755df9e58b8" testListId="8c84fa94-04c1-424b-9868-57a2d4851a1d" />
    <TestEntry testId="322069c0-a6eb-ca33-5cdf-3e619cefb3fe" executionId="53a3f28e-cd0d-4183-9cc2-886c0e6f53f0" testListId="8c84fa94-04c1-424b-9868-57a2d4851a1d" />
    <TestEntry testId="4e1a03c8-37bf-ba18-77c0-c8ebe424550d" executionId="ac550ddd-127e-4781-9e85-877e8f0fc76c" testListId="8c84fa94-04c1-424b-9868-57a2d4851a1d" />
    <TestEntry testId="6ec59e4e-aa64-d0f7-090f-993fb9f02a5c" executionId="e498fc8f-88b1-4172-94bd-0f9f9bae3464" testListId="8c84fa94-04c1-424b-9868-57a2d4851a1d" />
    <TestEntry testId="72a78b78-7a94-a6d5-bd36-5ad4b0561f4e" executionId="18e11b49-8e48-4843-acc5-c2ab17db74e2" testListId="8c84fa94-04c1-424b-9868-57a2d4851a1d" />
    <TestEntry testId="742ecd9b-4223-8fd5-5396-765d0ac32906" executionId="5fe53b2b-e740-4ddb-a47b-6c9c93b16771" testListId="8c84fa94-04c1-424b-9868-57a2d4851a1d" />
    <TestEntry testId="8e3668e6-5ca4-f0c4-0089-5268b49c90f0" executionId="ba8d583e-bed2-4941-be1d-971b79b90c81" testListId="8c84fa94-04c1-424b-9868-57a2d4851a1d" />
    <TestEntry testId="ad583741-8555-8ff8-3f5b-a1bb3cbeeaad" executionId="9ff9834d-6588-4bba-a6d6-3dc46ae31b4a" testListId="8c84fa94-04c1-424b-9868-57a2d4851a1d" />
    <TestEntry testId="af1388b0-4847-1118-ee40-47d21b95fceb" executionId="67183637-0c35-42fc-984f-c0d5a56c433b" testListId="8c84fa94-04c1-424b-9868-57a2d4851a1d" />
    <TestEntry testId="cfadff06-d396-3a95-0cd0-354e21c39ae2" executionId="d8e7ea4e-9335-4507-8fa7-31c3e73f7503" testListId="8c84fa94-04c1-424b-9868-57a2d4851a1d" />
    <TestEntry testId="d15e0780-8a76-d04b-eb0b-27de33671791" executionId="95f60f0e-e1d1-4583-923b-f4ce3915d542" testListId="8c84fa94-04c1-424b-9868-57a2d4851a1d" />
    <TestEntry testId="d2f3a139-e786-e653-a40d-974ae24e7b5d" executionId="a6d24f02-8743-4d40-bd15-9d67f5718976" testListId="8c84fa94-04c1-424b-9868-57a2d4851a1d" />
    <TestEntry testId="d486ce53-faf2-493c-fb8a-50cdb8b7dfd0" executionId="0f742395-d549-4945-b7c5-c8215f12c753" testListId="8c84fa94-04c1-424b-9868-57a2d4851a1d" />
    <TestEntry testId="e2da6808-d8cf-0981-42b8-768f80e3a44a" executionId="4e73978e-69ee-4a7a-8517-f9c5cb8b3307" testListId="8c84fa94-04c1-424b-9868-57a2d4851a1d" />
  </TestEntries>
  <Results>
    <UnitTestResult executionId="391d5985-1939-4190-b89f-8457de8b2350" testId="15c31b55-effd-73ab-1e7e-1684cb858faf" testName="Add_data_element_from_get" computerName="2TAFFY" duration="00:00:00.0731757" startTime="2012-02-25T22:47:27.4033203-05:00" endTime="2012-02-25T22:47:27.9902343-05:00" testType="13cdc9d9-ddb5-4fa4-a97d-d965ccfc6d4b" outcome="Passed" testListId="8c84fa94-04c1-424b-9868-57a2d4851a1d" relativeResultsDirectory="391d5985-1939-4190-b89f-8457de8b2350">
    </UnitTestResult>
    <UnitTestResult executionId="931d61d5-a39d-49c6-864f-dad3a363b8a9" testId="2b658189-2c37-2dd3-6c27-c85537b42d2e" testName="GetMd5HashTest" computerName="2TAFFY" duration="00:00:00.0046123" startTime="2012-02-25T22:47:27.9980468-05:00" endTime="2012-02-25T22:47:28.0117187-05:00" testType="13cdc9d9-ddb5-4fa4-a97d-d965ccfc6d4b" outcome="Passed" testListId="8c84fa94-04c1-424b-9868-57a2d4851a1d" relativeResultsDirectory="931d61d5-a39d-49c6-864f-dad3a363b8a9">
    </UnitTestResult>
    <UnitTestResult executionId="b6f6bd1d-017b-4ece-8320-5357f456ccac" testId="2da12302-e1dc-024c-2562-d02987442de2" testName="Get_RunData_base_objectTest" computerName="2TAFFY" duration="00:00:01.8898314" startTime="2012-02-25T22:47:28.0175781-05:00" endTime="2012-02-25T22:47:29.9169921-05:00" testType="13cdc9d9-ddb5-4fa4-a97d-d965ccfc6d4b" outcome="Inconclusive" testListId="8c84fa94-04c1-424b-9868-57a2d4851a1d" relativeResultsDirectory="b6f6bd1d-017b-4ece-8320-5357f456ccac">
      <Output>
        <ErrorInfo>
          <Message>Assert.Inconclusive failed. Verify the correctness of this test method.</Message>
          <StackTrace>   at Solarsplash_Dataviewer.Tests.EF_RunDataRepositoryTest.Get_RunData_base_objectTest() in C:\Users\Steven\Documents\Visual Studio 2010\Projects\Solarsplash Dataviewer\Solarsplash Dataviewer.Tests\EF_RunDataRepositoryTest.cs:line 97
</StackTrace>
        </ErrorInfo>
      </Output>
    </UnitTestResult>
    <UnitTestResult executionId="07d01038-0d40-4a6d-81b3-a755df9e58b8" testId="2eb25e41-ea7c-d330-4dbe-fa22ff3d1479" testName="Get_RunData_objectTest" computerName="2TAFFY" duration="00:00:00.1262098" startTime="2012-02-25T22:47:29.9287109-05:00" endTime="2012-02-25T22:47:30.0742187-05:00" testType="13cdc9d9-ddb5-4fa4-a97d-d965ccfc6d4b" outcome="Inconclusive" testListId="8c84fa94-04c1-424b-9868-57a2d4851a1d" relativeResultsDirectory="07d01038-0d40-4a6d-81b3-a755df9e58b8">
      <Output>
        <ErrorInfo>
          <Message>Assert.Inconclusive failed. Verify the correctness of this test method.</Message>
          <StackTrace>   at Solarsplash_Dataviewer.Tests.EF_RunDataRepositoryTest.Get_RunData_objectTest() in C:\Users\Steven\Documents\Visual Studio 2010\Projects\Solarsplash Dataviewer\Solarsplash Dataviewer.Tests\EF_RunDataRepositoryTest.cs:line 82
</StackTrace>
        </ErrorInfo>
      </Output>
    </UnitTestResult>
    <UnitTestResult executionId="53a3f28e-cd0d-4183-9cc2-886c0e6f53f0" testId="322069c0-a6eb-ca33-5cdf-3e619cefb3fe" testName="Delete_RunData_objectTest" computerName="2TAFFY" duration="00:00:00.0361669" startTime="2012-02-25T22:47:30.0869140-05:00" endTime="2012-02-25T22:47:30.1298828-05:00" testType="13cdc9d9-ddb5-4fa4-a97d-d965ccfc6d4b" outcome="Failed" testListId="8c84fa94-04c1-424b-9868-57a2d4851a1d" relativeResultsDirectory="53a3f28e-cd0d-4183-9cc2-886c0e6f53f0">
      <Output>
        <ErrorInfo>
          <Message>Test method Solarsplash_Dataviewer.Tests.EF_RunDataRepositoryTest.Delete_RunData_objectTest threw exception: 
System.ArgumentNullException: Value cannot be null.
Parameter name: entity</Message>
          <StackTrace>    at System.Data.Entity.ModelConfiguration.Utilities.RuntimeFailureMethods.ReportFailure(ContractFailureKind contractFailureKind, String userMessage, String conditionText, Exception innerException)
   at System.Data.Entity.DbSet`1.Remove(TEntity entity)
   at Solarsplash_Dataviewer.Models.EF_RunDataRepository.Delete_RunData_object(RunData item) in C:\Users\Steven\Documents\Visual Studio 2010\Projects\Solarsplash Dataviewer\Solarsplash Dataviewer\Models\EF_RunDataRepository.cs:line 24
   at Solarsplash_Dataviewer.Tests.EF_RunDataRepositoryTest.Delete_RunData_objectTest() in C:\Users\Steven\Documents\Visual Studio 2010\Projects\Solarsplash Dataviewer\Solarsplash Dataviewer.Tests\EF_RunDataRepositoryTest.cs:line 110
</StackTrace>
        </ErrorInfo>
      </Output>
    </UnitTestResult>
    <UnitTestResult executionId="ac550ddd-127e-4781-9e85-877e8f0fc76c" testId="4e1a03c8-37bf-ba18-77c0-c8ebe424550d" testName="extractDataTest" computerName="2TAFFY" duration="00:00:00.0107858" startTime="2012-02-25T22:47:30.1464843-05:00" endTime="2012-02-25T22:47:30.1708984-05:00" testType="13cdc9d9-ddb5-4fa4-a97d-d965ccfc6d4b" outcome="Passed" testListId="8c84fa94-04c1-424b-9868-57a2d4851a1d" relativeResultsDirectory="ac550ddd-127e-4781-9e85-877e8f0fc76c">
    </UnitTestResult>
    <UnitTestResult executionId="e498fc8f-88b1-4172-94bd-0f9f9bae3464" testId="6ec59e4e-aa64-d0f7-090f-993fb9f02a5c" testName="readFileToDBTest" computerName="2TAFFY" duration="00:00:00.0016510" startTime="2012-02-25T22:47:30.2138671-05:00" endTime="2012-02-25T22:47:30.2392578-05:00" testType="13cdc9d9-ddb5-4fa4-a97d-d965ccfc6d4b" outcome="Passed" testListId="8c84fa94-04c1-424b-9868-57a2d4851a1d" relativeResultsDirectory="e498fc8f-88b1-4172-94bd-0f9f9bae3464">
    </UnitTestResult>
    <UnitTestResult executionId="18e11b49-8e48-4843-acc5-c2ab17db74e2" testId="72a78b78-7a94-a6d5-bd36-5ad4b0561f4e" testName="Add_RunElement_to_RunDataTest" computerName="2TAFFY" duration="00:00:00.0209632" startTime="2012-02-25T22:47:30.2490234-05:00" endTime="2012-02-25T22:47:30.2792968-05:00" testType="13cdc9d9-ddb5-4fa4-a97d-d965ccfc6d4b" outcome="Failed" testListId="8c84fa94-04c1-424b-9868-57a2d4851a1d" relativeResultsDirectory="18e11b49-8e48-4843-acc5-c2ab17db74e2">
      <Output>
        <ErrorInfo>
          <Message>Test method Solarsplash_Dataviewer.Tests.EF_RunDataRepositoryTest.Add_RunElement_to_RunDataTest threw exception: 
System.NullReferenceException: Object reference not set to an instance of an object.</Message>
          <StackTrace>    at Solarsplash_Dataviewer.Models.EF_RunDataRepository.Add_RunElement_to_RunData(String name, RunElement element) in C:\Users\Steven\Documents\Visual Studio 2010\Projects\Solarsplash Dataviewer\Solarsplash Dataviewer\Models\EF_RunDataRepository.cs:line 32
   at Solarsplash_Dataviewer.Tests.EF_RunDataRepositoryTest.Add_RunElement_to_RunDataTest() in C:\Users\Steven\Documents\Visual Studio 2010\Projects\Solarsplash Dataviewer\Solarsplash Dataviewer.Tests\EF_RunDataRepositoryTest.cs:line 126
</StackTrace>
        </ErrorInfo>
      </Output>
    </UnitTestResult>
    <UnitTestResult executionId="5fe53b2b-e740-4ddb-a47b-6c9c93b16771" testId="742ecd9b-4223-8fd5-5396-765d0ac32906" testName="About" computerName="2TAFFY" duration="00:00:00.0008090" startTime="2012-02-25T22:47:30.2919921-05:00" endTime="2012-02-25T22:47:30.2988281-05:00" testType="13cdc9d9-ddb5-4fa4-a97d-d965ccfc6d4b" outcome="Passed" testListId="8c84fa94-04c1-424b-9868-57a2d4851a1d" relativeResultsDirectory="5fe53b2b-e740-4ddb-a47b-6c9c93b16771">
    </UnitTestResult>
    <UnitTestResult executionId="ba8d583e-bed2-4941-be1d-971b79b90c81" testId="8e3668e6-5ca4-f0c4-0089-5268b49c90f0" testName="getAverageTest" computerName="2TAFFY" duration="00:00:00.0029010" startTime="2012-02-25T22:47:30.3056640-05:00" endTime="2012-02-25T22:47:30.3164062-05:00" testType="13cdc9d9-ddb5-4fa4-a97d-d965ccfc6d4b" outcome="Passed" testListId="8c84fa94-04c1-424b-9868-57a2d4851a1d" relativeResultsDirectory="ba8d583e-bed2-4941-be1d-971b79b90c81">
    </UnitTestResult>
    <UnitTestResult executionId="9ff9834d-6588-4bba-a6d6-3dc46ae31b4a" testId="ad583741-8555-8ff8-3f5b-a1bb3cbeeaad" testName="getTotalAverageTest" computerName="2TAFFY" duration="00:00:00.0007991" startTime="2012-02-25T22:47:30.3232421-05:00" endTime="2012-02-25T22:47:30.3300781-05:00" testType="13cdc9d9-ddb5-4fa4-a97d-d965ccfc6d4b" outcome="Passed" testListId="8c84fa94-04c1-424b-9868-57a2d4851a1d" relativeResultsDirectory="9ff9834d-6588-4bba-a6d6-3dc46ae31b4a">
    </UnitTestResult>
    <UnitTestResult executionId="67183637-0c35-42fc-984f-c0d5a56c433b" testId="af1388b0-4847-1118-ee40-47d21b95fceb" testName="Index" computerName="2TAFFY" duration="00:00:00.0394152" startTime="2012-02-25T22:47:30.3378906-05:00" endTime="2012-02-25T22:47:30.3847656-05:00" testType="13cdc9d9-ddb5-4fa4-a97d-d965ccfc6d4b" outcome="Passed" testListId="8c84fa94-04c1-424b-9868-57a2d4851a1d" relativeResultsDirectory="67183637-0c35-42fc-984f-c0d5a56c433b">
    </UnitTestResult>
    <UnitTestResult executionId="d8e7ea4e-9335-4507-8fa7-31c3e73f7503" testId="cfadff06-d396-3a95-0cd0-354e21c39ae2" testName="Add_New_RunTest" computerName="2TAFFY" duration="00:00:00.0141218" startTime="2012-02-25T22:47:30.3916015-05:00" endTime="2012-02-25T22:47:30.4130859-05:00" testType="13cdc9d9-ddb5-4fa4-a97d-d965ccfc6d4b" outcome="Failed" testListId="8c84fa94-04c1-424b-9868-57a2d4851a1d" relativeResultsDirectory="d8e7ea4e-9335-4507-8fa7-31c3e73f7503">
      <Output>
        <ErrorInfo>
          <Message>Test method Solarsplash_Dataviewer.Tests.EF_RunDataRepositoryTest.Add_New_RunTest threw exception: 
System.ArgumentNullException: Value cannot be null.
Parameter name: collection</Message>
          <StackTrace>    at System.Collections.Generic.List`1.InsertRange(Int32 index, IEnumerable`1 collection)
   at System.Collections.Generic.List`1.AddRange(IEnumerable`1 collection)
   at Solarsplash_Dataviewer.Models.EF_RunDataRepository.Add_New_Run(String name, List`1 labels) in C:\Users\Steven\Documents\Visual Studio 2010\Projects\Solarsplash Dataviewer\Solarsplash Dataviewer\Models\EF_RunDataRepository.cs:line 46
   at Solarsplash_Dataviewer.Tests.EF_RunDataRepositoryTest.Add_New_RunTest() in C:\Users\Steven\Documents\Visual Studio 2010\Projects\Solarsplash Dataviewer\Solarsplash Dataviewer.Tests\EF_RunDataRepositoryTest.cs:line 140
</StackTrace>
        </ErrorInfo>
      </Output>
    </UnitTestResult>
    <UnitTestResult executionId="95f60f0e-e1d1-4583-923b-f4ce3915d542" testId="d15e0780-8a76-d04b-eb0b-27de33671791" testName="readDataLabelsTest" computerName="2TAFFY" duration="00:00:00.0008803" startTime="2012-02-25T22:47:30.4189453-05:00" endTime="2012-02-25T22:47:30.4335937-05:00" testType="13cdc9d9-ddb5-4fa4-a97d-d965ccfc6d4b" outcome="Passed" testListId="8c84fa94-04c1-424b-9868-57a2d4851a1d" relativeResultsDirectory="95f60f0e-e1d1-4583-923b-f4ce3915d542">
    </UnitTestResult>
    <UnitTestResult executionId="a6d24f02-8743-4d40-bd15-9d67f5718976" testId="d2f3a139-e786-e653-a40d-974ae24e7b5d" testName="AddRun_test_add_new_run_to_database" computerName="2TAFFY" duration="00:00:00.0052411" startTime="2012-02-25T22:47:30.4384765-05:00" endTime="2012-02-25T22:47:30.4521484-05:00" testType="13cdc9d9-ddb5-4fa4-a97d-d965ccfc6d4b" outcome="Passed" testListId="8c84fa94-04c1-424b-9868-57a2d4851a1d" relativeResultsDirectory="a6d24f02-8743-4d40-bd15-9d67f5718976">
    </UnitTestResult>
    <UnitTestResult executionId="0f742395-d549-4945-b7c5-c8215f12c753" testId="d486ce53-faf2-493c-fb8a-50cdb8b7dfd0" testName="getDataPositionTest" computerName="2TAFFY" duration="00:00:00.0026527" startTime="2012-02-25T22:47:30.4589843-05:00" endTime="2012-02-25T22:47:30.4707031-05:00" testType="13cdc9d9-ddb5-4fa4-a97d-d965ccfc6d4b" outcome="Passed" testListId="8c84fa94-04c1-424b-9868-57a2d4851a1d" relativeResultsDirectory="0f742395-d549-4945-b7c5-c8215f12c753">
    </UnitTestResult>
    <UnitTestResult executionId="4e73978e-69ee-4a7a-8517-f9c5cb8b3307" testId="e2da6808-d8cf-0981-42b8-768f80e3a44a" testName="getLastFewAverageTest" computerName="2TAFFY" duration="00:00:00.0014309" startTime="2012-02-25T22:47:30.4746093-05:00" endTime="2012-02-25T22:47:30.4853515-05:00" testType="13cdc9d9-ddb5-4fa4-a97d-d965ccfc6d4b" outcome="Passed" testListId="8c84fa94-04c1-424b-9868-57a2d4851a1d" relativeResultsDirectory="4e73978e-69ee-4a7a-8517-f9c5cb8b3307">
    </UnitTestResult>
  </Results>
</TestRun>