<?xml version="1.0" encoding="UTF-8"?>
<TestRun id="60b214a5-91f7-46e0-8381-f0b4eb9fdcb9" name="Steven@2TAFFY 2012-02-25 22:38:45" runUser="2taffy\Steven" xmlns="http://microsoft.com/schemas/VisualStudio/TeamTest/2010">
  <TestSettings name="Default Test Settings" id="1e9a1d5a-45c7-4cdd-bf8f-474a3d86e51c">
    <Deployment runDeploymentRoot="Steven_2TAFFY 2012-02-25 22_38_45">
      <DeploymentItem filename="C:\Users\Steven\Documents\Visual Studio 2010\Projects\Solarsplash Dataviewer\Solarsplash Dataviewer\bin\Solarsplash Dataviewer.dll" />
      <DeploymentItem filename="C:\Users\Steven\Documents\Visual Studio 2010\Projects\Solarsplash Dataviewer\Solarsplash Dataviewer.Tests\bin\Debug\EntityFramework.dll" />
    </Deployment>
    <Execution>
      <TestTypeSpecific />
      <AgentRule name="Execution Agents">
      </AgentRule>
    </Execution>
  </TestSettings>
  <Times creation="2012-02-25T22:38:45.1083984-05:00" queuing="2012-02-25T22:38:46.4365234-05:00" start="2012-02-25T22:38:46.6083984-05:00" finish="2012-02-25T22:38:48.4677734-05:00" />
  <ResultSummary outcome="Completed">
    <Counters total="12" executed="12" passed="12" error="0" failed="0" timeout="0" aborted="0" inconclusive="0" passedButRunAborted="0" notRunnable="0" notExecuted="0" disconnected="0" warning="0" completed="0" inProgress="0" pending="0" />
  </ResultSummary>
  <TestDefinitions>
    <UnitTest name="AddRun_test_add_new_run_to_database" storage="c:\users\steven\documents\visual studio 2010\projects\solarsplash dataviewer\solarsplash dataviewer.tests\bin\debug\solarsplash dataviewer.tests.dll" id="d2f3a139-e786-e653-a40d-974ae24e7b5d">
      <Execution id="63608015-d627-47cc-8449-bb7dc846008d" />
      <TestMethod codeBase="C:/Users/Steven/Documents/Visual Studio 2010/Projects/Solarsplash Dataviewer/Solarsplash Dataviewer.Tests/bin/Debug/Solarsplash Dataviewer.Tests.DLL" adapterTypeName="Microsoft.VisualStudio.TestTools.TestTypes.Unit.UnitTestAdapter, Microsoft.VisualStudio.QualityTools.Tips.UnitTest.Adapter, Version=10.0.0.0, Culture=neutral, PublicKeyToken=b03f5f7f11d50a3a" className="Solarsplash_Dataviewer.Tests.POST_DataControllerTest, Solarsplash Dataviewer.Tests, Version=1.0.0.0, Culture=neutral, PublicKeyToken=null" name="AddRun_test_add_new_run_to_database" />
    </UnitTest>
    <UnitTest name="Add_data_element_from_get" storage="c:\users\steven\documents\visual studio 2010\projects\solarsplash dataviewer\solarsplash dataviewer.tests\bin\debug\solarsplash dataviewer.tests.dll" id="15c31b55-effd-73ab-1e7e-1684cb858faf">
      <Execution id="731a157a-53a3-4828-bbac-397c1431f827" />
      <TestMethod codeBase="C:/Users/Steven/Documents/Visual Studio 2010/Projects/Solarsplash Dataviewer/Solarsplash Dataviewer.Tests/bin/Debug/Solarsplash Dataviewer.Tests.DLL" adapterTypeName="Microsoft.VisualStudio.TestTools.TestTypes.Unit.UnitTestAdapter, Microsoft.VisualStudio.QualityTools.Tips.UnitTest.Adapter, Version=10.0.0.0, Culture=neutral, PublicKeyToken=b03f5f7f11d50a3a" className="Solarsplash_Dataviewer.Tests.POST_DataControllerTest, Solarsplash Dataviewer.Tests, Version=1.0.0.0, Culture=neutral, PublicKeyToken=null" name="Add_data_element_from_get" />
    </UnitTest>
    <UnitTest name="getLastFewAverageTest" storage="c:\users\steven\documents\visual studio 2010\projects\solarsplash dataviewer\solarsplash dataviewer.tests\bin\debug\solarsplash dataviewer.tests.dll" id="e2da6808-d8cf-0981-42b8-768f80e3a44a">
      <Execution id="0cf81a6f-dd19-44f3-9a6c-3af74cf4bd02" />
      <TestMethod codeBase="C:/Users/Steven/Documents/Visual Studio 2010/Projects/Solarsplash Dataviewer/Solarsplash Dataviewer.Tests/bin/Debug/Solarsplash Dataviewer.Tests.DLL" adapterTypeName="Microsoft.VisualStudio.TestTools.TestTypes.Unit.UnitTestAdapter, Microsoft.VisualStudio.QualityTools.Tips.UnitTest.Adapter, Version=10.0.0.0, Culture=neutral, PublicKeyToken=b03f5f7f11d50a3a" className="Solarsplash_Dataviewer.Tests.AveragerTest, Solarsplash Dataviewer.Tests, Version=1.0.0.0, Culture=neutral, PublicKeyToken=null" name="getLastFewAverageTest" />
    </UnitTest>
    <UnitTest name="Index" storage="c:\users\steven\documents\visual studio 2010\projects\solarsplash dataviewer\solarsplash dataviewer.tests\bin\debug\solarsplash dataviewer.tests.dll" id="af1388b0-4847-1118-ee40-47d21b95fceb">
      <Execution id="70c1a1ca-e134-4f54-a811-eb271cce9d26" />
      <TestMethod codeBase="C:/Users/Steven/Documents/Visual Studio 2010/Projects/Solarsplash Dataviewer/Solarsplash Dataviewer.Tests/bin/Debug/Solarsplash Dataviewer.Tests.DLL" adapterTypeName="Microsoft.VisualStudio.TestTools.TestTypes.Unit.UnitTestAdapter, Microsoft.VisualStudio.QualityTools.Tips.UnitTest.Adapter, Version=10.0.0.0, Culture=neutral, PublicKeyToken=b03f5f7f11d50a3a" className="Solarsplash_Dataviewer.Tests.Controllers.HomeControllerTest, Solarsplash Dataviewer.Tests, Version=1.0.0.0, Culture=neutral, PublicKeyToken=null" name="Index" />
    </UnitTest>
    <UnitTest name="About" storage="c:\users\steven\documents\visual studio 2010\projects\solarsplash dataviewer\solarsplash dataviewer.tests\bin\debug\solarsplash dataviewer.tests.dll" id="742ecd9b-4223-8fd5-5396-765d0ac32906">
      <Execution id="95dfd292-dc28-4e98-8779-cc1ddb5c024b" />
      <TestMethod codeBase="C:/Users/Steven/Documents/Visual Studio 2010/Projects/Solarsplash Dataviewer/Solarsplash Dataviewer.Tests/bin/Debug/Solarsplash Dataviewer.Tests.DLL" adapterTypeName="Microsoft.VisualStudio.TestTools.TestTypes.Unit.UnitTestAdapter, Microsoft.VisualStudio.QualityTools.Tips.UnitTest.Adapter, Version=10.0.0.0, Culture=neutral, PublicKeyToken=b03f5f7f11d50a3a" className="Solarsplash_Dataviewer.Tests.Controllers.HomeControllerTest, Solarsplash Dataviewer.Tests, Version=1.0.0.0, Culture=neutral, PublicKeyToken=null" name="About" />
    </UnitTest>
    <UnitTest name="readDataLabelsTest" storage="c:\users\steven\documents\visual studio 2010\projects\solarsplash dataviewer\solarsplash dataviewer.tests\bin\debug\solarsplash dataviewer.tests.dll" id="d15e0780-8a76-d04b-eb0b-27de33671791">
      <DeploymentItems>
        <DeploymentItem filename="Solarsplash Dataviewer.dll" />
      </DeploymentItems>
      <Execution id="d30dafa6-79c4-4572-981a-1e4ef30d20a6" />
      <TestMethod codeBase="C:/Users/Steven/Documents/Visual Studio 2010/Projects/Solarsplash Dataviewer/Solarsplash Dataviewer.Tests/bin/Debug/Solarsplash Dataviewer.Tests.DLL" adapterTypeName="Microsoft.VisualStudio.TestTools.TestTypes.Unit.UnitTestAdapter, Microsoft.VisualStudio.QualityTools.Tips.UnitTest.Adapter, Version=10.0.0.0, Culture=neutral, PublicKeyToken=b03f5f7f11d50a3a" className="Solarsplash_Dataviewer.Tests.CSVToDataTest, Solarsplash Dataviewer.Tests, Version=1.0.0.0, Culture=neutral, PublicKeyToken=null" name="readDataLabelsTest" />
    </UnitTest>
    <UnitTest name="extractDataTest" storage="c:\users\steven\documents\visual studio 2010\projects\solarsplash dataviewer\solarsplash dataviewer.tests\bin\debug\solarsplash dataviewer.tests.dll" id="4e1a03c8-37bf-ba18-77c0-c8ebe424550d">
      <DeploymentItems>
        <DeploymentItem filename="Solarsplash Dataviewer.dll" />
      </DeploymentItems>
      <Execution id="60f57ec1-55e5-4737-827f-0f5b85106440" />
      <TestMethod codeBase="C:/Users/Steven/Documents/Visual Studio 2010/Projects/Solarsplash Dataviewer/Solarsplash Dataviewer.Tests/bin/Debug/Solarsplash Dataviewer.Tests.DLL" adapterTypeName="Microsoft.VisualStudio.TestTools.TestTypes.Unit.UnitTestAdapter, Microsoft.VisualStudio.QualityTools.Tips.UnitTest.Adapter, Version=10.0.0.0, Culture=neutral, PublicKeyToken=b03f5f7f11d50a3a" className="Solarsplash_Dataviewer.Tests.DataExtractorTest, Solarsplash Dataviewer.Tests, Version=1.0.0.0, Culture=neutral, PublicKeyToken=null" name="extractDataTest" />
    </UnitTest>
    <UnitTest name="GetMd5HashTest" storage="c:\users\steven\documents\visual studio 2010\projects\solarsplash dataviewer\solarsplash dataviewer.tests\bin\debug\solarsplash dataviewer.tests.dll" id="2b658189-2c37-2dd3-6c27-c85537b42d2e">
      <DeploymentItems>
        <DeploymentItem filename="Solarsplash Dataviewer.dll" />
      </DeploymentItems>
      <Execution id="4e5eeb28-9466-4b1a-bec0-8ce1e91246ae" />
      <TestMethod codeBase="C:/Users/Steven/Documents/Visual Studio 2010/Projects/Solarsplash Dataviewer/Solarsplash Dataviewer.Tests/bin/Debug/Solarsplash Dataviewer.Tests.DLL" adapterTypeName="Microsoft.VisualStudio.TestTools.TestTypes.Unit.UnitTestAdapter, Microsoft.VisualStudio.QualityTools.Tips.UnitTest.Adapter, Version=10.0.0.0, Culture=neutral, PublicKeyToken=b03f5f7f11d50a3a" className="Solarsplash_Dataviewer.Tests.POST_DataControllerTest, Solarsplash Dataviewer.Tests, Version=1.0.0.0, Culture=neutral, PublicKeyToken=null" name="GetMd5HashTest" />
    </UnitTest>
    <UnitTest name="getAverageTest" storage="c:\users\steven\documents\visual studio 2010\projects\solarsplash dataviewer\solarsplash dataviewer.tests\bin\debug\solarsplash dataviewer.tests.dll" id="8e3668e6-5ca4-f0c4-0089-5268b49c90f0">
      <DeploymentItems>
        <DeploymentItem filename="Solarsplash Dataviewer.dll" />
      </DeploymentItems>
      <Execution id="1378adf7-6322-4be7-8137-3c25d05dcab8" />
      <TestMethod codeBase="C:/Users/Steven/Documents/Visual Studio 2010/Projects/Solarsplash Dataviewer/Solarsplash Dataviewer.Tests/bin/Debug/Solarsplash Dataviewer.Tests.DLL" adapterTypeName="Microsoft.VisualStudio.TestTools.TestTypes.Unit.UnitTestAdapter, Microsoft.VisualStudio.QualityTools.Tips.UnitTest.Adapter, Version=10.0.0.0, Culture=neutral, PublicKeyToken=b03f5f7f11d50a3a" className="Solarsplash_Dataviewer.Tests.AveragerTest, Solarsplash Dataviewer.Tests, Version=1.0.0.0, Culture=neutral, PublicKeyToken=null" name="getAverageTest" />
    </UnitTest>
    <UnitTest name="getTotalAverageTest" storage="c:\users\steven\documents\visual studio 2010\projects\solarsplash dataviewer\solarsplash dataviewer.tests\bin\debug\solarsplash dataviewer.tests.dll" id="ad583741-8555-8ff8-3f5b-a1bb3cbeeaad">
      <Execution id="17a7fcc9-e9b5-44b7-a3ea-bd0ef7fdb420" />
      <TestMethod codeBase="C:/Users/Steven/Documents/Visual Studio 2010/Projects/Solarsplash Dataviewer/Solarsplash Dataviewer.Tests/bin/Debug/Solarsplash Dataviewer.Tests.DLL" adapterTypeName="Microsoft.VisualStudio.TestTools.TestTypes.Unit.UnitTestAdapter, Microsoft.VisualStudio.QualityTools.Tips.UnitTest.Adapter, Version=10.0.0.0, Culture=neutral, PublicKeyToken=b03f5f7f11d50a3a" className="Solarsplash_Dataviewer.Tests.AveragerTest, Solarsplash Dataviewer.Tests, Version=1.0.0.0, Culture=neutral, PublicKeyToken=null" name="getTotalAverageTest" />
    </UnitTest>
    <UnitTest name="getDataPositionTest" storage="c:\users\steven\documents\visual studio 2010\projects\solarsplash dataviewer\solarsplash dataviewer.tests\bin\debug\solarsplash dataviewer.tests.dll" id="d486ce53-faf2-493c-fb8a-50cdb8b7dfd0">
      <DeploymentItems>
        <DeploymentItem filename="Solarsplash Dataviewer.dll" />
      </DeploymentItems>
      <Execution id="e55e10c1-082c-401f-967b-54ab50d58402" />
      <TestMethod codeBase="C:/Users/Steven/Documents/Visual Studio 2010/Projects/Solarsplash Dataviewer/Solarsplash Dataviewer.Tests/bin/Debug/Solarsplash Dataviewer.Tests.DLL" adapterTypeName="Microsoft.VisualStudio.TestTools.TestTypes.Unit.UnitTestAdapter, Microsoft.VisualStudio.QualityTools.Tips.UnitTest.Adapter, Version=10.0.0.0, Culture=neutral, PublicKeyToken=b03f5f7f11d50a3a" className="Solarsplash_Dataviewer.Tests.DataExtractorTest, Solarsplash Dataviewer.Tests, Version=1.0.0.0, Culture=neutral, PublicKeyToken=null" name="getDataPositionTest" />
    </UnitTest>
    <UnitTest name="readFileToDBTest" storage="c:\users\steven\documents\visual studio 2010\projects\solarsplash dataviewer\solarsplash dataviewer.tests\bin\debug\solarsplash dataviewer.tests.dll" id="6ec59e4e-aa64-d0f7-090f-993fb9f02a5c">
      <DeploymentItems>
        <DeploymentItem filename="Solarsplash Dataviewer.dll" />
      </DeploymentItems>
      <Execution id="01aabdf7-9d11-4066-80ed-8d97738032fd" />
      <TestMethod codeBase="C:/Users/Steven/Documents/Visual Studio 2010/Projects/Solarsplash Dataviewer/Solarsplash Dataviewer.Tests/bin/Debug/Solarsplash Dataviewer.Tests.DLL" adapterTypeName="Microsoft.VisualStudio.TestTools.TestTypes.Unit.UnitTestAdapter, Microsoft.VisualStudio.QualityTools.Tips.UnitTest.Adapter, Version=10.0.0.0, Culture=neutral, PublicKeyToken=b03f5f7f11d50a3a" className="Solarsplash_Dataviewer.Tests.CSVToDataTest, Solarsplash Dataviewer.Tests, Version=1.0.0.0, Culture=neutral, PublicKeyToken=null" name="readFileToDBTest" />
    </UnitTest>
  </TestDefinitions>
  <TestLists>
    <TestList name="Results Not in a List" id="8c84fa94-04c1-424b-9868-57a2d4851a1d" />
    <TestList name="All Loaded Results" id="19431567-8539-422a-85d7-44ee4e166bda" />
  </TestLists>
  <TestEntries>
    <TestEntry testId="15c31b55-effd-73ab-1e7e-1684cb858faf" executionId="731a157a-53a3-4828-bbac-397c1431f827" testListId="8c84fa94-04c1-424b-9868-57a2d4851a1d" />
    <TestEntry testId="2b658189-2c37-2dd3-6c27-c85537b42d2e" executionId="4e5eeb28-9466-4b1a-bec0-8ce1e91246ae" testListId="8c84fa94-04c1-424b-9868-57a2d4851a1d" />
    <TestEntry testId="4e1a03c8-37bf-ba18-77c0-c8ebe424550d" executionId="60f57ec1-55e5-4737-827f-0f5b85106440" testListId="8c84fa94-04c1-424b-9868-57a2d4851a1d" />
    <TestEntry testId="6ec59e4e-aa64-d0f7-090f-993fb9f02a5c" executionId="01aabdf7-9d11-4066-80ed-8d97738032fd" testListId="8c84fa94-04c1-424b-9868-57a2d4851a1d" />
    <TestEntry testId="742ecd9b-4223-8fd5-5396-765d0ac32906" executionId="95dfd292-dc28-4e98-8779-cc1ddb5c024b" testListId="8c84fa94-04c1-424b-9868-57a2d4851a1d" />
    <TestEntry testId="8e3668e6-5ca4-f0c4-0089-5268b49c90f0" executionId="1378adf7-6322-4be7-8137-3c25d05dcab8" testListId="8c84fa94-04c1-424b-9868-57a2d4851a1d" />
    <TestEntry testId="ad583741-8555-8ff8-3f5b-a1bb3cbeeaad" executionId="17a7fcc9-e9b5-44b7-a3ea-bd0ef7fdb420" testListId="8c84fa94-04c1-424b-9868-57a2d4851a1d" />
    <TestEntry testId="af1388b0-4847-1118-ee40-47d21b95fceb" executionId="70c1a1ca-e134-4f54-a811-eb271cce9d26" testListId="8c84fa94-04c1-424b-9868-57a2d4851a1d" />
    <TestEntry testId="d15e0780-8a76-d04b-eb0b-27de33671791" executionId="d30dafa6-79c4-4572-981a-1e4ef30d20a6" testListId="8c84fa94-04c1-424b-9868-57a2d4851a1d" />
    <TestEntry testId="d2f3a139-e786-e653-a40d-974ae24e7b5d" executionId="63608015-d627-47cc-8449-bb7dc846008d" testListId="8c84fa94-04c1-424b-9868-57a2d4851a1d" />
    <TestEntry testId="d486ce53-faf2-493c-fb8a-50cdb8b7dfd0" executionId="e55e10c1-082c-401f-967b-54ab50d58402" testListId="8c84fa94-04c1-424b-9868-57a2d4851a1d" />
    <TestEntry testId="e2da6808-d8cf-0981-42b8-768f80e3a44a" executionId="0cf81a6f-dd19-44f3-9a6c-3af74cf4bd02" testListId="8c84fa94-04c1-424b-9868-57a2d4851a1d" />
  </TestEntries>
  <Results>
    <UnitTestResult executionId="731a157a-53a3-4828-bbac-397c1431f827" testId="15c31b55-effd-73ab-1e7e-1684cb858faf" testName="Add_data_element_from_get" computerName="2TAFFY" duration="00:00:00.1230784" startTime="2012-02-25T22:38:46.7646484-05:00" endTime="2012-02-25T22:38:47.7333984-05:00" testType="13cdc9d9-ddb5-4fa4-a97d-d965ccfc6d4b" outcome="Passed" testListId="8c84fa94-04c1-424b-9868-57a2d4851a1d" relativeResultsDirectory="731a157a-53a3-4828-bbac-397c1431f827">
    </UnitTestResult>
    <UnitTestResult executionId="4e5eeb28-9466-4b1a-bec0-8ce1e91246ae" testId="2b658189-2c37-2dd3-6c27-c85537b42d2e" testName="GetMd5HashTest" computerName="2TAFFY" duration="00:00:00.1404201" startTime="2012-02-25T22:38:47.7490234-05:00" endTime="2012-02-25T22:38:47.8896484-05:00" testType="13cdc9d9-ddb5-4fa4-a97d-d965ccfc6d4b" outcome="Passed" testListId="8c84fa94-04c1-424b-9868-57a2d4851a1d" relativeResultsDirectory="4e5eeb28-9466-4b1a-bec0-8ce1e91246ae">
    </UnitTestResult>
    <UnitTestResult executionId="60f57ec1-55e5-4737-827f-0f5b85106440" testId="4e1a03c8-37bf-ba18-77c0-c8ebe424550d" testName="extractDataTest" computerName="2TAFFY" duration="00:00:00.0325592" startTime="2012-02-25T22:38:47.9052734-05:00" endTime="2012-02-25T22:38:47.9521484-05:00" testType="13cdc9d9-ddb5-4fa4-a97d-d965ccfc6d4b" outcome="Passed" testListId="8c84fa94-04c1-424b-9868-57a2d4851a1d" relativeResultsDirectory="60f57ec1-55e5-4737-827f-0f5b85106440">
    </UnitTestResult>
    <UnitTestResult executionId="01aabdf7-9d11-4066-80ed-8d97738032fd" testId="6ec59e4e-aa64-d0f7-090f-993fb9f02a5c" testName="readFileToDBTest" computerName="2TAFFY" duration="00:00:00.0013720" startTime="2012-02-25T22:38:47.9677734-05:00" endTime="2012-02-25T22:38:48.0302734-05:00" testType="13cdc9d9-ddb5-4fa4-a97d-d965ccfc6d4b" outcome="Passed" testListId="8c84fa94-04c1-424b-9868-57a2d4851a1d" relativeResultsDirectory="01aabdf7-9d11-4066-80ed-8d97738032fd">
    </UnitTestResult>
    <UnitTestResult executionId="95dfd292-dc28-4e98-8779-cc1ddb5c024b" testId="742ecd9b-4223-8fd5-5396-765d0ac32906" testName="About" computerName="2TAFFY" duration="00:00:00.0126324" startTime="2012-02-25T22:38:48.0615234-05:00" endTime="2012-02-25T22:38:48.0927734-05:00" testType="13cdc9d9-ddb5-4fa4-a97d-d965ccfc6d4b" outcome="Passed" testListId="8c84fa94-04c1-424b-9868-57a2d4851a1d" relativeResultsDirectory="95dfd292-dc28-4e98-8779-cc1ddb5c024b">
    </UnitTestResult>
    <UnitTestResult executionId="1378adf7-6322-4be7-8137-3c25d05dcab8" testId="8e3668e6-5ca4-f0c4-0089-5268b49c90f0" testName="getAverageTest" computerName="2TAFFY" duration="00:00:00.0546963" startTime="2012-02-25T22:38:48.0927734-05:00" endTime="2012-02-25T22:38:48.2021484-05:00" testType="13cdc9d9-ddb5-4fa4-a97d-d965ccfc6d4b" outcome="Passed" testListId="8c84fa94-04c1-424b-9868-57a2d4851a1d" relativeResultsDirectory="1378adf7-6322-4be7-8137-3c25d05dcab8">
    </UnitTestResult>
    <UnitTestResult executionId="17a7fcc9-e9b5-44b7-a3ea-bd0ef7fdb420" testId="ad583741-8555-8ff8-3f5b-a1bb3cbeeaad" testName="getTotalAverageTest" computerName="2TAFFY" duration="00:00:00.0008017" startTime="2012-02-25T22:38:48.2021484-05:00" endTime="2012-02-25T22:38:48.2177734-05:00" testType="13cdc9d9-ddb5-4fa4-a97d-d965ccfc6d4b" outcome="Passed" testListId="8c84fa94-04c1-424b-9868-57a2d4851a1d" relativeResultsDirectory="17a7fcc9-e9b5-44b7-a3ea-bd0ef7fdb420">
    </UnitTestResult>
    <UnitTestResult executionId="70c1a1ca-e134-4f54-a811-eb271cce9d26" testId="af1388b0-4847-1118-ee40-47d21b95fceb" testName="Index" computerName="2TAFFY" duration="00:00:00.1198422" startTime="2012-02-25T22:38:48.2177734-05:00" endTime="2012-02-25T22:38:48.3427734-05:00" testType="13cdc9d9-ddb5-4fa4-a97d-d965ccfc6d4b" outcome="Passed" testListId="8c84fa94-04c1-424b-9868-57a2d4851a1d" relativeResultsDirectory="70c1a1ca-e134-4f54-a811-eb271cce9d26">
    </UnitTestResult>
    <UnitTestResult executionId="d30dafa6-79c4-4572-981a-1e4ef30d20a6" testId="d15e0780-8a76-d04b-eb0b-27de33671791" testName="readDataLabelsTest" computerName="2TAFFY" duration="00:00:00.0009655" startTime="2012-02-25T22:38:48.3583984-05:00" endTime="2012-02-25T22:38:48.3583984-05:00" testType="13cdc9d9-ddb5-4fa4-a97d-d965ccfc6d4b" outcome="Passed" testListId="8c84fa94-04c1-424b-9868-57a2d4851a1d" relativeResultsDirectory="d30dafa6-79c4-4572-981a-1e4ef30d20a6">
    </UnitTestResult>
    <UnitTestResult executionId="63608015-d627-47cc-8449-bb7dc846008d" testId="d2f3a139-e786-e653-a40d-974ae24e7b5d" testName="AddRun_test_add_new_run_to_database" computerName="2TAFFY" duration="00:00:00.0051304" startTime="2012-02-25T22:38:48.3583984-05:00" endTime="2012-02-25T22:38:48.3740234-05:00" testType="13cdc9d9-ddb5-4fa4-a97d-d965ccfc6d4b" outcome="Passed" testListId="8c84fa94-04c1-424b-9868-57a2d4851a1d" relativeResultsDirectory="63608015-d627-47cc-8449-bb7dc846008d">
    </UnitTestResult>
    <UnitTestResult executionId="e55e10c1-082c-401f-967b-54ab50d58402" testId="d486ce53-faf2-493c-fb8a-50cdb8b7dfd0" testName="getDataPositionTest" computerName="2TAFFY" duration="00:00:00.0067836" startTime="2012-02-25T22:38:48.3896484-05:00" endTime="2012-02-25T22:38:48.3896484-05:00" testType="13cdc9d9-ddb5-4fa4-a97d-d965ccfc6d4b" outcome="Passed" testListId="8c84fa94-04c1-424b-9868-57a2d4851a1d" relativeResultsDirectory="e55e10c1-082c-401f-967b-54ab50d58402">
    </UnitTestResult>
    <UnitTestResult executionId="0cf81a6f-dd19-44f3-9a6c-3af74cf4bd02" testId="e2da6808-d8cf-0981-42b8-768f80e3a44a" testName="getLastFewAverageTest" computerName="2TAFFY" duration="00:00:00.0016477" startTime="2012-02-25T22:38:48.4052734-05:00" endTime="2012-02-25T22:38:48.4208984-05:00" testType="13cdc9d9-ddb5-4fa4-a97d-d965ccfc6d4b" outcome="Passed" testListId="8c84fa94-04c1-424b-9868-57a2d4851a1d" relativeResultsDirectory="0cf81a6f-dd19-44f3-9a6c-3af74cf4bd02">
    </UnitTestResult>
  </Results>
</TestRun>