<?xml version="1.0" encoding="UTF-8"?>
<TestRun id="758a785a-329e-474c-8199-84d806d2e2f0" name="Steven@2TAFFY 2012-03-20 23:02:23" runUser="2taffy\Steven" xmlns="http://microsoft.com/schemas/VisualStudio/TeamTest/2010">
  <TestSettings name="Default Test Settings" id="a1443d0f-06aa-4f31-8f57-54b2c4fb864a">
    <Deployment runDeploymentRoot="Steven_2TAFFY 2012-03-20 23_02_23">
      <DeploymentItem filename="C:\Users\Steven\Documents\Visual Studio 2010\Projects\Solarsplash Dataviewer\Solarsplash Dataviewer\bin\Solarsplash Dataviewer.dll" />
      <DeploymentItem filename="C:\Users\Steven\Documents\Visual Studio 2010\Projects\Solarsplash Dataviewer\Solarsplash Dataviewer.Tests\bin\Debug\EntityFramework.dll" />
    </Deployment>
    <Execution>
      <TestTypeSpecific />
      <AgentRule name="Execution Agents">
      </AgentRule>
    </Execution>
  </TestSettings>
  <Times creation="2012-03-20T23:02:23.8830312-04:00" queuing="2012-03-20T23:02:24.7111562-04:00" start="2012-03-20T23:02:24.7736562-04:00" finish="2012-03-20T23:02:25.6017812-04:00" />
  <ResultSummary outcome="Completed">
    <Counters total="1" executed="1" passed="1" error="0" failed="0" timeout="0" aborted="0" inconclusive="0" passedButRunAborted="0" notRunnable="0" notExecuted="0" disconnected="0" warning="0" completed="0" inProgress="0" pending="0" />
  </ResultSummary>
  <TestDefinitions>
    <UnitTest name="factoryTest_adding_averager_to_IAnalyzer" storage="c:\users\steven\documents\visual studio 2010\projects\solarsplash dataviewer\solarsplash dataviewer.tests\bin\debug\solarsplash dataviewer.tests.dll" id="461f7db9-c964-cf8a-05f1-05972fb5ab52">
      <DeploymentItems>
        <DeploymentItem filename="Solarsplash Dataviewer.dll" />
      </DeploymentItems>
      <Execution id="7c6bc1bc-6340-4d4f-8e9a-839892398912" />
      <TestMethod codeBase="C:/Users/Steven/Documents/Visual Studio 2010/Projects/Solarsplash Dataviewer/Solarsplash Dataviewer.Tests/bin/Debug/Solarsplash Dataviewer.Tests.DLL" adapterTypeName="Microsoft.VisualStudio.TestTools.TestTypes.Unit.UnitTestAdapter, Microsoft.VisualStudio.QualityTools.Tips.UnitTest.Adapter, Version=10.0.0.0, Culture=neutral, PublicKeyToken=b03f5f7f11d50a3a" className="Solarsplash_Dataviewer.Tests.build_analyzersTest, Solarsplash Dataviewer.Tests, Version=1.0.0.0, Culture=neutral, PublicKeyToken=null" name="factoryTest_adding_averager_to_IAnalyzer" />
    </UnitTest>
  </TestDefinitions>
  <TestLists>
    <TestList name="Results Not in a List" id="8c84fa94-04c1-424b-9868-57a2d4851a1d" />
    <TestList name="All Loaded Results" id="19431567-8539-422a-85d7-44ee4e166bda" />
  </TestLists>
  <TestEntries>
    <TestEntry testId="461f7db9-c964-cf8a-05f1-05972fb5ab52" executionId="7c6bc1bc-6340-4d4f-8e9a-839892398912" testListId="8c84fa94-04c1-424b-9868-57a2d4851a1d" />
  </TestEntries>
  <Results>
    <UnitTestResult executionId="7c6bc1bc-6340-4d4f-8e9a-839892398912" testId="461f7db9-c964-cf8a-05f1-05972fb5ab52" testName="factoryTest_adding_averager_to_IAnalyzer" computerName="2TAFFY" duration="00:00:00.0320200" startTime="2012-03-20T23:02:24.8986562-04:00" endTime="2012-03-20T23:02:25.4924062-04:00" testType="13cdc9d9-ddb5-4fa4-a97d-d965ccfc6d4b" outcome="Passed" testListId="8c84fa94-04c1-424b-9868-57a2d4851a1d" relativeResultsDirectory="7c6bc1bc-6340-4d4f-8e9a-839892398912">
    </UnitTestResult>
  </Results>
</TestRun>