<?xml version="1.0" encoding="UTF-8"?>
<TestRun id="c507b177-18bc-4c48-95c0-7244e5a6b714" name="Steven@2TAFFY 2012-03-31 22:31:15" runUser="2taffy\Steven" xmlns="http://microsoft.com/schemas/VisualStudio/TeamTest/2010">
  <TestSettings name="Default Test Settings" id="8c505a85-3f6a-495f-a5bc-9030b71db59f">
    <Deployment runDeploymentRoot="Steven_2TAFFY 2012-03-31 22_31_15">
      <DeploymentItem filename="C:\Users\Steven\Documents\Visual Studio 2010\Projects\Solarsplash Dataviewer\Solarsplash Dataviewer\bin\Solarsplash Dataviewer.dll" />
      <DeploymentItem filename="C:\Users\Steven\Documents\Visual Studio 2010\Projects\Solarsplash Dataviewer\Solarsplash Dataviewer.Tests\bin\Debug\EntityFramework.dll" />
    </Deployment>
    <Execution>
      <TestTypeSpecific />
      <AgentRule name="Execution Agents">
      </AgentRule>
    </Execution>
  </TestSettings>
  <Times creation="2012-03-31T22:31:15.3251953-04:00" queuing="2012-03-31T22:31:16.2470703-04:00" start="2012-03-31T22:31:16.3564453-04:00" finish="2012-03-31T22:31:20.9814453-04:00" />
  <ResultSummary outcome="Failed">
    <Counters total="1" executed="1" error="0" failed="1" timeout="0" aborted="0" inconclusive="0" passedButRunAborted="0" notRunnable="0" notExecuted="0" disconnected="0" warning="0" passed="0" completed="0" inProgress="0" pending="0" />
  </ResultSummary>
  <TestDefinitions>
    <UnitTest name="Test_deletion_of_Data_when_RunData_is_deleted" storage="c:\users\steven\documents\visual studio 2010\projects\solarsplash dataviewer\solarsplash dataviewer.tests\bin\debug\solarsplash dataviewer.tests.dll" id="b512a8cf-1a7b-0703-e09b-404eaa29608f">
      <DeploymentItems>
        <DeploymentItem filename="Solarsplash Dataviewer.dll" />
      </DeploymentItems>
      <Execution id="75844b5c-cc8f-4f85-a97c-a769e33d07eb" />
      <TestMethod codeBase="C:/Users/Steven/Documents/Visual Studio 2010/Projects/Solarsplash Dataviewer/Solarsplash Dataviewer.Tests/bin/Debug/Solarsplash Dataviewer.Tests.DLL" adapterTypeName="Microsoft.VisualStudio.TestTools.TestTypes.Unit.UnitTestAdapter, Microsoft.VisualStudio.QualityTools.Tips.UnitTest.Adapter, Version=10.0.0.0, Culture=neutral, PublicKeyToken=b03f5f7f11d50a3a" className="Solarsplash_Dataviewer.Tests.SolarsplashEntitiesTest, Solarsplash Dataviewer.Tests, Version=1.0.0.0, Culture=neutral, PublicKeyToken=null" name="Test_deletion_of_Data_when_RunData_is_deleted" />
    </UnitTest>
  </TestDefinitions>
  <TestLists>
    <TestList name="Results Not in a List" id="8c84fa94-04c1-424b-9868-57a2d4851a1d" />
    <TestList name="All Loaded Results" id="19431567-8539-422a-85d7-44ee4e166bda" />
  </TestLists>
  <TestEntries>
    <TestEntry testId="b512a8cf-1a7b-0703-e09b-404eaa29608f" executionId="75844b5c-cc8f-4f85-a97c-a769e33d07eb" testListId="8c84fa94-04c1-424b-9868-57a2d4851a1d" />
  </TestEntries>
  <Results>
    <UnitTestResult executionId="75844b5c-cc8f-4f85-a97c-a769e33d07eb" testId="b512a8cf-1a7b-0703-e09b-404eaa29608f" testName="Test_deletion_of_Data_when_RunData_is_deleted" computerName="2TAFFY" duration="00:00:03.7104937" startTime="2012-03-31T22:31:16.7314453-04:00" endTime="2012-03-31T22:31:20.9189453-04:00" testType="13cdc9d9-ddb5-4fa4-a97d-d965ccfc6d4b" outcome="Failed" testListId="8c84fa94-04c1-424b-9868-57a2d4851a1d" relativeResultsDirectory="75844b5c-cc8f-4f85-a97c-a769e33d07eb">
      <Output>
        <ErrorInfo>
          <Message>Assert.IsNull failed. </Message>
          <StackTrace>   at Solarsplash_Dataviewer.Tests.SolarsplashEntitiesTest.Test_deletion_of_Data_when_RunData_is_deleted() in C:\Users\Steven\Documents\Visual Studio 2010\Projects\Solarsplash Dataviewer\Solarsplash Dataviewer.Tests\SolarsplashEntitiesTest.cs:line 129
</StackTrace>
        </ErrorInfo>
      </Output>
    </UnitTestResult>
  </Results>
</TestRun>