<?xml version="1.0" encoding="UTF-8"?>
<TestRun id="bb20993c-6559-48ce-a00d-39c7cbac87d6" name="Steven@2TAFFY 2012-01-30 21:34:12" runUser="2taffy\Steven" xmlns="http://microsoft.com/schemas/VisualStudio/TeamTest/2010">
  <TestSettings name="Default Test Settings" id="e04a7e55-f8fd-4cda-98d8-4305fb9d4cc4">
    <Deployment runDeploymentRoot="Steven_2TAFFY 2012-01-30 21_34_12">
      <DeploymentItem filename="c:\users\steven\documents\visual studio 2010\Projects\Solarsplash Dataviewer\Solarsplash Dataviewer\bin\Solarsplash Dataviewer.dll" />
      <DeploymentItem filename="c:\users\steven\documents\visual studio 2010\Projects\Solarsplash Dataviewer\Solarsplash Dataviewer.Tests\bin\Debug\EntityFramework.dll" />
    </Deployment>
    <Execution>
      <TestTypeSpecific />
      <AgentRule name="Execution Agents">
      </AgentRule>
    </Execution>
  </TestSettings>
  <Times creation="2012-01-30T21:34:12.2701641-05:00" queuing="2012-01-30T21:34:15.5904766-05:00" start="2012-01-30T21:34:15.9996563-05:00" finish="2012-01-30T21:34:42.5211407-05:00" />
  <ResultSummary outcome="Error">
    <Counters total="3" executed="1" error="0" failed="0" timeout="0" aborted="1" inconclusive="0" passedButRunAborted="0" notRunnable="0" notExecuted="2" disconnected="0" warning="0" passed="0" completed="0" inProgress="0" pending="0" />
    <RunInfos>
      <RunInfo computerName="2TAFFY" outcome="Error" timestamp="2012-01-30T21:34:42.5182110-05:00">
        <Text>Test host process exited unexpectedly.</Text>
      </RunInfo>
    </RunInfos>
  </ResultSummary>
  <TestDefinitions>
    <UnitTest name="About" storage="c:\users\steven\documents\visual studio 2010\projects\solarsplash dataviewer\solarsplash dataviewer.tests\bin\debug\solarsplash dataviewer.tests.dll" id="742ecd9b-4223-8fd5-5396-765d0ac32906">
      <Execution id="cedf45cd-a758-4a39-951f-b8b9eea021e1" />
      <TestMethod codeBase="c:/users/steven/documents/visual studio 2010/Projects/Solarsplash Dataviewer/Solarsplash Dataviewer.Tests/bin/Debug/Solarsplash Dataviewer.Tests.DLL" adapterTypeName="Microsoft.VisualStudio.TestTools.TestTypes.Unit.UnitTestAdapter, Microsoft.VisualStudio.QualityTools.Tips.UnitTest.Adapter, Version=10.0.0.0, Culture=neutral, PublicKeyToken=b03f5f7f11d50a3a" className="Solarsplash_Dataviewer.Tests.Controllers.HomeControllerTest, Solarsplash Dataviewer.Tests, Version=1.0.0.0, Culture=neutral, PublicKeyToken=null" name="About" />
    </UnitTest>
    <UnitTest name="Index" storage="c:\users\steven\documents\visual studio 2010\projects\solarsplash dataviewer\solarsplash dataviewer.tests\bin\debug\solarsplash dataviewer.tests.dll" id="af1388b0-4847-1118-ee40-47d21b95fceb">
      <Execution id="a19c0b3c-918a-48b0-82ce-9b2062baa1cf" />
      <TestMethod codeBase="c:/users/steven/documents/visual studio 2010/Projects/Solarsplash Dataviewer/Solarsplash Dataviewer.Tests/bin/Debug/Solarsplash Dataviewer.Tests.DLL" adapterTypeName="Microsoft.VisualStudio.TestTools.TestTypes.Unit.UnitTestAdapter, Microsoft.VisualStudio.QualityTools.Tips.UnitTest.Adapter, Version=10.0.0.0, Culture=neutral, PublicKeyToken=b03f5f7f11d50a3a" className="Solarsplash_Dataviewer.Tests.Controllers.HomeControllerTest, Solarsplash Dataviewer.Tests, Version=1.0.0.0, Culture=neutral, PublicKeyToken=null" name="Index" />
    </UnitTest>
    <UnitTest name="readFileToDBTest" storage="c:\users\steven\documents\visual studio 2010\projects\solarsplash dataviewer\solarsplash dataviewer.tests\bin\debug\solarsplash dataviewer.tests.dll" id="499fc7d8-6886-2aa1-b049-7d3c4821a351">
      <DeploymentItems>
        <DeploymentItem filename="Solarsplash Dataviewer.dll" />
      </DeploymentItems>
      <Execution id="c44515d9-6777-427c-93d2-92aeac4f56fe" />
      <TestMethod codeBase="c:/users/steven/documents/visual studio 2010/Projects/Solarsplash Dataviewer/Solarsplash Dataviewer.Tests/bin/Debug/Solarsplash Dataviewer.Tests.DLL" adapterTypeName="Microsoft.VisualStudio.TestTools.TestTypes.Unit.UnitTestAdapter, Microsoft.VisualStudio.QualityTools.Tips.UnitTest.Adapter, Version=10.0.0.0, Culture=neutral, PublicKeyToken=b03f5f7f11d50a3a" className="Solarsplash_Dataviewer.Tests.CVSToDatabaseTest, Solarsplash Dataviewer.Tests, Version=1.0.0.0, Culture=neutral, PublicKeyToken=null" name="readFileToDBTest" />
    </UnitTest>
  </TestDefinitions>
  <TestLists>
    <TestList name="Results Not in a List" id="8c84fa94-04c1-424b-9868-57a2d4851a1d" />
    <TestList name="All Loaded Results" id="19431567-8539-422a-85d7-44ee4e166bda" />
  </TestLists>
  <TestEntries>
    <TestEntry testId="499fc7d8-6886-2aa1-b049-7d3c4821a351" executionId="c44515d9-6777-427c-93d2-92aeac4f56fe" testListId="8c84fa94-04c1-424b-9868-57a2d4851a1d" />
    <TestEntry testId="742ecd9b-4223-8fd5-5396-765d0ac32906" executionId="cedf45cd-a758-4a39-951f-b8b9eea021e1" testListId="8c84fa94-04c1-424b-9868-57a2d4851a1d" />
    <TestEntry testId="af1388b0-4847-1118-ee40-47d21b95fceb" executionId="a19c0b3c-918a-48b0-82ce-9b2062baa1cf" testListId="8c84fa94-04c1-424b-9868-57a2d4851a1d" />
  </TestEntries>
  <Results>
    <UnitTestResult executionId="c44515d9-6777-427c-93d2-92aeac4f56fe" testId="499fc7d8-6886-2aa1-b049-7d3c4821a351" testName="readFileToDBTest" computerName="2TAFFY" duration="00:00:26.1435547" startTime="2012-01-30T21:34:16.3766094-05:00" endTime="2012-01-30T21:34:42.5201641-05:00" testType="13cdc9d9-ddb5-4fa4-a97d-d965ccfc6d4b" outcome="Aborted" testListId="8c84fa94-04c1-424b-9868-57a2d4851a1d" relativeResultsDirectory="c44515d9-6777-427c-93d2-92aeac4f56fe">
    </UnitTestResult>
    <UnitTestResult executionId="cedf45cd-a758-4a39-951f-b8b9eea021e1" testId="742ecd9b-4223-8fd5-5396-765d0ac32906" testName="About" computerName="2TAFFY" testType="13cdc9d9-ddb5-4fa4-a97d-d965ccfc6d4b" outcome="NotExecuted" testListId="8c84fa94-04c1-424b-9868-57a2d4851a1d" relativeResultsDirectory="cedf45cd-a758-4a39-951f-b8b9eea021e1">
    </UnitTestResult>
    <UnitTestResult executionId="a19c0b3c-918a-48b0-82ce-9b2062baa1cf" testId="af1388b0-4847-1118-ee40-47d21b95fceb" testName="Index" computerName="2TAFFY" testType="13cdc9d9-ddb5-4fa4-a97d-d965ccfc6d4b" outcome="NotExecuted" testListId="8c84fa94-04c1-424b-9868-57a2d4851a1d" relativeResultsDirectory="a19c0b3c-918a-48b0-82ce-9b2062baa1cf">
    </UnitTestResult>
  </Results>
</TestRun>