<?xml version="1.0" encoding="UTF-8"?>
<TestRun id="2da93559-ce25-41d9-9f2c-31d53f8190ed" name="Steven@2TAFFY 2012-03-20 23:29:49" runUser="2taffy\Steven" xmlns="http://microsoft.com/schemas/VisualStudio/TeamTest/2010">
  <TestSettings name="Default Test Settings" id="63a6818e-7745-499f-8e10-0a47e3db2f00">
    <Deployment runDeploymentRoot="Steven_2TAFFY 2012-03-20 23_29_49">
      <DeploymentItem filename="C:\Users\Steven\Documents\Visual Studio 2010\Projects\Solarsplash Dataviewer\Solarsplash Dataviewer\bin\Solarsplash Dataviewer.dll" />
      <DeploymentItem filename="C:\Users\Steven\Documents\Visual Studio 2010\Projects\Solarsplash Dataviewer\Solarsplash Dataviewer.Tests\bin\Debug\EntityFramework.dll" />
    </Deployment>
    <Execution>
      <TestTypeSpecific />
      <AgentRule name="Execution Agents">
      </AgentRule>
    </Execution>
  </TestSettings>
  <Times creation="2012-03-20T23:29:49.9162343-04:00" queuing="2012-03-20T23:29:51.7599843-04:00" start="2012-03-20T23:29:52.0412343-04:00" finish="2012-03-20T23:29:53.9318593-04:00" />
  <ResultSummary outcome="Completed">
    <Counters total="1" executed="1" passed="1" error="0" failed="0" timeout="0" aborted="0" inconclusive="0" passedButRunAborted="0" notRunnable="0" notExecuted="0" disconnected="0" warning="0" completed="0" inProgress="0" pending="0" />
  </ResultSummary>
  <TestDefinitions>
    <UnitTest name="buildTest_build_objects_into_RunData_object" storage="c:\users\steven\documents\visual studio 2010\projects\solarsplash dataviewer\solarsplash dataviewer.tests\bin\debug\solarsplash dataviewer.tests.dll" id="8a84cd02-6de2-b184-86b5-d8217a1a4d75">
      <Execution id="eb153b13-c7ae-4bdb-9397-da8cc4fc2dc4" />
      <TestMethod codeBase="C:/Users/Steven/Documents/Visual Studio 2010/Projects/Solarsplash Dataviewer/Solarsplash Dataviewer.Tests/bin/Debug/Solarsplash Dataviewer.Tests.DLL" adapterTypeName="Microsoft.VisualStudio.TestTools.TestTypes.Unit.UnitTestAdapter, Microsoft.VisualStudio.QualityTools.Tips.UnitTest.Adapter, Version=10.0.0.0, Culture=neutral, PublicKeyToken=b03f5f7f11d50a3a" className="Solarsplash_Dataviewer.Tests.build_analyzersTest, Solarsplash Dataviewer.Tests, Version=1.0.0.0, Culture=neutral, PublicKeyToken=null" name="buildTest_build_objects_into_RunData_object" />
    </UnitTest>
  </TestDefinitions>
  <TestLists>
    <TestList name="Results Not in a List" id="8c84fa94-04c1-424b-9868-57a2d4851a1d" />
    <TestList name="All Loaded Results" id="19431567-8539-422a-85d7-44ee4e166bda" />
  </TestLists>
  <TestEntries>
    <TestEntry testId="8a84cd02-6de2-b184-86b5-d8217a1a4d75" executionId="eb153b13-c7ae-4bdb-9397-da8cc4fc2dc4" testListId="8c84fa94-04c1-424b-9868-57a2d4851a1d" />
  </TestEntries>
  <Results>
    <UnitTestResult executionId="eb153b13-c7ae-4bdb-9397-da8cc4fc2dc4" testId="8a84cd02-6de2-b184-86b5-d8217a1a4d75" testName="buildTest_build_objects_into_RunData_object" computerName="2TAFFY" duration="00:00:00.0364617" startTime="2012-03-20T23:29:52.3381093-04:00" endTime="2012-03-20T23:29:53.7287343-04:00" testType="13cdc9d9-ddb5-4fa4-a97d-d965ccfc6d4b" outcome="Passed" testListId="8c84fa94-04c1-424b-9868-57a2d4851a1d" relativeResultsDirectory="eb153b13-c7ae-4bdb-9397-da8cc4fc2dc4">
    </UnitTestResult>
  </Results>
</TestRun>