<?xml version="1.0" encoding="UTF-8"?>
<TestRun id="c9636a09-da64-4925-a4e8-9d4d09f09ff9" name="Steven@2TAFFY 2012-03-31 19:15:44" runUser="2taffy\Steven" xmlns="http://microsoft.com/schemas/VisualStudio/TeamTest/2010">
  <TestSettings name="Default Test Settings" id="630fb98e-07ec-469d-a950-9903d56d39d0">
    <Deployment runDeploymentRoot="Steven_2TAFFY 2012-03-31 19_15_44">
      <DeploymentItem filename="C:\Users\Steven\Documents\Visual Studio 2010\Projects\Solarsplash Dataviewer\Solarsplash Dataviewer\bin\Solarsplash Dataviewer.dll" />
      <DeploymentItem filename="C:\Users\Steven\Documents\Visual Studio 2010\Projects\Solarsplash Dataviewer\Solarsplash Dataviewer.Tests\bin\Debug\EntityFramework.dll" />
    </Deployment>
    <Execution>
      <TestTypeSpecific />
      <AgentRule name="Execution Agents">
      </AgentRule>
    </Execution>
  </TestSettings>
  <Times creation="2012-03-31T19:15:44.7841796-04:00" queuing="2012-03-31T19:15:49.9638671-04:00" start="2012-03-31T19:15:50.2851562-04:00" finish="2012-03-31T19:16:19.1787109-04:00" />
  <ResultSummary outcome="Error">
    <Counters total="1" executed="1" error="0" failed="0" timeout="0" aborted="1" inconclusive="0" passedButRunAborted="0" notRunnable="0" notExecuted="0" disconnected="0" warning="0" passed="0" completed="0" inProgress="0" pending="0" />
    <RunInfos>
      <RunInfo computerName="2TAFFY" outcome="Error" timestamp="2012-03-31T19:16:19.1767578-04:00">
        <Text>Test host process exited unexpectedly.</Text>
      </RunInfo>
    </RunInfos>
  </ResultSummary>
  <TestDefinitions>
    <UnitTest name="Add_RunElement_to_RunDataTest" storage="c:\users\steven\documents\visual studio 2010\projects\solarsplash dataviewer\solarsplash dataviewer.tests\bin\debug\solarsplash dataviewer.tests.dll" id="72a78b78-7a94-a6d5-bd36-5ad4b0561f4e">
      <Execution id="c75d4ab4-a571-40fc-9817-7e115d0d34c5" />
      <TestMethod codeBase="C:/Users/Steven/Documents/Visual Studio 2010/Projects/Solarsplash Dataviewer/Solarsplash Dataviewer.Tests/bin/Debug/Solarsplash Dataviewer.Tests.DLL" adapterTypeName="Microsoft.VisualStudio.TestTools.TestTypes.Unit.UnitTestAdapter, Microsoft.VisualStudio.QualityTools.Tips.UnitTest.Adapter, Version=10.0.0.0, Culture=neutral, PublicKeyToken=b03f5f7f11d50a3a" className="Solarsplash_Dataviewer.Tests.EF_RunDataRepositoryTest, Solarsplash Dataviewer.Tests, Version=1.0.0.0, Culture=neutral, PublicKeyToken=null" name="Add_RunElement_to_RunDataTest" />
    </UnitTest>
  </TestDefinitions>
  <TestLists>
    <TestList name="Results Not in a List" id="8c84fa94-04c1-424b-9868-57a2d4851a1d" />
    <TestList name="All Loaded Results" id="19431567-8539-422a-85d7-44ee4e166bda" />
  </TestLists>
  <TestEntries>
    <TestEntry testId="72a78b78-7a94-a6d5-bd36-5ad4b0561f4e" executionId="c75d4ab4-a571-40fc-9817-7e115d0d34c5" testListId="8c84fa94-04c1-424b-9868-57a2d4851a1d" />
  </TestEntries>
  <Results>
    <UnitTestResult executionId="c75d4ab4-a571-40fc-9817-7e115d0d34c5" testId="72a78b78-7a94-a6d5-bd36-5ad4b0561f4e" testName="Add_RunElement_to_RunDataTest" computerName="2TAFFY" duration="00:00:28.4472656" startTime="2012-03-31T19:15:50.7314453-04:00" endTime="2012-03-31T19:16:19.1787109-04:00" testType="13cdc9d9-ddb5-4fa4-a97d-d965ccfc6d4b" outcome="Aborted" testListId="8c84fa94-04c1-424b-9868-57a2d4851a1d" relativeResultsDirectory="c75d4ab4-a571-40fc-9817-7e115d0d34c5">
    </UnitTestResult>
  </Results>
</TestRun>