<?xml version="1.0" encoding="UTF-8"?>
<TestRun id="6ef2c4f4-c6e5-4294-895a-06269fe79bb8" name="Steven@2TAFFY 2012-03-31 22:31:01" runUser="2taffy\Steven" xmlns="http://microsoft.com/schemas/VisualStudio/TeamTest/2010">
  <TestSettings name="Default Test Settings" id="14fa4102-490b-46e1-b812-fdea9b1af42d">
    <Deployment runDeploymentRoot="Steven_2TAFFY 2012-03-31 22_31_01">
      <DeploymentItem filename="C:\Users\Steven\Documents\Visual Studio 2010\Projects\Solarsplash Dataviewer\Solarsplash Dataviewer\bin\Solarsplash Dataviewer.dll" />
      <DeploymentItem filename="C:\Users\Steven\Documents\Visual Studio 2010\Projects\Solarsplash Dataviewer\Solarsplash Dataviewer.Tests\bin\Debug\EntityFramework.dll" />
    </Deployment>
    <Execution>
      <TestTypeSpecific />
      <AgentRule name="Execution Agents">
      </AgentRule>
    </Execution>
  </TestSettings>
  <Times creation="2012-03-31T22:31:01.0009765-04:00" queuing="2012-03-31T22:31:01.9033203-04:00" start="2012-03-31T22:31:01.9658203-04:00" finish="2012-03-31T22:31:08.6376953-04:00" />
  <ResultSummary outcome="Failed">
    <Counters total="1" executed="1" error="0" failed="1" timeout="0" aborted="0" inconclusive="0" passedButRunAborted="0" notRunnable="0" notExecuted="0" disconnected="0" warning="0" passed="0" completed="0" inProgress="0" pending="0" />
  </ResultSummary>
  <TestDefinitions>
    <UnitTest name="Test_deletion_of_RunElement_when_RunData_is_deleted" storage="c:\users\steven\documents\visual studio 2010\projects\solarsplash dataviewer\solarsplash dataviewer.tests\bin\debug\solarsplash dataviewer.tests.dll" id="470481d1-7f4c-07cb-6104-120f6544fa52">
      <DeploymentItems>
        <DeploymentItem filename="Solarsplash Dataviewer.dll" />
      </DeploymentItems>
      <Execution id="756f40e8-c8eb-4edb-a7c6-756491ee2f29" />
      <TestMethod codeBase="C:/Users/Steven/Documents/Visual Studio 2010/Projects/Solarsplash Dataviewer/Solarsplash Dataviewer.Tests/bin/Debug/Solarsplash Dataviewer.Tests.DLL" adapterTypeName="Microsoft.VisualStudio.TestTools.TestTypes.Unit.UnitTestAdapter, Microsoft.VisualStudio.QualityTools.Tips.UnitTest.Adapter, Version=10.0.0.0, Culture=neutral, PublicKeyToken=b03f5f7f11d50a3a" className="Solarsplash_Dataviewer.Tests.SolarsplashEntitiesTest, Solarsplash Dataviewer.Tests, Version=1.0.0.0, Culture=neutral, PublicKeyToken=null" name="Test_deletion_of_RunElement_when_RunData_is_deleted" />
    </UnitTest>
  </TestDefinitions>
  <TestLists>
    <TestList name="Results Not in a List" id="8c84fa94-04c1-424b-9868-57a2d4851a1d" />
    <TestList name="All Loaded Results" id="19431567-8539-422a-85d7-44ee4e166bda" />
  </TestLists>
  <TestEntries>
    <TestEntry testId="470481d1-7f4c-07cb-6104-120f6544fa52" executionId="756f40e8-c8eb-4edb-a7c6-756491ee2f29" testListId="8c84fa94-04c1-424b-9868-57a2d4851a1d" />
  </TestEntries>
  <Results>
    <UnitTestResult executionId="756f40e8-c8eb-4edb-a7c6-756491ee2f29" testId="470481d1-7f4c-07cb-6104-120f6544fa52" testName="Test_deletion_of_RunElement_when_RunData_is_deleted" computerName="2TAFFY" duration="00:00:04.3473518" startTime="2012-03-31T22:31:01.9970703-04:00" endTime="2012-03-31T22:31:06.9501953-04:00" testType="13cdc9d9-ddb5-4fa4-a97d-d965ccfc6d4b" outcome="Failed" testListId="8c84fa94-04c1-424b-9868-57a2d4851a1d" relativeResultsDirectory="756f40e8-c8eb-4edb-a7c6-756491ee2f29">
      <Output>
        <ErrorInfo>
          <Message>Assert.IsNull failed. </Message>
          <StackTrace>   at Solarsplash_Dataviewer.Tests.SolarsplashEntitiesTest.Test_deletion_of_RunElement_when_RunData_is_deleted() in C:\Users\Steven\Documents\Visual Studio 2010\Projects\Solarsplash Dataviewer\Solarsplash Dataviewer.Tests\SolarsplashEntitiesTest.cs:line 114
</StackTrace>
        </ErrorInfo>
      </Output>
    </UnitTestResult>
  </Results>
</TestRun>