<?xml version="1.0" encoding="UTF-8"?>
<TestRun id="85ac0011-6342-4567-a1bc-9bf3c922be34" name="Steven@2TAFFY 2012-03-31 22:25:32" runUser="2taffy\Steven" xmlns="http://microsoft.com/schemas/VisualStudio/TeamTest/2010">
  <TestSettings name="Default Test Settings" id="293bfdea-45e3-4e02-a391-003b17ff9dde">
    <Deployment runDeploymentRoot="Steven_2TAFFY 2012-03-31 22_25_32">
      <DeploymentItem filename="C:\Users\Steven\Documents\Visual Studio 2010\Projects\Solarsplash Dataviewer\Solarsplash Dataviewer\bin\Solarsplash Dataviewer.dll" />
      <DeploymentItem filename="C:\Users\Steven\Documents\Visual Studio 2010\Projects\Solarsplash Dataviewer\Solarsplash Dataviewer.Tests\bin\Debug\EntityFramework.dll" />
    </Deployment>
    <Execution>
      <TestTypeSpecific />
      <AgentRule name="Execution Agents">
      </AgentRule>
    </Execution>
  </TestSettings>
  <Times creation="2012-03-31T22:25:32.9404296-04:00" queuing="2012-03-31T22:25:33.4638671-04:00" start="2012-03-31T22:25:33.4951171-04:00" finish="2012-03-31T22:25:43.9169921-04:00" />
  <ResultSummary outcome="Failed">
    <Counters total="4" executed="4" passed="3" error="0" failed="1" timeout="0" aborted="0" inconclusive="0" passedButRunAborted="0" notRunnable="0" notExecuted="0" disconnected="0" warning="0" completed="0" inProgress="0" pending="0" />
  </ResultSummary>
  <TestDefinitions>
    <UnitTest name="Test_deletion_of_DataLabels_when_RunData_is_deleted" storage="c:\users\steven\documents\visual studio 2010\projects\solarsplash dataviewer\solarsplash dataviewer.tests\bin\debug\solarsplash dataviewer.tests.dll" id="fcc1cf6f-7aa7-aba7-85b7-6188ff53d476">
      <DeploymentItems>
        <DeploymentItem filename="Solarsplash Dataviewer.dll" />
      </DeploymentItems>
      <Execution id="7ae396ed-e868-4a8b-b9ac-32979e28fd82" />
      <TestMethod codeBase="C:/Users/Steven/Documents/Visual Studio 2010/Projects/Solarsplash Dataviewer/Solarsplash Dataviewer.Tests/bin/Debug/Solarsplash Dataviewer.Tests.DLL" adapterTypeName="Microsoft.VisualStudio.TestTools.TestTypes.Unit.UnitTestAdapter, Microsoft.VisualStudio.QualityTools.Tips.UnitTest.Adapter, Version=10.0.0.0, Culture=neutral, PublicKeyToken=b03f5f7f11d50a3a" className="Solarsplash_Dataviewer.Tests.SolarsplashEntitiesTest, Solarsplash Dataviewer.Tests, Version=1.0.0.0, Culture=neutral, PublicKeyToken=null" name="Test_deletion_of_DataLabels_when_RunData_is_deleted" />
    </UnitTest>
    <UnitTest name="Test_deletion_of_RunElement_when_RunData_is_deleted" storage="c:\users\steven\documents\visual studio 2010\projects\solarsplash dataviewer\solarsplash dataviewer.tests\bin\debug\solarsplash dataviewer.tests.dll" id="470481d1-7f4c-07cb-6104-120f6544fa52">
      <DeploymentItems>
        <DeploymentItem filename="Solarsplash Dataviewer.dll" />
      </DeploymentItems>
      <Execution id="007c14e6-3dc0-4650-af64-eeb28ab6d091" />
      <TestMethod codeBase="C:/Users/Steven/Documents/Visual Studio 2010/Projects/Solarsplash Dataviewer/Solarsplash Dataviewer.Tests/bin/Debug/Solarsplash Dataviewer.Tests.DLL" adapterTypeName="Microsoft.VisualStudio.TestTools.TestTypes.Unit.UnitTestAdapter, Microsoft.VisualStudio.QualityTools.Tips.UnitTest.Adapter, Version=10.0.0.0, Culture=neutral, PublicKeyToken=b03f5f7f11d50a3a" className="Solarsplash_Dataviewer.Tests.SolarsplashEntitiesTest, Solarsplash Dataviewer.Tests, Version=1.0.0.0, Culture=neutral, PublicKeyToken=null" name="Test_deletion_of_RunElement_when_RunData_is_deleted" />
    </UnitTest>
    <UnitTest name="Test_deletion_of_Analyzer_when_RunData_is_deleted" storage="c:\users\steven\documents\visual studio 2010\projects\solarsplash dataviewer\solarsplash dataviewer.tests\bin\debug\solarsplash dataviewer.tests.dll" id="32a51203-01ce-fed7-1929-72485590c497">
      <DeploymentItems>
        <DeploymentItem filename="Solarsplash Dataviewer.dll" />
      </DeploymentItems>
      <Execution id="f7c9dd51-4044-47cb-b851-80d1e941a8fc" />
      <TestMethod codeBase="C:/Users/Steven/Documents/Visual Studio 2010/Projects/Solarsplash Dataviewer/Solarsplash Dataviewer.Tests/bin/Debug/Solarsplash Dataviewer.Tests.DLL" adapterTypeName="Microsoft.VisualStudio.TestTools.TestTypes.Unit.UnitTestAdapter, Microsoft.VisualStudio.QualityTools.Tips.UnitTest.Adapter, Version=10.0.0.0, Culture=neutral, PublicKeyToken=b03f5f7f11d50a3a" className="Solarsplash_Dataviewer.Tests.SolarsplashEntitiesTest, Solarsplash Dataviewer.Tests, Version=1.0.0.0, Culture=neutral, PublicKeyToken=null" name="Test_deletion_of_Analyzer_when_RunData_is_deleted" />
    </UnitTest>
    <UnitTest name="Test_deletion_of_Data_when_RunData_is_deleted" storage="c:\users\steven\documents\visual studio 2010\projects\solarsplash dataviewer\solarsplash dataviewer.tests\bin\debug\solarsplash dataviewer.tests.dll" id="b512a8cf-1a7b-0703-e09b-404eaa29608f">
      <DeploymentItems>
        <DeploymentItem filename="Solarsplash Dataviewer.dll" />
      </DeploymentItems>
      <Execution id="a9d4afdd-3a24-4a28-8754-d8e1a89508a4" />
      <TestMethod codeBase="C:/Users/Steven/Documents/Visual Studio 2010/Projects/Solarsplash Dataviewer/Solarsplash Dataviewer.Tests/bin/Debug/Solarsplash Dataviewer.Tests.DLL" adapterTypeName="Microsoft.VisualStudio.TestTools.TestTypes.Unit.UnitTestAdapter, Microsoft.VisualStudio.QualityTools.Tips.UnitTest.Adapter, Version=10.0.0.0, Culture=neutral, PublicKeyToken=b03f5f7f11d50a3a" className="Solarsplash_Dataviewer.Tests.SolarsplashEntitiesTest, Solarsplash Dataviewer.Tests, Version=1.0.0.0, Culture=neutral, PublicKeyToken=null" name="Test_deletion_of_Data_when_RunData_is_deleted" />
    </UnitTest>
  </TestDefinitions>
  <TestLists>
    <TestList name="Results Not in a List" id="8c84fa94-04c1-424b-9868-57a2d4851a1d" />
    <TestList name="All Loaded Results" id="19431567-8539-422a-85d7-44ee4e166bda" />
  </TestLists>
  <TestEntries>
    <TestEntry testId="32a51203-01ce-fed7-1929-72485590c497" executionId="f7c9dd51-4044-47cb-b851-80d1e941a8fc" testListId="8c84fa94-04c1-424b-9868-57a2d4851a1d" />
    <TestEntry testId="470481d1-7f4c-07cb-6104-120f6544fa52" executionId="007c14e6-3dc0-4650-af64-eeb28ab6d091" testListId="8c84fa94-04c1-424b-9868-57a2d4851a1d" />
    <TestEntry testId="b512a8cf-1a7b-0703-e09b-404eaa29608f" executionId="a9d4afdd-3a24-4a28-8754-d8e1a89508a4" testListId="8c84fa94-04c1-424b-9868-57a2d4851a1d" />
    <TestEntry testId="fcc1cf6f-7aa7-aba7-85b7-6188ff53d476" executionId="7ae396ed-e868-4a8b-b9ac-32979e28fd82" testListId="8c84fa94-04c1-424b-9868-57a2d4851a1d" />
  </TestEntries>
  <Results>
    <UnitTestResult executionId="f7c9dd51-4044-47cb-b851-80d1e941a8fc" testId="32a51203-01ce-fed7-1929-72485590c497" testName="Test_deletion_of_Analyzer_when_RunData_is_deleted" computerName="2TAFFY" duration="00:00:03.9075071" startTime="2012-03-31T22:25:33.5263671-04:00" endTime="2012-03-31T22:25:37.9951171-04:00" testType="13cdc9d9-ddb5-4fa4-a97d-d965ccfc6d4b" outcome="Passed" testListId="8c84fa94-04c1-424b-9868-57a2d4851a1d" relativeResultsDirectory="f7c9dd51-4044-47cb-b851-80d1e941a8fc">
    </UnitTestResult>
    <UnitTestResult executionId="007c14e6-3dc0-4650-af64-eeb28ab6d091" testId="470481d1-7f4c-07cb-6104-120f6544fa52" testName="Test_deletion_of_RunElement_when_RunData_is_deleted" computerName="2TAFFY" duration="00:00:01.4016624" startTime="2012-03-31T22:25:37.9951171-04:00" endTime="2012-03-31T22:25:39.4013671-04:00" testType="13cdc9d9-ddb5-4fa4-a97d-d965ccfc6d4b" outcome="Passed" testListId="8c84fa94-04c1-424b-9868-57a2d4851a1d" relativeResultsDirectory="007c14e6-3dc0-4650-af64-eeb28ab6d091">
    </UnitTestResult>
    <UnitTestResult executionId="a9d4afdd-3a24-4a28-8754-d8e1a89508a4" testId="b512a8cf-1a7b-0703-e09b-404eaa29608f" testName="Test_deletion_of_Data_when_RunData_is_deleted" computerName="2TAFFY" duration="00:00:01.4139163" startTime="2012-03-31T22:25:39.4169921-04:00" endTime="2012-03-31T22:25:40.8388671-04:00" testType="13cdc9d9-ddb5-4fa4-a97d-d965ccfc6d4b" outcome="Passed" testListId="8c84fa94-04c1-424b-9868-57a2d4851a1d" relativeResultsDirectory="a9d4afdd-3a24-4a28-8754-d8e1a89508a4">
    </UnitTestResult>
    <UnitTestResult executionId="7ae396ed-e868-4a8b-b9ac-32979e28fd82" testId="fcc1cf6f-7aa7-aba7-85b7-6188ff53d476" testName="Test_deletion_of_DataLabels_when_RunData_is_deleted" computerName="2TAFFY" duration="00:00:01.3772681" startTime="2012-03-31T22:25:40.8388671-04:00" endTime="2012-03-31T22:25:42.2294921-04:00" testType="13cdc9d9-ddb5-4fa4-a97d-d965ccfc6d4b" outcome="Failed" testListId="8c84fa94-04c1-424b-9868-57a2d4851a1d" relativeResultsDirectory="7ae396ed-e868-4a8b-b9ac-32979e28fd82">
      <Output>
        <ErrorInfo>
          <Message>Assert.IsNotNull failed. </Message>
          <StackTrace>   at Solarsplash_Dataviewer.Tests.SolarsplashEntitiesTest.Test_deletion_of_DataLabels_when_RunData_is_deleted() in C:\Users\Steven\Documents\Visual Studio 2010\Projects\Solarsplash Dataviewer\Solarsplash Dataviewer.Tests\SolarsplashEntitiesTest.cs:line 82
</StackTrace>
        </ErrorInfo>
      </Output>
    </UnitTestResult>
  </Results>
</TestRun>