<?xml version="1.0" encoding="UTF-8"?>
<TestRun id="b91f6453-71a7-4e05-b2b6-c9457dc66ac2" name="Steven@2TAFFY 2012-02-25 22:56:01" runUser="2taffy\Steven" xmlns="http://microsoft.com/schemas/VisualStudio/TeamTest/2010">
  <TestSettings name="Default Test Settings" id="8aa80c6d-b22c-4bbb-96e1-82cf18dc7a5a">
    <Deployment runDeploymentRoot="Steven_2TAFFY 2012-02-25 22_56_01">
      <DeploymentItem filename="C:\Users\Steven\Documents\Visual Studio 2010\Projects\Solarsplash Dataviewer\Solarsplash Dataviewer\bin\Solarsplash Dataviewer.dll" />
      <DeploymentItem filename="C:\Users\Steven\Documents\Visual Studio 2010\Projects\Solarsplash Dataviewer\Solarsplash Dataviewer.Tests\bin\Debug\EntityFramework.dll" />
    </Deployment>
    <Execution>
      <TestTypeSpecific />
      <AgentRule name="Execution Agents">
      </AgentRule>
    </Execution>
  </TestSettings>
  <Times creation="2012-02-25T22:56:01.9580078-05:00" queuing="2012-02-25T22:56:04.1679687-05:00" start="2012-02-25T22:56:04.5175781-05:00" finish="2012-02-25T22:56:39.6406250-05:00" />
  <ResultSummary outcome="Error">
    <Counters total="1" executed="1" error="0" failed="0" timeout="0" aborted="1" inconclusive="0" passedButRunAborted="0" notRunnable="0" notExecuted="0" disconnected="0" warning="0" passed="0" completed="0" inProgress="0" pending="0" />
    <RunInfos>
      <RunInfo computerName="2TAFFY" outcome="Error" timestamp="2012-02-25T22:56:39.6367187-05:00">
        <Text>Test host process exited unexpectedly.</Text>
      </RunInfo>
    </RunInfos>
  </ResultSummary>
  <TestDefinitions>
    <UnitTest name="Get_RunData_objectTest" storage="c:\users\steven\documents\visual studio 2010\projects\solarsplash dataviewer\solarsplash dataviewer.tests\bin\debug\solarsplash dataviewer.tests.dll" id="2eb25e41-ea7c-d330-4dbe-fa22ff3d1479">
      <Execution id="57ae6a77-ef41-48ea-ac15-9ea204a3b83a" />
      <TestMethod codeBase="C:/Users/Steven/Documents/Visual Studio 2010/Projects/Solarsplash Dataviewer/Solarsplash Dataviewer.Tests/bin/Debug/Solarsplash Dataviewer.Tests.DLL" adapterTypeName="Microsoft.VisualStudio.TestTools.TestTypes.Unit.UnitTestAdapter, Microsoft.VisualStudio.QualityTools.Tips.UnitTest.Adapter, Version=10.0.0.0, Culture=neutral, PublicKeyToken=b03f5f7f11d50a3a" className="Solarsplash_Dataviewer.Tests.EF_RunDataRepositoryTest, Solarsplash Dataviewer.Tests, Version=1.0.0.0, Culture=neutral, PublicKeyToken=null" name="Get_RunData_objectTest" />
    </UnitTest>
  </TestDefinitions>
  <TestLists>
    <TestList name="Results Not in a List" id="8c84fa94-04c1-424b-9868-57a2d4851a1d" />
    <TestList name="All Loaded Results" id="19431567-8539-422a-85d7-44ee4e166bda" />
  </TestLists>
  <TestEntries>
    <TestEntry testId="2eb25e41-ea7c-d330-4dbe-fa22ff3d1479" executionId="57ae6a77-ef41-48ea-ac15-9ea204a3b83a" testListId="8c84fa94-04c1-424b-9868-57a2d4851a1d" />
  </TestEntries>
  <Results>
    <UnitTestResult executionId="57ae6a77-ef41-48ea-ac15-9ea204a3b83a" testId="2eb25e41-ea7c-d330-4dbe-fa22ff3d1479" testName="Get_RunData_objectTest" computerName="2TAFFY" duration="00:00:34.8466797" startTime="2012-02-25T22:56:04.7939453-05:00" endTime="2012-02-25T22:56:39.6406250-05:00" testType="13cdc9d9-ddb5-4fa4-a97d-d965ccfc6d4b" outcome="Aborted" testListId="8c84fa94-04c1-424b-9868-57a2d4851a1d" relativeResultsDirectory="57ae6a77-ef41-48ea-ac15-9ea204a3b83a">
    </UnitTestResult>
  </Results>
</TestRun>