<?xml version="1.0" encoding="UTF-8"?>
<TestRun id="0f70efd3-0789-422b-9723-022d5d034156" name="Steven@2TAFFY 2012-02-25 23:11:21" runUser="2taffy\Steven" xmlns="http://microsoft.com/schemas/VisualStudio/TeamTest/2010">
  <TestSettings name="Default Test Settings" id="e603dbcc-8c66-4471-9000-9d2a1dda5bd4">
    <Deployment runDeploymentRoot="Steven_2TAFFY 2012-02-25 23_11_21">
      <DeploymentItem filename="C:\Users\Steven\Documents\Visual Studio 2010\Projects\Solarsplash Dataviewer\Solarsplash Dataviewer\bin\Solarsplash Dataviewer.dll" />
      <DeploymentItem filename="C:\Users\Steven\Documents\Visual Studio 2010\Projects\Solarsplash Dataviewer\Solarsplash Dataviewer.Tests\bin\Debug\EntityFramework.dll" />
    </Deployment>
    <Execution>
      <TestTypeSpecific />
      <AgentRule name="Execution Agents">
      </AgentRule>
    </Execution>
  </TestSettings>
  <Times creation="2012-02-25T23:11:21.7978515-05:00" queuing="2012-02-25T23:11:23.8183593-05:00" start="2012-02-25T23:11:24.1396484-05:00" finish="2012-02-25T23:11:42.7539062-05:00" />
  <ResultSummary outcome="Error">
    <Counters total="1" executed="1" error="0" failed="0" timeout="0" aborted="1" inconclusive="0" passedButRunAborted="0" notRunnable="0" notExecuted="0" disconnected="0" warning="0" passed="0" completed="0" inProgress="0" pending="0" />
    <RunInfos>
      <RunInfo computerName="2TAFFY" outcome="Error" timestamp="2012-02-25T23:11:42.7500000-05:00">
        <Text>Test host process exited unexpectedly.</Text>
      </RunInfo>
    </RunInfos>
  </ResultSummary>
  <TestDefinitions>
    <UnitTest name="Get_RunData_objectTest" storage="c:\users\steven\documents\visual studio 2010\projects\solarsplash dataviewer\solarsplash dataviewer.tests\bin\debug\solarsplash dataviewer.tests.dll" id="2eb25e41-ea7c-d330-4dbe-fa22ff3d1479">
      <Execution id="6f2bbd2f-71da-4be2-a9d9-2eacffb8b824" />
      <TestMethod codeBase="C:/Users/Steven/Documents/Visual Studio 2010/Projects/Solarsplash Dataviewer/Solarsplash Dataviewer.Tests/bin/Debug/Solarsplash Dataviewer.Tests.DLL" adapterTypeName="Microsoft.VisualStudio.TestTools.TestTypes.Unit.UnitTestAdapter, Microsoft.VisualStudio.QualityTools.Tips.UnitTest.Adapter, Version=10.0.0.0, Culture=neutral, PublicKeyToken=b03f5f7f11d50a3a" className="Solarsplash_Dataviewer.Tests.EF_RunDataRepositoryTest, Solarsplash Dataviewer.Tests, Version=1.0.0.0, Culture=neutral, PublicKeyToken=null" name="Get_RunData_objectTest" />
    </UnitTest>
  </TestDefinitions>
  <TestLists>
    <TestList name="Results Not in a List" id="8c84fa94-04c1-424b-9868-57a2d4851a1d" />
    <TestList name="All Loaded Results" id="19431567-8539-422a-85d7-44ee4e166bda" />
  </TestLists>
  <TestEntries>
    <TestEntry testId="2eb25e41-ea7c-d330-4dbe-fa22ff3d1479" executionId="6f2bbd2f-71da-4be2-a9d9-2eacffb8b824" testListId="8c84fa94-04c1-424b-9868-57a2d4851a1d" />
  </TestEntries>
  <Results>
    <UnitTestResult executionId="6f2bbd2f-71da-4be2-a9d9-2eacffb8b824" testId="2eb25e41-ea7c-d330-4dbe-fa22ff3d1479" testName="Get_RunData_objectTest" computerName="2TAFFY" duration="00:00:18.3388672" startTime="2012-02-25T23:11:24.4130859-05:00" endTime="2012-02-25T23:11:42.7519531-05:00" testType="13cdc9d9-ddb5-4fa4-a97d-d965ccfc6d4b" outcome="Aborted" testListId="8c84fa94-04c1-424b-9868-57a2d4851a1d" relativeResultsDirectory="6f2bbd2f-71da-4be2-a9d9-2eacffb8b824">
    </UnitTestResult>
  </Results>
</TestRun>