<?xml version="1.0" encoding="UTF-8"?>
<TestRun id="334b7df6-56c2-4fb6-afae-07b33266f169" name="Steven@2TAFFY 2012-02-18 17:14:25" runUser="2taffy\Steven" xmlns="http://microsoft.com/schemas/VisualStudio/TeamTest/2010">
  <TestSettings name="Default Test Settings" id="3abc2a88-3f2d-4a88-8d80-5fc926f4e42e">
    <Deployment runDeploymentRoot="Steven_2TAFFY 2012-02-18 17_14_25">
      <DeploymentItem filename="C:\Users\Steven\Documents\Visual Studio 2010\Projects\Solarsplash Dataviewer\Solarsplash Dataviewer\bin\Solarsplash Dataviewer.dll" />
      <DeploymentItem filename="C:\Users\Steven\Documents\Visual Studio 2010\Projects\Solarsplash Dataviewer\Solarsplash Dataviewer.Tests\bin\Debug\EntityFramework.dll" />
    </Deployment>
    <Execution>
      <TestTypeSpecific />
      <AgentRule name="Execution Agents">
      </AgentRule>
    </Execution>
  </TestSettings>
  <Times creation="2012-02-18T17:14:25.4316406-05:00" queuing="2012-02-18T17:14:26.2285156-05:00" start="2012-02-18T17:14:26.3066406-05:00" finish="2012-02-18T17:14:31.9941406-05:00" />
  <ResultSummary outcome="Failed">
    <Counters total="11" executed="11" passed="9" error="0" failed="2" timeout="0" aborted="0" inconclusive="0" passedButRunAborted="0" notRunnable="0" notExecuted="0" disconnected="0" warning="0" completed="0" inProgress="0" pending="0" />
  </ResultSummary>
  <TestDefinitions>
    <UnitTest name="getAverageTest" storage="c:\users\steven\documents\visual studio 2010\projects\solarsplash dataviewer\solarsplash dataviewer.tests\bin\debug\solarsplash dataviewer.tests.dll" id="8e3668e6-5ca4-f0c4-0089-5268b49c90f0">
      <DeploymentItems>
        <DeploymentItem filename="Solarsplash Dataviewer.dll" />
      </DeploymentItems>
      <Execution id="38cb3329-4c90-4d5e-a848-976c8cc6b388" />
      <TestMethod codeBase="C:/Users/Steven/Documents/Visual Studio 2010/Projects/Solarsplash Dataviewer/Solarsplash Dataviewer.Tests/bin/Debug/Solarsplash Dataviewer.Tests.DLL" adapterTypeName="Microsoft.VisualStudio.TestTools.TestTypes.Unit.UnitTestAdapter, Microsoft.VisualStudio.QualityTools.Tips.UnitTest.Adapter, Version=10.0.0.0, Culture=neutral, PublicKeyToken=b03f5f7f11d50a3a" className="Solarsplash_Dataviewer.Tests.AveragerTest, Solarsplash Dataviewer.Tests, Version=1.0.0.0, Culture=neutral, PublicKeyToken=null" name="getAverageTest" />
    </UnitTest>
    <UnitTest name="getLastFewAverageTest" storage="c:\users\steven\documents\visual studio 2010\projects\solarsplash dataviewer\solarsplash dataviewer.tests\bin\debug\solarsplash dataviewer.tests.dll" id="e2da6808-d8cf-0981-42b8-768f80e3a44a">
      <Execution id="0e04b892-7525-4dfe-8a53-21463805d3aa" />
      <TestMethod codeBase="C:/Users/Steven/Documents/Visual Studio 2010/Projects/Solarsplash Dataviewer/Solarsplash Dataviewer.Tests/bin/Debug/Solarsplash Dataviewer.Tests.DLL" adapterTypeName="Microsoft.VisualStudio.TestTools.TestTypes.Unit.UnitTestAdapter, Microsoft.VisualStudio.QualityTools.Tips.UnitTest.Adapter, Version=10.0.0.0, Culture=neutral, PublicKeyToken=b03f5f7f11d50a3a" className="Solarsplash_Dataviewer.Tests.AveragerTest, Solarsplash Dataviewer.Tests, Version=1.0.0.0, Culture=neutral, PublicKeyToken=null" name="getLastFewAverageTest" />
    </UnitTest>
    <UnitTest name="Index" storage="c:\users\steven\documents\visual studio 2010\projects\solarsplash dataviewer\solarsplash dataviewer.tests\bin\debug\solarsplash dataviewer.tests.dll" id="af1388b0-4847-1118-ee40-47d21b95fceb">
      <Execution id="5f58d075-504e-49a8-ae22-8d796972a422" />
      <TestMethod codeBase="C:/Users/Steven/Documents/Visual Studio 2010/Projects/Solarsplash Dataviewer/Solarsplash Dataviewer.Tests/bin/Debug/Solarsplash Dataviewer.Tests.DLL" adapterTypeName="Microsoft.VisualStudio.TestTools.TestTypes.Unit.UnitTestAdapter, Microsoft.VisualStudio.QualityTools.Tips.UnitTest.Adapter, Version=10.0.0.0, Culture=neutral, PublicKeyToken=b03f5f7f11d50a3a" className="Solarsplash_Dataviewer.Tests.Controllers.HomeControllerTest, Solarsplash Dataviewer.Tests, Version=1.0.0.0, Culture=neutral, PublicKeyToken=null" name="Index" />
    </UnitTest>
    <UnitTest name="readDataLabelsTest" storage="c:\users\steven\documents\visual studio 2010\projects\solarsplash dataviewer\solarsplash dataviewer.tests\bin\debug\solarsplash dataviewer.tests.dll" id="d15e0780-8a76-d04b-eb0b-27de33671791">
      <DeploymentItems>
        <DeploymentItem filename="Solarsplash Dataviewer.dll" />
      </DeploymentItems>
      <Execution id="59fd19e0-8aae-4510-aeca-266c74b43865" />
      <TestMethod codeBase="C:/Users/Steven/Documents/Visual Studio 2010/Projects/Solarsplash Dataviewer/Solarsplash Dataviewer.Tests/bin/Debug/Solarsplash Dataviewer.Tests.DLL" adapterTypeName="Microsoft.VisualStudio.TestTools.TestTypes.Unit.UnitTestAdapter, Microsoft.VisualStudio.QualityTools.Tips.UnitTest.Adapter, Version=10.0.0.0, Culture=neutral, PublicKeyToken=b03f5f7f11d50a3a" className="Solarsplash_Dataviewer.Tests.CSVToDataTest, Solarsplash Dataviewer.Tests, Version=1.0.0.0, Culture=neutral, PublicKeyToken=null" name="readDataLabelsTest" />
    </UnitTest>
    <UnitTest name="About" storage="c:\users\steven\documents\visual studio 2010\projects\solarsplash dataviewer\solarsplash dataviewer.tests\bin\debug\solarsplash dataviewer.tests.dll" id="742ecd9b-4223-8fd5-5396-765d0ac32906">
      <Execution id="b7ece380-f6d1-409c-ba89-260e8208cb34" />
      <TestMethod codeBase="C:/Users/Steven/Documents/Visual Studio 2010/Projects/Solarsplash Dataviewer/Solarsplash Dataviewer.Tests/bin/Debug/Solarsplash Dataviewer.Tests.DLL" adapterTypeName="Microsoft.VisualStudio.TestTools.TestTypes.Unit.UnitTestAdapter, Microsoft.VisualStudio.QualityTools.Tips.UnitTest.Adapter, Version=10.0.0.0, Culture=neutral, PublicKeyToken=b03f5f7f11d50a3a" className="Solarsplash_Dataviewer.Tests.Controllers.HomeControllerTest, Solarsplash Dataviewer.Tests, Version=1.0.0.0, Culture=neutral, PublicKeyToken=null" name="About" />
    </UnitTest>
    <UnitTest name="createRunDataInDB_if_neededTest" storage="c:\users\steven\documents\visual studio 2010\projects\solarsplash dataviewer\solarsplash dataviewer.tests\bin\debug\solarsplash dataviewer.tests.dll" id="72d06a12-08b2-953d-0e94-12e87c2c5b3c">
      <DeploymentItems>
        <DeploymentItem filename="Solarsplash Dataviewer.dll" />
      </DeploymentItems>
      <Execution id="22ebc9ab-ad83-492a-88c4-108077656a6a" />
      <TestMethod codeBase="C:/Users/Steven/Documents/Visual Studio 2010/Projects/Solarsplash Dataviewer/Solarsplash Dataviewer.Tests/bin/Debug/Solarsplash Dataviewer.Tests.DLL" adapterTypeName="Microsoft.VisualStudio.TestTools.TestTypes.Unit.UnitTestAdapter, Microsoft.VisualStudio.QualityTools.Tips.UnitTest.Adapter, Version=10.0.0.0, Culture=neutral, PublicKeyToken=b03f5f7f11d50a3a" className="Solarsplash_Dataviewer.Tests.POST_DataControllerTest, Solarsplash Dataviewer.Tests, Version=1.0.0.0, Culture=neutral, PublicKeyToken=null" name="createRunDataInDB_if_neededTest" />
    </UnitTest>
    <UnitTest name="readFileToDBTest" storage="c:\users\steven\documents\visual studio 2010\projects\solarsplash dataviewer\solarsplash dataviewer.tests\bin\debug\solarsplash dataviewer.tests.dll" id="6ec59e4e-aa64-d0f7-090f-993fb9f02a5c">
      <DeploymentItems>
        <DeploymentItem filename="Solarsplash Dataviewer.dll" />
      </DeploymentItems>
      <Execution id="af1c46ec-4742-4128-9936-cf4ebdb59a69" />
      <TestMethod codeBase="C:/Users/Steven/Documents/Visual Studio 2010/Projects/Solarsplash Dataviewer/Solarsplash Dataviewer.Tests/bin/Debug/Solarsplash Dataviewer.Tests.DLL" adapterTypeName="Microsoft.VisualStudio.TestTools.TestTypes.Unit.UnitTestAdapter, Microsoft.VisualStudio.QualityTools.Tips.UnitTest.Adapter, Version=10.0.0.0, Culture=neutral, PublicKeyToken=b03f5f7f11d50a3a" className="Solarsplash_Dataviewer.Tests.CSVToDataTest, Solarsplash Dataviewer.Tests, Version=1.0.0.0, Culture=neutral, PublicKeyToken=null" name="readFileToDBTest" />
    </UnitTest>
    <UnitTest name="extractDataTest" storage="c:\users\steven\documents\visual studio 2010\projects\solarsplash dataviewer\solarsplash dataviewer.tests\bin\debug\solarsplash dataviewer.tests.dll" id="4e1a03c8-37bf-ba18-77c0-c8ebe424550d">
      <DeploymentItems>
        <DeploymentItem filename="Solarsplash Dataviewer.dll" />
      </DeploymentItems>
      <Execution id="b37ac092-0bdf-45a5-94ea-d55e1876634b" />
      <TestMethod codeBase="C:/Users/Steven/Documents/Visual Studio 2010/Projects/Solarsplash Dataviewer/Solarsplash Dataviewer.Tests/bin/Debug/Solarsplash Dataviewer.Tests.DLL" adapterTypeName="Microsoft.VisualStudio.TestTools.TestTypes.Unit.UnitTestAdapter, Microsoft.VisualStudio.QualityTools.Tips.UnitTest.Adapter, Version=10.0.0.0, Culture=neutral, PublicKeyToken=b03f5f7f11d50a3a" className="Solarsplash_Dataviewer.Tests.DataExtractorTest, Solarsplash Dataviewer.Tests, Version=1.0.0.0, Culture=neutral, PublicKeyToken=null" name="extractDataTest" />
    </UnitTest>
    <UnitTest name="getDataPositionTest" storage="c:\users\steven\documents\visual studio 2010\projects\solarsplash dataviewer\solarsplash dataviewer.tests\bin\debug\solarsplash dataviewer.tests.dll" id="d486ce53-faf2-493c-fb8a-50cdb8b7dfd0">
      <DeploymentItems>
        <DeploymentItem filename="Solarsplash Dataviewer.dll" />
      </DeploymentItems>
      <Execution id="72348b02-f84e-4582-8327-6e058df581e1" />
      <TestMethod codeBase="C:/Users/Steven/Documents/Visual Studio 2010/Projects/Solarsplash Dataviewer/Solarsplash Dataviewer.Tests/bin/Debug/Solarsplash Dataviewer.Tests.DLL" adapterTypeName="Microsoft.VisualStudio.TestTools.TestTypes.Unit.UnitTestAdapter, Microsoft.VisualStudio.QualityTools.Tips.UnitTest.Adapter, Version=10.0.0.0, Culture=neutral, PublicKeyToken=b03f5f7f11d50a3a" className="Solarsplash_Dataviewer.Tests.DataExtractorTest, Solarsplash Dataviewer.Tests, Version=1.0.0.0, Culture=neutral, PublicKeyToken=null" name="getDataPositionTest" />
    </UnitTest>
    <UnitTest name="getTotalAverageTest" storage="c:\users\steven\documents\visual studio 2010\projects\solarsplash dataviewer\solarsplash dataviewer.tests\bin\debug\solarsplash dataviewer.tests.dll" id="ad583741-8555-8ff8-3f5b-a1bb3cbeeaad">
      <Execution id="2ca1921a-f523-423e-9833-eaea54db3e86" />
      <TestMethod codeBase="C:/Users/Steven/Documents/Visual Studio 2010/Projects/Solarsplash Dataviewer/Solarsplash Dataviewer.Tests/bin/Debug/Solarsplash Dataviewer.Tests.DLL" adapterTypeName="Microsoft.VisualStudio.TestTools.TestTypes.Unit.UnitTestAdapter, Microsoft.VisualStudio.QualityTools.Tips.UnitTest.Adapter, Version=10.0.0.0, Culture=neutral, PublicKeyToken=b03f5f7f11d50a3a" className="Solarsplash_Dataviewer.Tests.AveragerTest, Solarsplash Dataviewer.Tests, Version=1.0.0.0, Culture=neutral, PublicKeyToken=null" name="getTotalAverageTest" />
    </UnitTest>
    <UnitTest name="addRunElementToDBTest" storage="c:\users\steven\documents\visual studio 2010\projects\solarsplash dataviewer\solarsplash dataviewer.tests\bin\debug\solarsplash dataviewer.tests.dll" id="68403355-cbac-cc02-9be3-e31bac6c2b85">
      <DeploymentItems>
        <DeploymentItem filename="Solarsplash Dataviewer.dll" />
      </DeploymentItems>
      <Execution id="e693395a-43f4-4d7d-b6d4-62b68c59b614" />
      <TestMethod codeBase="C:/Users/Steven/Documents/Visual Studio 2010/Projects/Solarsplash Dataviewer/Solarsplash Dataviewer.Tests/bin/Debug/Solarsplash Dataviewer.Tests.DLL" adapterTypeName="Microsoft.VisualStudio.TestTools.TestTypes.Unit.UnitTestAdapter, Microsoft.VisualStudio.QualityTools.Tips.UnitTest.Adapter, Version=10.0.0.0, Culture=neutral, PublicKeyToken=b03f5f7f11d50a3a" className="Solarsplash_Dataviewer.Tests.POST_DataControllerTest, Solarsplash Dataviewer.Tests, Version=1.0.0.0, Culture=neutral, PublicKeyToken=null" name="addRunElementToDBTest" />
    </UnitTest>
  </TestDefinitions>
  <TestLists>
    <TestList name="Results Not in a List" id="8c84fa94-04c1-424b-9868-57a2d4851a1d" />
    <TestList name="All Loaded Results" id="19431567-8539-422a-85d7-44ee4e166bda" />
  </TestLists>
  <TestEntries>
    <TestEntry testId="4e1a03c8-37bf-ba18-77c0-c8ebe424550d" executionId="b37ac092-0bdf-45a5-94ea-d55e1876634b" testListId="8c84fa94-04c1-424b-9868-57a2d4851a1d" />
    <TestEntry testId="68403355-cbac-cc02-9be3-e31bac6c2b85" executionId="e693395a-43f4-4d7d-b6d4-62b68c59b614" testListId="8c84fa94-04c1-424b-9868-57a2d4851a1d" />
    <TestEntry testId="6ec59e4e-aa64-d0f7-090f-993fb9f02a5c" executionId="af1c46ec-4742-4128-9936-cf4ebdb59a69" testListId="8c84fa94-04c1-424b-9868-57a2d4851a1d" />
    <TestEntry testId="72d06a12-08b2-953d-0e94-12e87c2c5b3c" executionId="22ebc9ab-ad83-492a-88c4-108077656a6a" testListId="8c84fa94-04c1-424b-9868-57a2d4851a1d" />
    <TestEntry testId="742ecd9b-4223-8fd5-5396-765d0ac32906" executionId="b7ece380-f6d1-409c-ba89-260e8208cb34" testListId="8c84fa94-04c1-424b-9868-57a2d4851a1d" />
    <TestEntry testId="8e3668e6-5ca4-f0c4-0089-5268b49c90f0" executionId="38cb3329-4c90-4d5e-a848-976c8cc6b388" testListId="8c84fa94-04c1-424b-9868-57a2d4851a1d" />
    <TestEntry testId="ad583741-8555-8ff8-3f5b-a1bb3cbeeaad" executionId="2ca1921a-f523-423e-9833-eaea54db3e86" testListId="8c84fa94-04c1-424b-9868-57a2d4851a1d" />
    <TestEntry testId="af1388b0-4847-1118-ee40-47d21b95fceb" executionId="5f58d075-504e-49a8-ae22-8d796972a422" testListId="8c84fa94-04c1-424b-9868-57a2d4851a1d" />
    <TestEntry testId="d15e0780-8a76-d04b-eb0b-27de33671791" executionId="59fd19e0-8aae-4510-aeca-266c74b43865" testListId="8c84fa94-04c1-424b-9868-57a2d4851a1d" />
    <TestEntry testId="d486ce53-faf2-493c-fb8a-50cdb8b7dfd0" executionId="72348b02-f84e-4582-8327-6e058df581e1" testListId="8c84fa94-04c1-424b-9868-57a2d4851a1d" />
    <TestEntry testId="e2da6808-d8cf-0981-42b8-768f80e3a44a" executionId="0e04b892-7525-4dfe-8a53-21463805d3aa" testListId="8c84fa94-04c1-424b-9868-57a2d4851a1d" />
  </TestEntries>
  <Results>
    <UnitTestResult executionId="b37ac092-0bdf-45a5-94ea-d55e1876634b" testId="4e1a03c8-37bf-ba18-77c0-c8ebe424550d" testName="extractDataTest" computerName="2TAFFY" duration="00:00:00.0666093" startTime="2012-02-18T17:14:26.3847656-05:00" endTime="2012-02-18T17:14:27.0097656-05:00" testType="13cdc9d9-ddb5-4fa4-a97d-d965ccfc6d4b" outcome="Passed" testListId="8c84fa94-04c1-424b-9868-57a2d4851a1d" relativeResultsDirectory="b37ac092-0bdf-45a5-94ea-d55e1876634b">
    </UnitTestResult>
    <UnitTestResult executionId="e693395a-43f4-4d7d-b6d4-62b68c59b614" testId="68403355-cbac-cc02-9be3-e31bac6c2b85" testName="addRunElementToDBTest" computerName="2TAFFY" duration="00:00:02.9491423" startTime="2012-02-18T17:14:27.0253906-05:00" endTime="2012-02-18T17:14:29.9785156-05:00" testType="13cdc9d9-ddb5-4fa4-a97d-d965ccfc6d4b" outcome="Failed" testListId="8c84fa94-04c1-424b-9868-57a2d4851a1d" relativeResultsDirectory="e693395a-43f4-4d7d-b6d4-62b68c59b614">
      <Output>
        <ErrorInfo>
          <Message>Assert.IsNull failed. </Message>
          <StackTrace>   at Solarsplash_Dataviewer.Tests.POST_DataControllerTest.addRunElementToDBTest() in C:\Users\Steven\Documents\Visual Studio 2010\Projects\Solarsplash Dataviewer\Solarsplash Dataviewer.Tests\POST_DataControllerTest.cs:line 105
</StackTrace>
        </ErrorInfo>
      </Output>
    </UnitTestResult>
    <UnitTestResult executionId="af1c46ec-4742-4128-9936-cf4ebdb59a69" testId="6ec59e4e-aa64-d0f7-090f-993fb9f02a5c" testName="readFileToDBTest" computerName="2TAFFY" duration="00:00:00.0055392" startTime="2012-02-18T17:14:29.9941406-05:00" endTime="2012-02-18T17:14:30.0097656-05:00" testType="13cdc9d9-ddb5-4fa4-a97d-d965ccfc6d4b" outcome="Passed" testListId="8c84fa94-04c1-424b-9868-57a2d4851a1d" relativeResultsDirectory="af1c46ec-4742-4128-9936-cf4ebdb59a69">
    </UnitTestResult>
    <UnitTestResult executionId="22ebc9ab-ad83-492a-88c4-108077656a6a" testId="72d06a12-08b2-953d-0e94-12e87c2c5b3c" testName="createRunDataInDB_if_neededTest" computerName="2TAFFY" duration="00:00:00.0652723" startTime="2012-02-18T17:14:30.0097656-05:00" endTime="2012-02-18T17:14:30.0878906-05:00" testType="13cdc9d9-ddb5-4fa4-a97d-d965ccfc6d4b" outcome="Failed" testListId="8c84fa94-04c1-424b-9868-57a2d4851a1d" relativeResultsDirectory="22ebc9ab-ad83-492a-88c4-108077656a6a">
      <Output>
        <ErrorInfo>
          <Message>Assert.AreEqual failed. Expected:&lt;True&gt;. Actual:&lt;False&gt;. </Message>
          <StackTrace>   at Solarsplash_Dataviewer.Tests.POST_DataControllerTest.createRunDataInDB_if_neededTest() in C:\Users\Steven\Documents\Visual Studio 2010\Projects\Solarsplash Dataviewer\Solarsplash Dataviewer.Tests\POST_DataControllerTest.cs:line 123
</StackTrace>
        </ErrorInfo>
      </Output>
    </UnitTestResult>
    <UnitTestResult executionId="b7ece380-f6d1-409c-ba89-260e8208cb34" testId="742ecd9b-4223-8fd5-5396-765d0ac32906" testName="About" computerName="2TAFFY" duration="00:00:00.0079113" startTime="2012-02-18T17:14:30.1035156-05:00" endTime="2012-02-18T17:14:30.1347656-05:00" testType="13cdc9d9-ddb5-4fa4-a97d-d965ccfc6d4b" outcome="Passed" testListId="8c84fa94-04c1-424b-9868-57a2d4851a1d" relativeResultsDirectory="b7ece380-f6d1-409c-ba89-260e8208cb34">
    </UnitTestResult>
    <UnitTestResult executionId="38cb3329-4c90-4d5e-a848-976c8cc6b388" testId="8e3668e6-5ca4-f0c4-0089-5268b49c90f0" testName="getAverageTest" computerName="2TAFFY" duration="00:00:00.0034827" startTime="2012-02-18T17:14:30.1347656-05:00" endTime="2012-02-18T17:14:30.1503906-05:00" testType="13cdc9d9-ddb5-4fa4-a97d-d965ccfc6d4b" outcome="Passed" testListId="8c84fa94-04c1-424b-9868-57a2d4851a1d" relativeResultsDirectory="38cb3329-4c90-4d5e-a848-976c8cc6b388">
    </UnitTestResult>
    <UnitTestResult executionId="2ca1921a-f523-423e-9833-eaea54db3e86" testId="ad583741-8555-8ff8-3f5b-a1bb3cbeeaad" testName="getTotalAverageTest" computerName="2TAFFY" duration="00:00:00.0008017" startTime="2012-02-18T17:14:30.1503906-05:00" endTime="2012-02-18T17:14:30.1503906-05:00" testType="13cdc9d9-ddb5-4fa4-a97d-d965ccfc6d4b" outcome="Passed" testListId="8c84fa94-04c1-424b-9868-57a2d4851a1d" relativeResultsDirectory="2ca1921a-f523-423e-9833-eaea54db3e86">
    </UnitTestResult>
    <UnitTestResult executionId="5f58d075-504e-49a8-ae22-8d796972a422" testId="af1388b0-4847-1118-ee40-47d21b95fceb" testName="Index" computerName="2TAFFY" duration="00:00:00.0662057" startTime="2012-02-18T17:14:30.1660156-05:00" endTime="2012-02-18T17:14:30.2441406-05:00" testType="13cdc9d9-ddb5-4fa4-a97d-d965ccfc6d4b" outcome="Passed" testListId="8c84fa94-04c1-424b-9868-57a2d4851a1d" relativeResultsDirectory="5f58d075-504e-49a8-ae22-8d796972a422">
    </UnitTestResult>
    <UnitTestResult executionId="59fd19e0-8aae-4510-aeca-266c74b43865" testId="d15e0780-8a76-d04b-eb0b-27de33671791" testName="readDataLabelsTest" computerName="2TAFFY" duration="00:00:00.0009655" startTime="2012-02-18T17:14:30.2441406-05:00" endTime="2012-02-18T17:14:30.2441406-05:00" testType="13cdc9d9-ddb5-4fa4-a97d-d965ccfc6d4b" outcome="Passed" testListId="8c84fa94-04c1-424b-9868-57a2d4851a1d" relativeResultsDirectory="59fd19e0-8aae-4510-aeca-266c74b43865">
    </UnitTestResult>
    <UnitTestResult executionId="72348b02-f84e-4582-8327-6e058df581e1" testId="d486ce53-faf2-493c-fb8a-50cdb8b7dfd0" testName="getDataPositionTest" computerName="2TAFFY" duration="00:00:00.0027475" startTime="2012-02-18T17:14:30.2597656-05:00" endTime="2012-02-18T17:14:30.2597656-05:00" testType="13cdc9d9-ddb5-4fa4-a97d-d965ccfc6d4b" outcome="Passed" testListId="8c84fa94-04c1-424b-9868-57a2d4851a1d" relativeResultsDirectory="72348b02-f84e-4582-8327-6e058df581e1">
    </UnitTestResult>
    <UnitTestResult executionId="0e04b892-7525-4dfe-8a53-21463805d3aa" testId="e2da6808-d8cf-0981-42b8-768f80e3a44a" testName="getLastFewAverageTest" computerName="2TAFFY" duration="00:00:00.0013399" startTime="2012-02-18T17:14:30.2753906-05:00" endTime="2012-02-18T17:14:30.2753906-05:00" testType="13cdc9d9-ddb5-4fa4-a97d-d965ccfc6d4b" outcome="Passed" testListId="8c84fa94-04c1-424b-9868-57a2d4851a1d" relativeResultsDirectory="0e04b892-7525-4dfe-8a53-21463805d3aa">
    </UnitTestResult>
  </Results>
</TestRun>