<?xml version="1.0" encoding="UTF-8"?>
<TestRun id="ed6fbd22-9fec-42b7-a27d-b2fe9d2208ed" name="Steven@2TAFFY 2012-01-30 21:37:27" runUser="2taffy\Steven" xmlns="http://microsoft.com/schemas/VisualStudio/TeamTest/2010">
  <TestSettings name="Default Test Settings" id="9bfa1307-d91c-460e-8050-af53e4c18608">
    <Deployment userDeploymentRoot="c:\users\steven\documents\visual studio 2010\Projects\Solarsplash Dataviewer\TestResults" useDefaultDeploymentRoot="false" runDeploymentRoot="Steven_2TAFFY 2012-01-30 21_37_27">
      <DeploymentItem filename="c:\users\steven\documents\visual studio 2010\Projects\Solarsplash Dataviewer\Solarsplash Dataviewer\bin\Solarsplash Dataviewer.dll" />
      <DeploymentItem filename="c:\users\steven\documents\visual studio 2010\Projects\Solarsplash Dataviewer\Solarsplash Dataviewer.Tests\bin\Debug\EntityFramework.dll" />
    </Deployment>
    <Execution>
      <TestTypeSpecific />
      <AgentRule name="Execution Agents">
      </AgentRule>
    </Execution>
  </TestSettings>
  <Times creation="2012-01-30T21:37:27.0572735-05:00" queuing="2012-01-30T21:37:29.6637188-05:00" start="2012-01-30T21:37:30.0963360-05:00" finish="2012-01-30T21:37:50.6158672-05:00" />
  <ResultSummary outcome="Error">
    <Counters total="1" executed="1" error="0" failed="0" timeout="0" aborted="1" inconclusive="0" passedButRunAborted="0" notRunnable="0" notExecuted="0" disconnected="0" warning="0" passed="0" completed="0" inProgress="0" pending="0" />
    <RunInfos>
      <RunInfo computerName="2TAFFY" outcome="Error" timestamp="2012-01-30T21:37:50.6129375-05:00">
        <Text>Test host process exited unexpectedly.</Text>
      </RunInfo>
    </RunInfos>
  </ResultSummary>
  <TestDefinitions>
    <UnitTest name="readFileToDBTest" storage="c:\users\steven\documents\visual studio 2010\projects\solarsplash dataviewer\solarsplash dataviewer.tests\bin\debug\solarsplash dataviewer.tests.dll" id="499fc7d8-6886-2aa1-b049-7d3c4821a351">
      <DeploymentItems>
        <DeploymentItem filename="Solarsplash Dataviewer.dll" />
      </DeploymentItems>
      <Execution id="4a6a3e0b-2fb9-4b53-95f4-78579e0fa7bc" />
      <TestMethod codeBase="c:/users/steven/documents/visual studio 2010/Projects/Solarsplash Dataviewer/Solarsplash Dataviewer.Tests/bin/Debug/Solarsplash Dataviewer.Tests.DLL" adapterTypeName="Microsoft.VisualStudio.TestTools.TestTypes.Unit.UnitTestAdapter, Microsoft.VisualStudio.QualityTools.Tips.UnitTest.Adapter, Version=10.0.0.0, Culture=neutral, PublicKeyToken=b03f5f7f11d50a3a" className="Solarsplash_Dataviewer.Tests.CVSToDatabaseTest, Solarsplash Dataviewer.Tests, Version=1.0.0.0, Culture=neutral, PublicKeyToken=null" name="readFileToDBTest" />
    </UnitTest>
  </TestDefinitions>
  <TestLists>
    <TestList name="Results Not in a List" id="8c84fa94-04c1-424b-9868-57a2d4851a1d" />
    <TestList name="All Loaded Results" id="19431567-8539-422a-85d7-44ee4e166bda" />
  </TestLists>
  <TestEntries>
    <TestEntry testId="499fc7d8-6886-2aa1-b049-7d3c4821a351" executionId="4a6a3e0b-2fb9-4b53-95f4-78579e0fa7bc" testListId="8c84fa94-04c1-424b-9868-57a2d4851a1d" />
  </TestEntries>
  <Results>
    <UnitTestResult executionId="4a6a3e0b-2fb9-4b53-95f4-78579e0fa7bc" testId="499fc7d8-6886-2aa1-b049-7d3c4821a351" testName="readFileToDBTest" computerName="2TAFFY" duration="00:00:19.8554687" startTime="2012-01-30T21:37:30.7603985-05:00" endTime="2012-01-30T21:37:50.6158672-05:00" testType="13cdc9d9-ddb5-4fa4-a97d-d965ccfc6d4b" outcome="Aborted" testListId="8c84fa94-04c1-424b-9868-57a2d4851a1d" relativeResultsDirectory="4a6a3e0b-2fb9-4b53-95f4-78579e0fa7bc">
    </UnitTestResult>
  </Results>
</TestRun>